#
# There is insufficient memory for the Java Runtime Environment to continue.
# Native memory allocation (malloc) failed to allocate 1814416 bytes for Chunk::new
# Possible reasons:
#   The system is out of physical RAM or swap space
#   The process is running with CompressedOops enabled, and the Java Heap may be blocking the growth of the native heap
# Possible solutions:
#   Reduce memory load on the system
#   Increase physical memory or swap space
#   Check if swap backing store is full
#   Decrease Java heap size (-Xmx/-Xms)
#   Decrease number of Java threads
#   Decrease Java thread stack sizes (-Xss)
#   Set larger code cache with -XX:ReservedCodeCacheSize=
#   JVM is running with Unscaled Compressed Oops mode in which the Java heap is
#     placed in the first 4GB address space. The Java Heap base address is the
#     maximum limit for the native heap growth. Please use -XX:HeapBaseMinAddress
#     to set the Java Heap base and to place the Java Heap above 4GB virtual address.
# This output file may be truncated or incomplete.
#
#  Out of Memory Error (arena.cpp:191), pid=29808, tid=29336
#
# JRE version: OpenJDK Runtime Environment Temurin-17.0.9+9 (17.0.9+9) (build 17.0.9+9)
# Java VM: OpenJDK 64-Bit Server VM Temurin-17.0.9+9 (17.0.9+9, mixed mode, tiered, compressed oops, compressed class ptrs, parallel gc, windows-amd64)
# No core dump will be written. Minidumps are not enabled by default on client versions of Windows
#

---------------  S U M M A R Y ------------

Command Line: --add-modules=ALL-SYSTEM --add-opens=java.base/java.util=ALL-UNNAMED --add-opens=java.base/java.lang=ALL-UNNAMED --add-opens=java.base/sun.nio.fs=ALL-UNNAMED -Declipse.application=org.eclipse.jdt.ls.core.id1 -Dosgi.bundles.defaultStartLevel=4 -Declipse.product=org.eclipse.jdt.ls.core.product -Djava.import.generatesMetadataFilesAtProjectRoot=false -DDetectVMInstallationsJob.disabled=true -Dfile.encoding=utf8 -XX:+UseParallelGC -XX:GCTimeRatio=4 -XX:AdaptiveSizePolicyWeight=90 -Dsun.zip.disableMemoryMapping=true -Xmx1G -Xms100m -Xlog:disable -javaagent:c:\Users\Hasinjo\.vscode\extensions\redhat.java-1.26.0-win32-x64\lombok\lombok-1.18.31-3454.jar -XX:+HeapDumpOnOutOfMemoryError -XX:HeapDumpPath=c:\Users\Hasinjo\AppData\Roaming\Code\User\workspaceStorage\47e84844d8669df998fe121360fdeccc\redhat.java -Daether.dependencyCollector.impl=bf c:\Users\Hasinjo\.vscode\extensions\redhat.java-1.26.0-win32-x64\server\plugins\org.eclipse.equinox.launcher_1.6.700.v20231214-2017.jar -configuration c:\Users\Hasinjo\AppData\Roaming\Code\User\globalStorage\redhat.java\1.26.0\config_win -data c:\Users\Hasinjo\AppData\Roaming\Code\User\workspaceStorage\47e84844d8669df998fe121360fdeccc\redhat.java\jdt_ws --stdio

Host: Intel(R) Core(TM) i3-6006U CPU @ 2.00GHz, 4 cores, 3G,  Windows 11 , 64 bit Build 22000 (10.0.22000.2538)
Time: Mon Jan 29 17:44:57 2024 Pacifique elapsed time: 34.291345 seconds (0d 0h 0m 34s)

---------------  T H R E A D  ---------------

Current thread (0x000002765a2a1700):  JavaThread "C2 CompilerThread0" daemon [_thread_in_native, id=29336, stack(0x000000a3c3800000,0x000000a3c3900000)]


Current CompileTask:
C2:  34291 5328   !   4       org.eclipse.osgi.internal.loader.classpath.ClasspathManager::defineClass (636 bytes)

Stack: [0x000000a3c3800000,0x000000a3c3900000]
Native frames: (J=compiled Java code, j=interpreted, Vv=VM code, C=native code)
V  [jvm.dll+0x67cf49]
V  [jvm.dll+0x83478a]
V  [jvm.dll+0x83624e]
V  [jvm.dll+0x8368b3]
V  [jvm.dll+0x247f1f]
V  [jvm.dll+0xac43c]
V  [jvm.dll+0xaca8c]
V  [jvm.dll+0x367012]
V  [jvm.dll+0x3313ba]
V  [jvm.dll+0x33085a]
V  [jvm.dll+0x21a5b1]
V  [jvm.dll+0x2199d1]
V  [jvm.dll+0x1a57cd]
V  [jvm.dll+0x2297ae]
V  [jvm.dll+0x22797c]
V  [jvm.dll+0x7e9877]
V  [jvm.dll+0x7e3c3a]
V  [jvm.dll+0x67be35]
C  [ucrtbase.dll+0x26c0c]
C  [KERNEL32.DLL+0x153e0]
C  [ntdll.dll+0x485b]


---------------  P R O C E S S  ---------------

Threads class SMR info:
_java_thread_list=0x0000027660fb5ca0, length=24, elements={
0x0000027645c90a50, 0x000002765a280020, 0x000002765a281080, 0x000002765f47a080,
0x000002765f47ce10, 0x000002765f47da90, 0x000002765f47f5c0, 0x000002765a2a1700,
0x000002765f4c8280, 0x000002765f4cb410, 0x0000027645cf07f0, 0x000002765f799980,
0x000002765f63cec0, 0x0000027660068290, 0x0000027660068770, 0x00000276603f8ad0,
0x00000276603f85c0, 0x00000276603f7180, 0x00000276603f7690, 0x00000276603f80b0,
0x00000276603f8fe0, 0x00000276603f94f0, 0x00000276603f9a00, 0x00000276603f6c70
}

Java Threads: ( => current thread )
  0x0000027645c90a50 JavaThread "main" [_thread_blocked, id=28124, stack(0x000000a3c2f00000,0x000000a3c3000000)]
  0x000002765a280020 JavaThread "Reference Handler" daemon [_thread_blocked, id=28420, stack(0x000000a3c3200000,0x000000a3c3300000)]
  0x000002765a281080 JavaThread "Finalizer" daemon [_thread_blocked, id=30460, stack(0x000000a3c3300000,0x000000a3c3400000)]
  0x000002765f47a080 JavaThread "Signal Dispatcher" daemon [_thread_blocked, id=23600, stack(0x000000a3c3400000,0x000000a3c3500000)]
  0x000002765f47ce10 JavaThread "Attach Listener" daemon [_thread_blocked, id=29052, stack(0x000000a3c3500000,0x000000a3c3600000)]
  0x000002765f47da90 JavaThread "Service Thread" daemon [_thread_blocked, id=19228, stack(0x000000a3c3600000,0x000000a3c3700000)]
  0x000002765f47f5c0 JavaThread "Monitor Deflation Thread" daemon [_thread_blocked, id=26872, stack(0x000000a3c3700000,0x000000a3c3800000)]
=>0x000002765a2a1700 JavaThread "C2 CompilerThread0" daemon [_thread_in_native, id=29336, stack(0x000000a3c3800000,0x000000a3c3900000)]
  0x000002765f4c8280 JavaThread "C1 CompilerThread0" daemon [_thread_blocked, id=30336, stack(0x000000a3c3900000,0x000000a3c3a00000)]
  0x000002765f4cb410 JavaThread "Sweeper thread" daemon [_thread_blocked, id=22648, stack(0x000000a3c3a00000,0x000000a3c3b00000)]
  0x0000027645cf07f0 JavaThread "Common-Cleaner" daemon [_thread_blocked, id=29120, stack(0x000000a3c3b00000,0x000000a3c3c00000)]
  0x000002765f799980 JavaThread "Notification Thread" daemon [_thread_blocked, id=25148, stack(0x000000a3c3c00000,0x000000a3c3d00000)]
  0x000002765f63cec0 JavaThread "Active Thread: Equinox Container: 9a2d2d6d-7bec-4e58-acf8-734b3c532f5e" [_thread_blocked, id=30140, stack(0x000000a3c4100000,0x000000a3c4200000)]
  0x0000027660068290 JavaThread "Framework Event Dispatcher: Equinox Container: 9a2d2d6d-7bec-4e58-acf8-734b3c532f5e" daemon [_thread_blocked, id=25244, stack(0x000000a3c4200000,0x000000a3c4300000)]
  0x0000027660068770 JavaThread "Start Level: Equinox Container: 9a2d2d6d-7bec-4e58-acf8-734b3c532f5e" daemon [_thread_in_native, id=28892, stack(0x000000a3c4300000,0x000000a3c4400000)]
  0x00000276603f8ad0 JavaThread "Bundle File Closer" daemon [_thread_blocked, id=29628, stack(0x000000a3c4400000,0x000000a3c4500000)]
  0x00000276603f85c0 JavaThread "SCR Component Actor" daemon [_thread_blocked, id=23768, stack(0x000000a3c4500000,0x000000a3c4600000)]
  0x00000276603f7180 JavaThread "Worker-JM" [_thread_blocked, id=29736, stack(0x000000a3c4700000,0x000000a3c4800000)]
  0x00000276603f7690 JavaThread "Worker-0: Repository registry initialization" [_thread_in_native, id=27980, stack(0x000000a3c4800000,0x000000a3c4900000)]
  0x00000276603f80b0 JavaThread "Worker-1" [_thread_blocked, id=27340, stack(0x000000a3c4900000,0x000000a3c4a00000)]
  0x00000276603f8fe0 JavaThread "Worker-2: Building" [_thread_in_Java, id=30480, stack(0x000000a3c4a00000,0x000000a3c4b00000)]
  0x00000276603f94f0 JavaThread "Worker-3" [_thread_blocked, id=1192, stack(0x000000a3c4b00000,0x000000a3c4c00000)]
  0x00000276603f9a00 JavaThread "Java indexing" daemon [_thread_blocked, id=26384, stack(0x000000a3c4600000,0x000000a3c4700000)]
  0x00000276603f6c70 JavaThread "Worker-4" [_thread_blocked, id=5028, stack(0x000000a3c4d00000,0x000000a3c4e00000)]

Other Threads:
  0x0000027645d16ad0 VMThread "VM Thread" [stack: 0x000000a3c3100000,0x000000a3c3200000] [id=21344]
  0x000002765f799e60 WatcherThread [stack: 0x000000a3c3d00000,0x000000a3c3e00000] [id=30644]
  0x0000027645ca54f0 GCTaskThread "GC Thread#0" [stack: 0x000000a3c3000000,0x000000a3c3100000] [id=27300]
  0x000002765fcbc480 GCTaskThread "GC Thread#1" [stack: 0x000000a3c3e00000,0x000000a3c3f00000] [id=17196]
  0x000002765fcbc740 GCTaskThread "GC Thread#2" [stack: 0x000000a3c3f00000,0x000000a3c4000000] [id=27876]
  0x000002765fcbca00 GCTaskThread "GC Thread#3" [stack: 0x000000a3c4000000,0x000000a3c4100000] [id=29152]

Threads with active compile tasks:
C2 CompilerThread0    34366 5328   !   4       org.eclipse.osgi.internal.loader.classpath.ClasspathManager::defineClass (636 bytes)

VM state: not at safepoint (normal execution)

VM Mutex/Monitor currently owned by a thread: None

Heap address: 0x00000000c0000000, size: 1024 MB, Compressed Oops mode: 32-bit

CDS archive(s) not mapped
Compressed class space mapped at: 0x0000000100000000-0x0000000140000000, reserved size: 1073741824
Narrow klass base: 0x0000000000000000, Narrow klass shift: 3, Narrow klass range: 0x140000000

GC Precious Log:
 CPUs: 4 total, 4 available
 Memory: 4017M
 Large Page Support: Disabled
 NUMA Support: Disabled
 Compressed Oops: Enabled (32-bit)
 Alignments: Space 512K, Generation 512K, Heap 2M
 Heap Min Capacity: 100M
 Heap Initial Capacity: 100M
 Heap Max Capacity: 1G
 Pre-touch: Disabled
 Parallel Workers: 4

Heap:
 PSYoungGen      total 23552K, used 14037K [0x00000000eab00000, 0x00000000ec680000, 0x0000000100000000)
  eden space 22016K, 56% used [0x00000000eab00000,0x00000000eb738dd8,0x00000000ec080000)
  from space 1536K, 99% used [0x00000000ec480000,0x00000000ec5fc9b8,0x00000000ec600000)
  to   space 3072K, 0% used [0x00000000ec080000,0x00000000ec080000,0x00000000ec380000)
 ParOldGen       total 68608K, used 15828K [0x00000000c0000000, 0x00000000c4300000, 0x00000000eab00000)
  object space 68608K, 23% used [0x00000000c0000000,0x00000000c0f75010,0x00000000c4300000)
 Metaspace       used 44794K, committed 45824K, reserved 1114112K
  class space    used 4672K, committed 5184K, reserved 1048576K

Card table byte_map: [0x0000027657b30000,0x0000027657d40000] _byte_map_base: 0x0000027657530000

Marking Bits: (ParMarkBitMap*) 0x00007ffa300bd0b0
 Begin Bits: [0x0000027657ea0000, 0x0000027658ea0000)
 End Bits:   [0x0000027658ea0000, 0x0000027659ea0000)

Polling page: 0x0000027645d30000

Metaspace:

Usage:
  Non-class:     39.18 MB used.
      Class:      4.56 MB used.
       Both:     43.75 MB used.

Virtual space:
  Non-class space:       64.00 MB reserved,      39.69 MB ( 62%) committed,  1 nodes.
      Class space:        1.00 GB reserved,       5.06 MB ( <1%) committed,  1 nodes.
             Both:        1.06 GB reserved,      44.75 MB (  4%) committed. 

Chunk freelists:
   Non-Class:  7.94 MB
       Class:  10.91 MB
        Both:  18.84 MB

MaxMetaspaceSize: unlimited
CompressedClassSpaceSize: 1.00 GB
Initial GC threshold: 21.00 MB
Current GC threshold: 58.38 MB
CDS: off
MetaspaceReclaimPolicy: balanced
 - commit_granule_bytes: 65536.
 - commit_granule_words: 8192.
 - virtual_space_node_default_size: 8388608.
 - enlarge_chunks_in_place: 1.
 - new_chunks_are_fully_committed: 0.
 - uncommit_free_chunks: 1.
 - use_allocation_guard: 0.
 - handle_deallocations: 1.


Internal statistics:

num_allocs_failed_limit: 10.
num_arena_births: 666.
num_arena_deaths: 14.
num_vsnodes_births: 2.
num_vsnodes_deaths: 0.
num_space_committed: 716.
num_space_uncommitted: 0.
num_chunks_returned_to_freelist: 24.
num_chunks_taken_from_freelist: 2381.
num_chunk_merges: 15.
num_chunk_splits: 1438.
num_chunks_enlarged: 755.
num_inconsistent_stats: 0.

CodeHeap 'non-profiled nmethods': size=120000Kb used=2181Kb max_used=2572Kb free=117818Kb
 bounds [0x0000027650410000, 0x00000276506a0000, 0x0000027657940000]
CodeHeap 'profiled nmethods': size=120000Kb used=9225Kb max_used=11217Kb free=110774Kb
 bounds [0x0000027648940000, 0x0000027649440000, 0x000002764fe70000]
CodeHeap 'non-nmethods': size=5760Kb used=1272Kb max_used=1334Kb free=4487Kb
 bounds [0x000002764fe70000, 0x00000276500e0000, 0x0000027650410000]
 total_blobs=5239 nmethods=4642 adapters=511
 compilation: enabled
              stopped_count=0, restarted_count=0
 full_count=0

Compilation events (20 events):
Event: 34.266 Thread 0x000002765f4c8280 5424       2       java.util.zip.ZipFile$Source$Key::<init> (23 bytes)
Event: 34.266 Thread 0x000002765f4c8280 nmethod 5424 0x0000027648c94e10 code [0x0000027648c94fa0, 0x0000027648c95108]
Event: 34.267 Thread 0x000002765f4c8280 5425       2       jdk.internal.perf.PerfCounter::getZipFileOpenTime (4 bytes)
Event: 34.267 Thread 0x000002765f4c8280 nmethod 5425 0x0000027648b5d110 code [0x0000027648b5d2a0, 0x0000027648b5d398]
Event: 34.267 Thread 0x000002765f4c8280 5426       2       jdk.internal.perf.PerfCounter::getZipFileCount (4 bytes)
Event: 34.267 Thread 0x000002765f4c8280 nmethod 5426 0x0000027648b62790 code [0x0000027648b62920, 0x0000027648b62a18]
Event: 34.274 Thread 0x000002765f4c8280 5427       2       jdk.internal.org.objectweb.asm.MethodWriter::putFrame (549 bytes)
Event: 34.276 Thread 0x000002765f4c8280 nmethod 5427 0x000002764897c990 code [0x000002764897cd00, 0x000002764897db98]
Event: 34.280 Thread 0x000002765f4c8280 5428       2       java.io.FileOutputStream::write (20 bytes)
Event: 34.280 Thread 0x000002765f4c8280 nmethod 5428 0x000002764911d910 code [0x000002764911daa0, 0x000002764911dbc8]
Event: 34.280 Thread 0x000002765f4c8280 5429       2       java.io.FileDescriptor$1::getAppend (5 bytes)
Event: 34.280 Thread 0x000002765f4c8280 nmethod 5429 0x0000027649287c90 code [0x0000027649287e20, 0x0000027649287f38]
Event: 34.282 Thread 0x000002765f4c8280 5430       2       sun.reflect.annotation.AnnotatedTypeFactory$AnnotatedTypeBaseImpl::getAnnotations (5 bytes)
Event: 34.282 Thread 0x000002765f4c8280 nmethod 5430 0x0000027648caa390 code [0x0000027648caa540, 0x0000027648caa778]
Event: 34.282 Thread 0x000002765f4c8280 5431       2       sun.reflect.annotation.AnnotatedTypeFactory$AnnotatedTypeBaseImpl::getDeclaredAnnotations (22 bytes)
Event: 34.283 Thread 0x000002765f4c8280 nmethod 5431 0x0000027648d46890 code [0x0000027648d46a40, 0x0000027648d46c78]
Event: 34.283 Thread 0x000002765f4c8280 5432       1       com.google.inject.Key$NullAnnotationStrategy::getAnnotationType (2 bytes)
Event: 34.283 Thread 0x000002765f4c8280 nmethod 5432 0x0000027650526210 code [0x00000276505263a0, 0x0000027650526478]
Event: 34.285 Thread 0x000002765f4c8280 5433       1       org.eclipse.sisu.space.WildcardKey$QualifiedImpl::annotationType (3 bytes)
Event: 34.285 Thread 0x000002765f4c8280 nmethod 5433 0x0000027650525e90 code [0x0000027650526020, 0x00000276505260f8]

GC Heap History (20 events):
Event: 21.146 GC heap before
{Heap before GC invocations=7 (full 1):
 PSYoungGen      total 29696K, used 25600K [0x00000000eab00000, 0x00000000ece00000, 0x0000000100000000)
  eden space 25600K, 100% used [0x00000000eab00000,0x00000000ec400000,0x00000000ec400000)
  from space 4096K, 0% used [0x00000000ec400000,0x00000000ec400000,0x00000000ec800000)
  to   space 5120K, 0% used [0x00000000ec900000,0x00000000ec900000,0x00000000ece00000)
 ParOldGen       total 68608K, used 10660K [0x00000000c0000000, 0x00000000c4300000, 0x00000000eab00000)
  object space 68608K, 15% used [0x00000000c0000000,0x00000000c0a691a8,0x00000000c4300000)
 Metaspace       used 24410K, committed 25024K, reserved 1114112K
  class space    used 2458K, committed 2752K, reserved 1048576K
}
Event: 21.151 GC heap after
{Heap after GC invocations=7 (full 1):
 PSYoungGen      total 26624K, used 1392K [0x00000000eab00000, 0x00000000eca80000, 0x0000000100000000)
  eden space 25088K, 0% used [0x00000000eab00000,0x00000000eab00000,0x00000000ec380000)
  from space 1536K, 90% used [0x00000000ec900000,0x00000000eca5c0a8,0x00000000eca80000)
  to   space 3072K, 0% used [0x00000000ec480000,0x00000000ec480000,0x00000000ec780000)
 ParOldGen       total 68608K, used 10668K [0x00000000c0000000, 0x00000000c4300000, 0x00000000eab00000)
  object space 68608K, 15% used [0x00000000c0000000,0x00000000c0a6b1a8,0x00000000c4300000)
 Metaspace       used 24410K, committed 25024K, reserved 1114112K
  class space    used 2458K, committed 2752K, reserved 1048576K
}
Event: 23.143 GC heap before
{Heap before GC invocations=8 (full 1):
 PSYoungGen      total 26624K, used 26480K [0x00000000eab00000, 0x00000000eca80000, 0x0000000100000000)
  eden space 25088K, 100% used [0x00000000eab00000,0x00000000ec380000,0x00000000ec380000)
  from space 1536K, 90% used [0x00000000ec900000,0x00000000eca5c0a8,0x00000000eca80000)
  to   space 3072K, 0% used [0x00000000ec480000,0x00000000ec480000,0x00000000ec780000)
 ParOldGen       total 68608K, used 10668K [0x00000000c0000000, 0x00000000c4300000, 0x00000000eab00000)
  object space 68608K, 15% used [0x00000000c0000000,0x00000000c0a6b1a8,0x00000000c4300000)
 Metaspace       used 27172K, committed 27968K, reserved 1114112K
  class space    used 2794K, committed 3136K, reserved 1048576K
}
Event: 23.147 GC heap after
{Heap after GC invocations=8 (full 1):
 PSYoungGen      total 27648K, used 3040K [0x00000000eab00000, 0x00000000ecb00000, 0x0000000100000000)
  eden space 24576K, 0% used [0x00000000eab00000,0x00000000eab00000,0x00000000ec300000)
  from space 3072K, 98% used [0x00000000ec480000,0x00000000ec7783f8,0x00000000ec780000)
  to   space 3584K, 0% used [0x00000000ec780000,0x00000000ec780000,0x00000000ecb00000)
 ParOldGen       total 68608K, used 10948K [0x00000000c0000000, 0x00000000c4300000, 0x00000000eab00000)
  object space 68608K, 15% used [0x00000000c0000000,0x00000000c0ab11c8,0x00000000c4300000)
 Metaspace       used 27172K, committed 27968K, reserved 1114112K
  class space    used 2794K, committed 3136K, reserved 1048576K
}
Event: 24.572 GC heap before
{Heap before GC invocations=9 (full 1):
 PSYoungGen      total 27648K, used 27616K [0x00000000eab00000, 0x00000000ecb00000, 0x0000000100000000)
  eden space 24576K, 100% used [0x00000000eab00000,0x00000000ec300000,0x00000000ec300000)
  from space 3072K, 98% used [0x00000000ec480000,0x00000000ec7783f8,0x00000000ec780000)
  to   space 3584K, 0% used [0x00000000ec780000,0x00000000ec780000,0x00000000ecb00000)
 ParOldGen       total 68608K, used 10948K [0x00000000c0000000, 0x00000000c4300000, 0x00000000eab00000)
  object space 68608K, 15% used [0x00000000c0000000,0x00000000c0ab11c8,0x00000000c4300000)
 Metaspace       used 29425K, committed 30208K, reserved 1114112K
  class space    used 2950K, committed 3328K, reserved 1048576K
}
Event: 24.576 GC heap after
{Heap after GC invocations=9 (full 1):
 PSYoungGen      total 27648K, used 3563K [0x00000000eab00000, 0x00000000ecb00000, 0x0000000100000000)
  eden space 24064K, 0% used [0x00000000eab00000,0x00000000eab00000,0x00000000ec280000)
  from space 3584K, 99% used [0x00000000ec780000,0x00000000ecafae90,0x00000000ecb00000)
  to   space 4096K, 0% used [0x00000000ec300000,0x00000000ec300000,0x00000000ec700000)
 ParOldGen       total 68608K, used 11084K [0x00000000c0000000, 0x00000000c4300000, 0x00000000eab00000)
  object space 68608K, 16% used [0x00000000c0000000,0x00000000c0ad31c8,0x00000000c4300000)
 Metaspace       used 29425K, committed 30208K, reserved 1114112K
  class space    used 2950K, committed 3328K, reserved 1048576K
}
Event: 25.691 GC heap before
{Heap before GC invocations=10 (full 1):
 PSYoungGen      total 27648K, used 27627K [0x00000000eab00000, 0x00000000ecb00000, 0x0000000100000000)
  eden space 24064K, 100% used [0x00000000eab00000,0x00000000ec280000,0x00000000ec280000)
  from space 3584K, 99% used [0x00000000ec780000,0x00000000ecafae90,0x00000000ecb00000)
  to   space 4096K, 0% used [0x00000000ec300000,0x00000000ec300000,0x00000000ec700000)
 ParOldGen       total 68608K, used 11084K [0x00000000c0000000, 0x00000000c4300000, 0x00000000eab00000)
  object space 68608K, 16% used [0x00000000c0000000,0x00000000c0ad31c8,0x00000000c4300000)
 Metaspace       used 32983K, committed 33728K, reserved 1114112K
  class space    used 3308K, committed 3648K, reserved 1048576K
}
Event: 25.697 GC heap after
{Heap after GC invocations=10 (full 1):
 PSYoungGen      total 26624K, used 2883K [0x00000000eab00000, 0x00000000ec900000, 0x0000000100000000)
  eden space 23552K, 0% used [0x00000000eab00000,0x00000000eab00000,0x00000000ec200000)
  from space 3072K, 93% used [0x00000000ec300000,0x00000000ec5d0d48,0x00000000ec600000)
  to   space 3072K, 0% used [0x00000000ec600000,0x00000000ec600000,0x00000000ec900000)
 ParOldGen       total 68608K, used 12286K [0x00000000c0000000, 0x00000000c4300000, 0x00000000eab00000)
  object space 68608K, 17% used [0x00000000c0000000,0x00000000c0bffab8,0x00000000c4300000)
 Metaspace       used 32983K, committed 33728K, reserved 1114112K
  class space    used 3308K, committed 3648K, reserved 1048576K
}
Event: 26.765 GC heap before
{Heap before GC invocations=11 (full 1):
 PSYoungGen      total 26624K, used 19955K [0x00000000eab00000, 0x00000000ec900000, 0x0000000100000000)
  eden space 23552K, 72% used [0x00000000eab00000,0x00000000ebbabf70,0x00000000ec200000)
  from space 3072K, 93% used [0x00000000ec300000,0x00000000ec5d0d48,0x00000000ec600000)
  to   space 3072K, 0% used [0x00000000ec600000,0x00000000ec600000,0x00000000ec900000)
 ParOldGen       total 68608K, used 12286K [0x00000000c0000000, 0x00000000c4300000, 0x00000000eab00000)
  object space 68608K, 17% used [0x00000000c0000000,0x00000000c0bffab8,0x00000000c4300000)
 Metaspace       used 35066K, committed 35840K, reserved 1114112K
  class space    used 3543K, committed 3904K, reserved 1048576K
}
Event: 26.772 GC heap after
{Heap after GC invocations=11 (full 1):
 PSYoungGen      total 24576K, used 846K [0x00000000eab00000, 0x00000000ec700000, 0x0000000100000000)
  eden space 23552K, 0% used [0x00000000eab00000,0x00000000eab00000,0x00000000ec200000)
  from space 1024K, 82% used [0x00000000ec600000,0x00000000ec6d3820,0x00000000ec700000)
  to   space 2048K, 0% used [0x00000000ec300000,0x00000000ec300000,0x00000000ec500000)
 ParOldGen       total 68608K, used 14505K [0x00000000c0000000, 0x00000000c4300000, 0x00000000eab00000)
  object space 68608K, 21% used [0x00000000c0000000,0x00000000c0e2a4a0,0x00000000c4300000)
 Metaspace       used 35066K, committed 35840K, reserved 1114112K
  class space    used 3543K, committed 3904K, reserved 1048576K
}
Event: 26.772 GC heap before
{Heap before GC invocations=12 (full 2):
 PSYoungGen      total 24576K, used 846K [0x00000000eab00000, 0x00000000ec700000, 0x0000000100000000)
  eden space 23552K, 0% used [0x00000000eab00000,0x00000000eab00000,0x00000000ec200000)
  from space 1024K, 82% used [0x00000000ec600000,0x00000000ec6d3820,0x00000000ec700000)
  to   space 2048K, 0% used [0x00000000ec300000,0x00000000ec300000,0x00000000ec500000)
 ParOldGen       total 68608K, used 14505K [0x00000000c0000000, 0x00000000c4300000, 0x00000000eab00000)
  object space 68608K, 21% used [0x00000000c0000000,0x00000000c0e2a4a0,0x00000000c4300000)
 Metaspace       used 35066K, committed 35840K, reserved 1114112K
  class space    used 3543K, committed 3904K, reserved 1048576K
}
Event: 26.850 GC heap after
{Heap after GC invocations=12 (full 2):
 PSYoungGen      total 24576K, used 0K [0x00000000eab00000, 0x00000000ec700000, 0x0000000100000000)
  eden space 23552K, 0% used [0x00000000eab00000,0x00000000eab00000,0x00000000ec200000)
  from space 1024K, 0% used [0x00000000ec600000,0x00000000ec600000,0x00000000ec700000)
  to   space 2048K, 0% used [0x00000000ec300000,0x00000000ec300000,0x00000000ec500000)
 ParOldGen       total 68608K, used 12822K [0x00000000c0000000, 0x00000000c4300000, 0x00000000eab00000)
  object space 68608K, 18% used [0x00000000c0000000,0x00000000c0c85a50,0x00000000c4300000)
 Metaspace       used 35053K, committed 35840K, reserved 1114112K
  class space    used 3540K, committed 3904K, reserved 1048576K
}
Event: 27.844 GC heap before
{Heap before GC invocations=13 (full 2):
 PSYoungGen      total 24576K, used 23552K [0x00000000eab00000, 0x00000000ec700000, 0x0000000100000000)
  eden space 23552K, 100% used [0x00000000eab00000,0x00000000ec200000,0x00000000ec200000)
  from space 1024K, 0% used [0x00000000ec600000,0x00000000ec600000,0x00000000ec700000)
  to   space 2048K, 0% used [0x00000000ec300000,0x00000000ec300000,0x00000000ec500000)
 ParOldGen       total 68608K, used 12822K [0x00000000c0000000, 0x00000000c4300000, 0x00000000eab00000)
  object space 68608K, 18% used [0x00000000c0000000,0x00000000c0c85a50,0x00000000c4300000)
 Metaspace       used 36233K, committed 37120K, reserved 1114112K
  class space    used 3640K, committed 4032K, reserved 1048576K
}
Event: 27.846 GC heap after
{Heap after GC invocations=13 (full 2):
 PSYoungGen      total 25088K, used 832K [0x00000000eab00000, 0x00000000ec680000, 0x0000000100000000)
  eden space 23040K, 0% used [0x00000000eab00000,0x00000000eab00000,0x00000000ec180000)
  from space 2048K, 40% used [0x00000000ec300000,0x00000000ec3d0000,0x00000000ec500000)
  to   space 1024K, 0% used [0x00000000ec580000,0x00000000ec580000,0x00000000ec680000)
 ParOldGen       total 68608K, used 12830K [0x00000000c0000000, 0x00000000c4300000, 0x00000000eab00000)
  object space 68608K, 18% used [0x00000000c0000000,0x00000000c0c87a50,0x00000000c4300000)
 Metaspace       used 36233K, committed 37120K, reserved 1114112K
  class space    used 3640K, committed 4032K, reserved 1048576K
}
Event: 30.979 GC heap before
{Heap before GC invocations=14 (full 2):
 PSYoungGen      total 25088K, used 23859K [0x00000000eab00000, 0x00000000ec680000, 0x0000000100000000)
  eden space 23040K, 99% used [0x00000000eab00000,0x00000000ec17cce0,0x00000000ec180000)
  from space 2048K, 40% used [0x00000000ec300000,0x00000000ec3d0000,0x00000000ec500000)
  to   space 1024K, 0% used [0x00000000ec580000,0x00000000ec580000,0x00000000ec680000)
 ParOldGen       total 68608K, used 12830K [0x00000000c0000000, 0x00000000c4300000, 0x00000000eab00000)
  object space 68608K, 18% used [0x00000000c0000000,0x00000000c0c87a50,0x00000000c4300000)
 Metaspace       used 38655K, committed 39552K, reserved 1114112K
  class space    used 3931K, committed 4288K, reserved 1048576K
}
Event: 30.982 GC heap after
{Heap after GC invocations=14 (full 2):
 PSYoungGen      total 23552K, used 1018K [0x00000000eab00000, 0x00000000ec680000, 0x0000000100000000)
  eden space 22528K, 0% used [0x00000000eab00000,0x00000000eab00000,0x00000000ec100000)
  from space 1024K, 99% used [0x00000000ec580000,0x00000000ec67ea48,0x00000000ec680000)
  to   space 2560K, 0% used [0x00000000ec180000,0x00000000ec180000,0x00000000ec400000)
 ParOldGen       total 68608K, used 13790K [0x00000000c0000000, 0x00000000c4300000, 0x00000000eab00000)
  object space 68608K, 20% used [0x00000000c0000000,0x00000000c0d77908,0x00000000c4300000)
 Metaspace       used 38655K, committed 39552K, reserved 1114112K
  class space    used 3931K, committed 4288K, reserved 1048576K
}
Event: 32.531 GC heap before
{Heap before GC invocations=15 (full 2):
 PSYoungGen      total 23552K, used 23546K [0x00000000eab00000, 0x00000000ec680000, 0x0000000100000000)
  eden space 22528K, 100% used [0x00000000eab00000,0x00000000ec100000,0x00000000ec100000)
  from space 1024K, 99% used [0x00000000ec580000,0x00000000ec67ea48,0x00000000ec680000)
  to   space 2560K, 0% used [0x00000000ec180000,0x00000000ec180000,0x00000000ec400000)
 ParOldGen       total 68608K, used 13790K [0x00000000c0000000, 0x00000000c4300000, 0x00000000eab00000)
  object space 68608K, 20% used [0x00000000c0000000,0x00000000c0d77908,0x00000000c4300000)
 Metaspace       used 41388K, committed 42304K, reserved 1114112K
  class space    used 4257K, committed 4672K, reserved 1048576K
}
Event: 32.537 GC heap after
{Heap after GC invocations=15 (full 2):
 PSYoungGen      total 24576K, used 1081K [0x00000000eab00000, 0x00000000ec600000, 0x0000000100000000)
  eden space 22016K, 0% used [0x00000000eab00000,0x00000000eab00000,0x00000000ec080000)
  from space 2560K, 42% used [0x00000000ec180000,0x00000000ec28e470,0x00000000ec400000)
  to   space 1536K, 0% used [0x00000000ec480000,0x00000000ec480000,0x00000000ec600000)
 ParOldGen       total 68608K, used 14777K [0x00000000c0000000, 0x00000000c4300000, 0x00000000eab00000)
  object space 68608K, 21% used [0x00000000c0000000,0x00000000c0e6e758,0x00000000c4300000)
 Metaspace       used 41388K, committed 42304K, reserved 1114112K
  class space    used 4257K, committed 4672K, reserved 1048576K
}
Event: 34.069 GC heap before
{Heap before GC invocations=16 (full 2):
 PSYoungGen      total 24576K, used 23097K [0x00000000eab00000, 0x00000000ec600000, 0x0000000100000000)
  eden space 22016K, 100% used [0x00000000eab00000,0x00000000ec080000,0x00000000ec080000)
  from space 2560K, 42% used [0x00000000ec180000,0x00000000ec28e470,0x00000000ec400000)
  to   space 1536K, 0% used [0x00000000ec480000,0x00000000ec480000,0x00000000ec600000)
 ParOldGen       total 68608K, used 14777K [0x00000000c0000000, 0x00000000c4300000, 0x00000000eab00000)
  object space 68608K, 21% used [0x00000000c0000000,0x00000000c0e6e758,0x00000000c4300000)
 Metaspace       used 43920K, committed 44864K, reserved 1114112K
  class space    used 4569K, committed 4992K, reserved 1048576K
}
Event: 34.076 GC heap after
{Heap after GC invocations=16 (full 2):
 PSYoungGen      total 23552K, used 1522K [0x00000000eab00000, 0x00000000ec680000, 0x0000000100000000)
  eden space 22016K, 0% used [0x00000000eab00000,0x00000000eab00000,0x00000000ec080000)
  from space 1536K, 99% used [0x00000000ec480000,0x00000000ec5fc9b8,0x00000000ec600000)
  to   space 3072K, 0% used [0x00000000ec080000,0x00000000ec080000,0x00000000ec380000)
 ParOldGen       total 68608K, used 15828K [0x00000000c0000000, 0x00000000c4300000, 0x00000000eab00000)
  object space 68608K, 23% used [0x00000000c0000000,0x00000000c0f75010,0x00000000c4300000)
 Metaspace       used 43920K, committed 44864K, reserved 1114112K
  class space    used 4569K, committed 4992K, reserved 1048576K
}

Dll operation events (10 events):
Event: 0.183 Loaded shared library c:\Users\Hasinjo\.vscode\extensions\redhat.java-1.26.0-win32-x64\jre\17.0.9-win32-x86_64\bin\java.dll
Event: 1.492 Loaded shared library c:\Users\Hasinjo\.vscode\extensions\redhat.java-1.26.0-win32-x64\jre\17.0.9-win32-x86_64\bin\zip.dll
Event: 1.564 Loaded shared library C:\Users\Hasinjo\.vscode\extensions\redhat.java-1.26.0-win32-x64\jre\17.0.9-win32-x86_64\bin\instrument.dll
Event: 1.656 Loaded shared library C:\Users\Hasinjo\.vscode\extensions\redhat.java-1.26.0-win32-x64\jre\17.0.9-win32-x86_64\bin\net.dll
Event: 1.660 Loaded shared library C:\Users\Hasinjo\.vscode\extensions\redhat.java-1.26.0-win32-x64\jre\17.0.9-win32-x86_64\bin\nio.dll
Event: 1.674 Loaded shared library C:\Users\Hasinjo\.vscode\extensions\redhat.java-1.26.0-win32-x64\jre\17.0.9-win32-x86_64\bin\zip.dll
Event: 1.870 Loaded shared library C:\Users\Hasinjo\.vscode\extensions\redhat.java-1.26.0-win32-x64\jre\17.0.9-win32-x86_64\bin\jimage.dll
Event: 2.329 Loaded shared library c:\Users\Hasinjo\.vscode\extensions\redhat.java-1.26.0-win32-x64\jre\17.0.9-win32-x86_64\bin\verify.dll
Event: 10.296 Loaded shared library C:\Users\Hasinjo\AppData\Roaming\Code\User\globalStorage\redhat.java\1.26.0\config_win\org.eclipse.equinox.launcher\org.eclipse.equinox.launcher.win32.win32.x86_64_1.2.800.v20231003-1442\eclipse_11802.dll
Event: 34.287 Loaded shared library C:\Users\Hasinjo\AppData\Local\Temp\jna--1932741980\jna3461519576285826671.dll

Deoptimization events (20 events):
Event: 33.858 Thread 0x0000027660068770 DEOPT PACKING pc=0x000002765066f750 sp=0x000000a3c43fdcb0
Event: 33.858 Thread 0x0000027660068770 DEOPT UNPACKING pc=0x000002764fec66a3 sp=0x000000a3c43fdc70 mode 2
Event: 33.858 Thread 0x0000027660068770 Uncommon trap: trap_request=0xffffffde fr.pc=0x000002765066f750 relative=0x00000000000002b0
Event: 33.858 Thread 0x0000027660068770 Uncommon trap: reason=class_check action=maybe_recompile pc=0x000002765066f750 method=java.io.ObjectInputStream$PeekInputStream.peek()I @ 17 c2
Event: 33.858 Thread 0x0000027660068770 DEOPT PACKING pc=0x000002765066f750 sp=0x000000a3c43fdd50
Event: 33.858 Thread 0x0000027660068770 DEOPT UNPACKING pc=0x000002764fec66a3 sp=0x000000a3c43fdd10 mode 2
Event: 33.858 Thread 0x0000027660068770 DEOPT PACKING pc=0x0000027648d104c6 sp=0x000000a3c43fe3a0
Event: 33.858 Thread 0x0000027660068770 DEOPT UNPACKING pc=0x000002764fec6e43 sp=0x000000a3c43fd850 mode 0
Event: 34.027 Thread 0x00000276603f8fe0 Uncommon trap: trap_request=0xffffff45 fr.pc=0x0000027650492440 relative=0x0000000000000280
Event: 34.027 Thread 0x00000276603f8fe0 Uncommon trap: reason=unstable_if action=reinterpret pc=0x0000027650492440 method=java.util.HashMap.getNode(Ljava/lang/Object;)Ljava/util/HashMap$Node; @ 66 c2
Event: 34.028 Thread 0x00000276603f8fe0 DEOPT PACKING pc=0x0000027650492440 sp=0x000000a3c4afd9a0
Event: 34.028 Thread 0x00000276603f8fe0 DEOPT UNPACKING pc=0x000002764fec66a3 sp=0x000000a3c4afd920 mode 2
Event: 34.088 Thread 0x0000027660068770 Uncommon trap: trap_request=0xffffffde fr.pc=0x0000027650689408 relative=0x0000000000005708
Event: 34.088 Thread 0x0000027660068770 Uncommon trap: reason=class_check action=maybe_recompile pc=0x0000027650689408 method=org.eclipse.osgi.internal.loader.BundleLoader.findClass0(Ljava/lang/String;ZZ)Ljava/lang/Class; @ 206 c2
Event: 34.088 Thread 0x0000027660068770 DEOPT PACKING pc=0x0000027650689408 sp=0x000000a3c43f4280
Event: 34.088 Thread 0x0000027660068770 DEOPT UNPACKING pc=0x000002764fec66a3 sp=0x000000a3c43f4270 mode 2
Event: 34.265 Thread 0x0000027660068770 Uncommon trap: trap_request=0xffffff45 fr.pc=0x000002765046e1e4 relative=0x00000000000006e4
Event: 34.265 Thread 0x0000027660068770 Uncommon trap: reason=unstable_if action=reinterpret pc=0x000002765046e1e4 method=java.lang.String.replace(Ljava/lang/CharSequence;Ljava/lang/CharSequence;)Ljava/lang/String; @ 42 c2
Event: 34.265 Thread 0x0000027660068770 DEOPT PACKING pc=0x000002765046e1e4 sp=0x000000a3c43fb680
Event: 34.265 Thread 0x0000027660068770 DEOPT UNPACKING pc=0x000002764fec66a3 sp=0x000000a3c43fb600 mode 2

Classes unloaded (7 events):
Event: 26.786 Thread 0x0000027645d16ad0 Unloading class 0x0000000100250400 'java/lang/invoke/LambdaForm$MH+0x0000000100250400'
Event: 26.786 Thread 0x0000027645d16ad0 Unloading class 0x0000000100250000 'java/lang/invoke/LambdaForm$MH+0x0000000100250000'
Event: 26.786 Thread 0x0000027645d16ad0 Unloading class 0x000000010024bc00 'java/lang/invoke/LambdaForm$MH+0x000000010024bc00'
Event: 26.786 Thread 0x0000027645d16ad0 Unloading class 0x000000010024b800 'java/lang/invoke/LambdaForm$MH+0x000000010024b800'
Event: 26.786 Thread 0x0000027645d16ad0 Unloading class 0x000000010024b400 'java/lang/invoke/LambdaForm$BMH+0x000000010024b400'
Event: 26.786 Thread 0x0000027645d16ad0 Unloading class 0x000000010024b000 'java/lang/invoke/LambdaForm$DMH+0x000000010024b000'
Event: 26.786 Thread 0x0000027645d16ad0 Unloading class 0x0000000100248400 'java/lang/invoke/LambdaForm$DMH+0x0000000100248400'

Classes redefined (0 events):
No events

Internal exceptions (20 events):
Event: 24.397 Thread 0x0000027660068770 Exception <a 'java/io/FileNotFoundException'{0x00000000ebf5b748}> (0x00000000ebf5b748) 
thrown [s\src\hotspot\share\prims\jni.cpp, line 516]
Event: 24.397 Thread 0x0000027660068770 Exception <a 'java/io/FileNotFoundException'{0x00000000ebf5c558}> (0x00000000ebf5c558) 
thrown [s\src\hotspot\share\prims\jni.cpp, line 516]
Event: 24.397 Thread 0x0000027660068770 Exception <a 'java/io/FileNotFoundException'{0x00000000ebf5d370}> (0x00000000ebf5d370) 
thrown [s\src\hotspot\share\prims\jni.cpp, line 516]
Event: 24.579 Thread 0x00000276603f7690 Exception <a 'java/lang/NoSuchMethodError'{0x00000000eab1b858}: 'java.lang.Object java.lang.invoke.DirectMethodHandle$Holder.invokeSpecialIFC(java.lang.Object, java.lang.Object, java.lang.Object, java.lang.Object)'> (0x00000000eab1b858) 
thrown [s\src\hotspot\share\interpreter\linkResolver.cpp, line 759]
Event: 25.783 Thread 0x00000276603f7690 Exception <a 'java/lang/NoSuchMethodError'{0x00000000eab86300}: 'int java.lang.invoke.DirectMethodHandle$Holder.invokeSpecialIFC(java.lang.Object, java.lang.Object, java.lang.Object, java.lang.Object, java.lang.Object)'> (0x00000000eab86300) 
thrown [s\src\hotspot\share\interpreter\linkResolver.cpp, line 759]
Event: 26.762 Thread 0x00000276603f7690 Exception <a 'java/lang/NoClassDefFoundError'{0x00000000ebb2ecb0}: javax/enterprise/inject/Typed> (0x00000000ebb2ecb0) 
thrown [s\src\hotspot\share\classfile\systemDictionary.cpp, line 245]
Event: 27.272 Thread 0x0000027660068770 Exception <a 'java/lang/NoSuchMethodError'{0x00000000eb9cbe88}: 'java.lang.Object java.lang.invoke.DirectMethodHandle$Holder.newInvokeSpecial(java.lang.Object, int, java.lang.Object, java.lang.Object)'> (0x00000000eb9cbe88) 
thrown [s\src\hotspot\share\interpreter\linkResolver.cpp, line 759]
Event: 27.953 Thread 0x0000027660068770 Exception <a 'java/lang/ClassNotFoundException'{0x00000000eac31a38}: com/sun/org/apache/xerces/internal/impl/msg/spi/DOMMessagesProvider> (0x00000000eac31a38) 
thrown [s\src\hotspot\share\classfile\systemDictionary.cpp, line 256]
Event: 27.962 Thread 0x0000027660068770 Exception <a 'java/lang/ClassNotFoundException'{0x00000000eac55ea8}: com/sun/org/apache/xerces/internal/impl/msg/spi/XMLSerializerMessagesProvider> (0x00000000eac55ea8) 
thrown [s\src\hotspot\share\classfile\systemDictionary.cpp, line 256]
Event: 28.023 Thread 0x0000027660068770 Exception <a 'java/lang/ClassNotFoundException'{0x00000000eaca6a08}: com/sun/org/apache/xerces/internal/impl/msg/spi/XMLMessagesProvider> (0x00000000eaca6a08) 
thrown [s\src\hotspot\share\classfile\systemDictionary.cpp, line 256]
Event: 30.402 Thread 0x0000027660068770 Exception <a 'java/lang/NoSuchMethodError'{0x00000000eb6c2360}: 'java.lang.Object java.lang.invoke.DirectMethodHandle$Holder.invokeStaticInit(java.lang.Object, int, int, int, int)'> (0x00000000eb6c2360) 
thrown [s\src\hotspot\share\interpreter\linkResolver.cpp, line 759]
Event: 31.261 Thread 0x00000276603f80b0 Exception <a 'java/io/FileNotFoundException'{0x00000000eb1603e0}> (0x00000000eb1603e0) 
thrown [s\src\hotspot\share\prims\jni.cpp, line 516]
Event: 31.840 Thread 0x00000276603f8fe0 Exception <a 'java/lang/NoSuchMethodError'{0x00000000eb862bd8}: 'int java.lang.invoke.DirectMethodHandle$Holder.invokeStatic(java.lang.Object)'> (0x00000000eb862bd8) 
thrown [s\src\hotspot\share\interpreter\linkResolver.cpp, line 759]
Event: 31.940 Thread 0x00000276603f8fe0 Exception <a 'java/io/FileNotFoundException'{0x00000000eb9c1010}> (0x00000000eb9c1010) 
thrown [s\src\hotspot\share\prims\jni.cpp, line 516]
Event: 31.946 Thread 0x00000276603f8fe0 Exception <a 'java/io/FileNotFoundException'{0x00000000eb9ccb78}> (0x00000000eb9ccb78) 
thrown [s\src\hotspot\share\prims\jni.cpp, line 516]
Event: 31.946 Thread 0x00000276603f8fe0 Exception <a 'java/io/FileNotFoundException'{0x00000000eb9cde50}> (0x00000000eb9cde50) 
thrown [s\src\hotspot\share\prims\jni.cpp, line 516]
Event: 32.339 Thread 0x0000027660068770 Exception <a 'java/lang/NoSuchMethodError'{0x00000000ebe8bbd8}: 'java.lang.Object java.lang.invoke.DirectMethodHandle$Holder.invokeStaticInit(java.lang.Object, java.lang.Object, int, int, int, int)'> (0x00000000ebe8bbd8) 
thrown [s\src\hotspot\share\interpreter\linkResolver.cpp, line 759]
Event: 32.370 Thread 0x00000276603f8fe0 Exception <a 'java/lang/NoSuchMethodError'{0x00000000ec02bab0}: 'java.lang.Object java.lang.invoke.Invokers$Holder.invoke_MT(java.lang.Object, java.lang.Object, java.lang.Object)'> (0x00000000ec02bab0) 
thrown [s\src\hotspot\share\interpreter\linkResolver.cpp, line 759]
Event: 33.124 Thread 0x0000027660068770 Exception <a 'java/lang/ClassNotFoundException'{0x00000000eb3bd520}: com/sun/org/apache/xml/internal/serializer/spi/XMLEntitiesProvider> (0x00000000eb3bd520) 
thrown [s\src\hotspot\share\classfile\systemDictionary.cpp, line 256]
Event: 33.877 Thread 0x0000027660068770 Exception <a 'java/io/FileNotFoundException'{0x00000000ebef9180}> (0x00000000ebef9180) 
thrown [s\src\hotspot\share\prims\jni.cpp, line 516]

VM Operations (20 events):
Event: 32.565 Executing VM operation: HandshakeAllThreads
Event: 32.566 Executing VM operation: HandshakeAllThreads done
Event: 32.891 Executing VM operation: HandshakeAllThreads
Event: 32.891 Executing VM operation: HandshakeAllThreads done
Event: 32.895 Executing VM operation: HandshakeAllThreads
Event: 32.914 Executing VM operation: HandshakeAllThreads done
Event: 33.063 Executing VM operation: HandshakeAllThreads
Event: 33.104 Executing VM operation: HandshakeAllThreads done
Event: 33.104 Executing VM operation: HandshakeAllThreads
Event: 33.120 Executing VM operation: HandshakeAllThreads done
Event: 33.126 Executing VM operation: HandshakeAllThreads
Event: 33.126 Executing VM operation: HandshakeAllThreads done
Event: 33.126 Executing VM operation: HandshakeAllThreads
Event: 33.127 Executing VM operation: HandshakeAllThreads done
Event: 33.243 Executing VM operation: HandshakeAllThreads
Event: 33.310 Executing VM operation: HandshakeAllThreads done
Event: 33.728 Executing VM operation: ICBufferFull
Event: 33.779 Executing VM operation: ICBufferFull done
Event: 34.061 Executing VM operation: ParallelGCFailedAllocation
Event: 34.077 Executing VM operation: ParallelGCFailedAllocation done

Events (20 events):
Event: 33.846 loading class java/nio/channels/NonWritableChannelException done
Event: 33.846 loading class sun/nio/ch/ChannelInputStream
Event: 33.846 loading class sun/nio/ch/ChannelInputStream done
Event: 33.847 loading class java/nio/channels/SelectableChannel
Event: 33.847 loading class java/nio/channels/SelectableChannel done
Event: 34.140 loading class java/nio/channels/SocketChannel
Event: 34.140 loading class java/nio/channels/NetworkChannel
Event: 34.140 loading class java/nio/channels/NetworkChannel done
Event: 34.140 loading class java/nio/channels/spi/AbstractSelectableChannel
Event: 34.141 loading class java/nio/channels/spi/AbstractSelectableChannel done
Event: 34.141 loading class java/nio/channels/SocketChannel done
Event: 34.141 loading class java/nio/channels/ServerSocketChannel
Event: 34.142 loading class java/nio/channels/ServerSocketChannel done
Event: 34.147 loading class java/nio/charset/IllegalCharsetNameException
Event: 34.147 loading class java/nio/charset/IllegalCharsetNameException done
Event: 34.265 loading class java/io/File$TempDirectory
Event: 34.266 loading class java/io/File$TempDirectory done
Event: 34.288 loading class java/nio/ShortBuffer
Event: 34.288 loading class java/nio/ShortBuffer done
Event: 34.289 loading class java/nio/FloatBuffer


Dynamic libraries:
0x00007ff768d60000 - 0x00007ff768d6e000 	c:\Users\Hasinjo\.vscode\extensions\redhat.java-1.26.0-win32-x64\jre\17.0.9-win32-x86_64\bin\java.exe
0x00007ffaa1f40000 - 0x00007ffaa2149000 	C:\Windows\SYSTEM32\ntdll.dll
0x00007ffaa07a0000 - 0x00007ffaa085d000 	C:\Windows\System32\KERNEL32.DLL
0x00007ffa9f470000 - 0x00007ffa9f7f4000 	C:\Windows\System32\KERNELBASE.dll
0x00007ffa9fa90000 - 0x00007ffa9fba1000 	C:\Windows\System32\ucrtbase.dll
0x00007ffa8f920000 - 0x00007ffa8f937000 	c:\Users\Hasinjo\.vscode\extensions\redhat.java-1.26.0-win32-x64\jre\17.0.9-win32-x86_64\bin\jli.dll
0x00007ffaa1be0000 - 0x00007ffaa1d8d000 	C:\Windows\System32\USER32.dll
0x00007ffa9f800000 - 0x00007ffa9f826000 	C:\Windows\System32\win32u.dll
0x00007ffaa1ec0000 - 0x00007ffaa1eea000 	C:\Windows\System32\GDI32.dll
0x00007ffa9f830000 - 0x00007ffa9f94e000 	C:\Windows\System32\gdi32full.dll
0x00007ffa9f3d0000 - 0x00007ffa9f46d000 	C:\Windows\System32\msvcp_win.dll
0x00007ffa8f8e0000 - 0x00007ffa8f8fb000 	c:\Users\Hasinjo\.vscode\extensions\redhat.java-1.26.0-win32-x64\jre\17.0.9-win32-x86_64\bin\VCRUNTIME140.dll
0x00007ffa9e530000 - 0x00007ffa9e7d5000 	C:\Windows\WinSxS\amd64_microsoft.windows.common-controls_6595b64144ccf1df_6.0.22000.120_none_9d947278b86cc467\COMCTL32.dll
0x00007ffaa03f0000 - 0x00007ffaa0493000 	C:\Windows\System32\msvcrt.dll
0x00007ffaa1a90000 - 0x00007ffaa1ac1000 	C:\Windows\System32\IMM32.DLL
0x0000000066c60000 - 0x0000000066c6c000 	C:\Program Files (x86)\360\Total Security\safemon\SafeWrapper.dll
0x00007ffaa1e10000 - 0x00007ffaa1ebe000 	C:\Windows\System32\ADVAPI32.dll
0x00007ffaa1ad0000 - 0x00007ffaa1b6e000 	C:\Windows\System32\sechost.dll
0x00007ffaa1960000 - 0x00007ffaa1a81000 	C:\Windows\System32\RPCRT4.dll
0x00007ffa4bd10000 - 0x00007ffa4bda2000 	C:\Program Files (x86)\360\Total Security\safemon\libzdtp64.dll
0x00007ffaa0e50000 - 0x00007ffaa1615000 	C:\Windows\System32\SHELL32.dll
0x00007ffaa1720000 - 0x00007ffaa177d000 	C:\Windows\System32\SHLWAPI.dll
0x00007ffa9ef40000 - 0x00007ffa9ef4a000 	C:\Windows\SYSTEM32\VERSION.dll
0x00007ffa9da50000 - 0x00007ffa9da5c000 	c:\Users\Hasinjo\.vscode\extensions\redhat.java-1.26.0-win32-x64\jre\17.0.9-win32-x86_64\bin\vcruntime140_1.dll
0x00007ffa6b810000 - 0x00007ffa6b89d000 	c:\Users\Hasinjo\.vscode\extensions\redhat.java-1.26.0-win32-x64\jre\17.0.9-win32-x86_64\bin\msvcp140.dll
0x00007ffa2f520000 - 0x00007ffa30181000 	c:\Users\Hasinjo\.vscode\extensions\redhat.java-1.26.0-win32-x64\jre\17.0.9-win32-x86_64\bin\server\jvm.dll
0x00007ffa9f2a0000 - 0x00007ffa9f2ed000 	C:\Windows\SYSTEM32\POWRPROF.dll
0x00007ffa884b0000 - 0x00007ffa884b9000 	C:\Windows\SYSTEM32\WSOCK32.dll
0x00007ffaa0dc0000 - 0x00007ffaa0e2f000 	C:\Windows\System32\WS2_32.dll
0x00007ffa8e5f0000 - 0x00007ffa8e623000 	C:\Windows\SYSTEM32\WINMM.dll
0x00007ffa9f280000 - 0x00007ffa9f293000 	C:\Windows\SYSTEM32\UMPDC.dll
0x00007ffa9d510000 - 0x00007ffa9d528000 	C:\Windows\SYSTEM32\kernel.appcore.dll
0x00007ffa8fbe0000 - 0x00007ffa8fbea000 	c:\Users\Hasinjo\.vscode\extensions\redhat.java-1.26.0-win32-x64\jre\17.0.9-win32-x86_64\bin\jimage.dll
0x00007ffa9ec00000 - 0x00007ffa9ee21000 	C:\Windows\SYSTEM32\DBGHELP.DLL
0x00007ffa9e900000 - 0x00007ffa9e931000 	C:\Windows\SYSTEM32\dbgcore.DLL
0x00007ffa9fa10000 - 0x00007ffa9fa8f000 	C:\Windows\System32\bcryptPrimitives.dll
0x00007ffa8dcb0000 - 0x00007ffa8dcbe000 	c:\Users\Hasinjo\.vscode\extensions\redhat.java-1.26.0-win32-x64\jre\17.0.9-win32-x86_64\bin\instrument.dll
0x00007ffa8dc70000 - 0x00007ffa8dc95000 	c:\Users\Hasinjo\.vscode\extensions\redhat.java-1.26.0-win32-x64\jre\17.0.9-win32-x86_64\bin\java.dll
0x00007ffa8dc50000 - 0x00007ffa8dc68000 	c:\Users\Hasinjo\.vscode\extensions\redhat.java-1.26.0-win32-x64\jre\17.0.9-win32-x86_64\bin\zip.dll
0x00007ffa9c570000 - 0x00007ffa9cdd2000 	C:\Windows\SYSTEM32\windows.storage.dll
0x00007ffaa08a0000 - 0x00007ffaa0c16000 	C:\Windows\System32\combase.dll
0x00007ffa9c400000 - 0x00007ffa9c567000 	C:\Windows\SYSTEM32\wintypes.dll
0x00007ffaa0210000 - 0x00007ffaa02fa000 	C:\Windows\System32\SHCORE.dll
0x00007ffa9f300000 - 0x00007ffa9f325000 	C:\Windows\SYSTEM32\profapi.dll
0x00007ffa8dc30000 - 0x00007ffa8dc49000 	C:\Users\Hasinjo\.vscode\extensions\redhat.java-1.26.0-win32-x64\jre\17.0.9-win32-x86_64\bin\net.dll
0x00007ffa97900000 - 0x00007ffa97a14000 	C:\Windows\SYSTEM32\WINHTTP.dll
0x00007ffa9e170000 - 0x00007ffa9e1d7000 	C:\Windows\system32\mswsock.dll
0x00007ffa8aaf0000 - 0x00007ffa8ab06000 	C:\Users\Hasinjo\.vscode\extensions\redhat.java-1.26.0-win32-x64\jre\17.0.9-win32-x86_64\bin\nio.dll
0x00007ffa8dc20000 - 0x00007ffa8dc30000 	c:\Users\Hasinjo\.vscode\extensions\redhat.java-1.26.0-win32-x64\jre\17.0.9-win32-x86_64\bin\verify.dll
0x00007ffa8d060000 - 0x00007ffa8d09e000 	C:\Users\Hasinjo\AppData\Roaming\Code\User\globalStorage\redhat.java\1.26.0\config_win\org.eclipse.equinox.launcher\org.eclipse.equinox.launcher.win32.win32.x86_64_1.2.800.v20231003-1442\eclipse_11802.dll
0x00007ffaa0c20000 - 0x00007ffaa0dba000 	C:\Windows\System32\ole32.dll
0x00007ffa9ef10000 - 0x00007ffa9ef28000 	C:\Windows\SYSTEM32\CRYPTSP.dll
0x00007ffa9d470000 - 0x00007ffa9d4a5000 	C:\Windows\system32\rsaenh.dll
0x00007ffa9e440000 - 0x00007ffa9e46c000 	C:\Windows\SYSTEM32\USERENV.dll
0x00007ffa9ea00000 - 0x00007ffa9ea27000 	C:\Windows\SYSTEM32\bcrypt.dll
0x00007ffa9e470000 - 0x00007ffa9e47c000 	C:\Windows\SYSTEM32\CRYPTBASE.dll
0x00007ffa9d030000 - 0x00007ffa9d05d000 	C:\Windows\SYSTEM32\IPHLPAPI.DLL
0x00007ffaa0e30000 - 0x00007ffaa0e39000 	C:\Windows\System32\NSI.dll
0x00007ffa98250000 - 0x00007ffa98269000 	C:\Windows\SYSTEM32\dhcpcsvc6.DLL
0x00007ffa98630000 - 0x00007ffa9864e000 	C:\Windows\SYSTEM32\dhcpcsvc.DLL
0x00007ffa9d060000 - 0x00007ffa9d147000 	C:\Windows\SYSTEM32\DNSAPI.dll
0x00007ffa38680000 - 0x00007ffa386c5000 	C:\Users\Hasinjo\AppData\Local\Temp\jna--1932741980\jna3461519576285826671.dll
0x00007ffaa1950000 - 0x00007ffaa1958000 	C:\Windows\System32\PSAPI.DLL

dbghelp: loaded successfully - version: 4.0.5 - missing functions: none
symbol engine: initialized successfully - sym options: 0x614 - pdb path: .;c:\Users\Hasinjo\.vscode\extensions\redhat.java-1.26.0-win32-x64\jre\17.0.9-win32-x86_64\bin;C:\Windows\SYSTEM32;C:\Windows\WinSxS\amd64_microsoft.windows.common-controls_6595b64144ccf1df_6.0.22000.120_none_9d947278b86cc467;C:\Program Files (x86)\360\Total Security\safemon;c:\Users\Hasinjo\.vscode\extensions\redhat.java-1.26.0-win32-x64\jre\17.0.9-win32-x86_64\bin\server;C:\Users\Hasinjo\AppData\Roaming\Code\User\globalStorage\redhat.java\1.26.0\config_win\org.eclipse.equinox.launcher\org.eclipse.equinox.launcher.win32.win32.x86_64_1.2.800.v20231003-1442;C:\Users\Hasinjo\AppData\Local\Temp\jna--1932741980

VM Arguments:
jvm_args: --add-modules=ALL-SYSTEM --add-opens=java.base/java.util=ALL-UNNAMED --add-opens=java.base/java.lang=ALL-UNNAMED --add-opens=java.base/sun.nio.fs=ALL-UNNAMED -Declipse.application=org.eclipse.jdt.ls.core.id1 -Dosgi.bundles.defaultStartLevel=4 -Declipse.product=org.eclipse.jdt.ls.core.product -Djava.import.generatesMetadataFilesAtProjectRoot=false -DDetectVMInstallationsJob.disabled=true -Dfile.encoding=utf8 -XX:+UseParallelGC -XX:GCTimeRatio=4 -XX:AdaptiveSizePolicyWeight=90 -Dsun.zip.disableMemoryMapping=true -Xmx1G -Xms100m -Xlog:disable -javaagent:c:\Users\Hasinjo\.vscode\extensions\redhat.java-1.26.0-win32-x64\lombok\lombok-1.18.31-3454.jar -XX:+HeapDumpOnOutOfMemoryError -XX:HeapDumpPath=c:\Users\Hasinjo\AppData\Roaming\Code\User\workspaceStorage\47e84844d8669df998fe121360fdeccc\redhat.java -Daether.dependencyCollector.impl=bf 
java_command: c:\Users\Hasinjo\.vscode\extensions\redhat.java-1.26.0-win32-x64\server\plugins\org.eclipse.equinox.launcher_1.6.700.v20231214-2017.jar -configuration c:\Users\Hasinjo\AppData\Roaming\Code\User\globalStorage\redhat.java\1.26.0\config_win -data c:\Users\Hasinjo\AppData\Roaming\Code\User\workspaceStorage\47e84844d8669df998fe121360fdeccc\redhat.java\jdt_ws --stdio
java_class_path (initial): c:\Users\Hasinjo\.vscode\extensions\redhat.java-1.26.0-win32-x64\server\plugins\org.eclipse.equinox.launcher_1.6.700.v20231214-2017.jar
Launcher Type: SUN_STANDARD

[Global flags]
    uintx AdaptiveSizePolicyWeight                 = 90                                        {product} {command line}
     intx CICompilerCount                          = 3                                         {product} {ergonomic}
    uintx GCTimeRatio                              = 4                                         {product} {command line}
     bool HeapDumpOnOutOfMemoryError               = true                                   {manageable} {command line}
    ccstr HeapDumpPath                             = c:\Users\Hasinjo\AppData\Roaming\Code\User\workspaceStorage\47e84844d8669df998fe121360fdeccc\redhat.java         {manageable} {command line}
   size_t InitialHeapSize                          = 104857600                                 {product} {command line}
   size_t MaxHeapSize                              = 1073741824                                {product} {command line}
   size_t MaxNewSize                               = 357564416                                 {product} {ergonomic}
   size_t MinHeapDeltaBytes                        = 524288                                    {product} {ergonomic}
   size_t MinHeapSize                              = 104857600                                 {product} {command line}
   size_t NewSize                                  = 34603008                                  {product} {ergonomic}
    uintx NonNMethodCodeHeapSize                   = 5832780                                {pd product} {ergonomic}
    uintx NonProfiledCodeHeapSize                  = 122912730                              {pd product} {ergonomic}
   size_t OldSize                                  = 70254592                                  {product} {ergonomic}
    uintx ProfiledCodeHeapSize                     = 122912730                              {pd product} {ergonomic}
    uintx ReservedCodeCacheSize                    = 251658240                              {pd product} {ergonomic}
     bool SegmentedCodeCache                       = true                                      {product} {ergonomic}
   size_t SoftMaxHeapSize                          = 1073741824                             {manageable} {ergonomic}
     bool UseCompressedClassPointers               = true                           {product lp64_product} {ergonomic}
     bool UseCompressedOops                        = true                           {product lp64_product} {ergonomic}
     bool UseLargePagesIndividualAllocation        = false                                  {pd product} {ergonomic}
     bool UseParallelGC                            = true                                      {product} {command line}

Logging:
Log output configuration:
 #0: stdout all=off uptime,level,tags
 #1: stderr all=off uptime,level,tags

Environment Variables:
JAVA_HOME=%C:\Program Files\Java\jdk1.8.0_91\bin
PATH=C:\Program Files\Common Files\Oracle\Java\javapath;C:\Windows\system32;C:\Windows;C:\Windows\System32\Wbem;C:\Windows\System32\WindowsPowerShell\v1.0\;C:\Windows\System32\OpenSSH\;C:\Program Files\Java\jdk1.8.0_91\bin;C:\Users\Hasinjo\Desktop\Projet_servlet\TestFramework\WEB-INF\lib\Framework.jar;D:\server\xamp\php;C:\ProgramData\ComposerSetup\bin;C:\Program Files\nodejs\;C:\Program Files\dotnet\;C:\Users\Hasinjo\Desktop\apache-maven-3.8.8\bin;D:\S5\Naina\Test\dist\Test.jar;C:\Program Files\PostgreSQL\15\bin;D:\t\Programs\opencv\build\java\opencv-3416.jar;C:\Users\Hasinjo\AppData\Local\Microsoft\WindowsApps;C:\Users\Hasinjo\AppData\Local\Programs\Microsoft VS Code\bin;C:\Users\Hasinjo\AppData\Local\GitHubDesktop\bin;C:\Users\Hasinjo\AppData\Roaming\Composer\vendor\bin;C:\Users\Hasinjo\AppData\Roaming\npm;C:\Users\Hasinjo\.dotnet\tools;C:\Users\Hasinjo\Desktop\apache-maven-3.8.8\bin;D:\S5\Naina\Test\dist\Test.jar;C:\Program Files\JetBrains\IntelliJ IDEA 2022.2\bin;;C:\Program Files\PostgreSQL\15\bin;D:\t\Programs\opencv\build\java\opencv-3416.jar;C:\Users\Hasinjo\AppData\Local\Programs\mongosh\;C:\Users\Hasinjo\Downloads\mongodb-atlas-cli_1.14.0_windows_x86_64\bin\;C:\ProgramData\Hasinjo\GitHubDesktop\bin
USERNAME=Hasinjo
OS=Windows_NT
PROCESSOR_IDENTIFIER=Intel64 Family 6 Model 78 Stepping 3, GenuineIntel
TMP=C:\Users\Hasinjo\AppData\Local\Temp
TEMP=C:\Users\Hasinjo\AppData\Local\Temp



Periodic native trim disabled


---------------  S Y S T E M  ---------------

OS:
 Windows 11 , 64 bit Build 22000 (10.0.22000.2538)
OS uptime: 0 days 4:32 hours
Hyper-V role detected

CPU: total 4 (initial active 4) (2 cores per cpu, 2 threads per core) family 6 model 78 stepping 3 microcode 0xd6, cx8, cmov, fxsr, ht, mmx, 3dnowpref, sse, sse2, sse3, ssse3, sse4.1, sse4.2, popcnt, lzcnt, tsc, tscinvbit, avx, avx2, aes, erms, clmul, bmi1, bmi2, adx, fma, vzeroupper, clflush, clflushopt, hv
Processor Information for all 4 processors :
  Max Mhz: 2000, Current Mhz: 2000, Mhz Limit: 2000

Memory: 4k page, system-wide physical 4017M (69M free)
TotalPageFile size 13500M (AvailPageFile size 4M)
current process WorkingSet (physical memory assigned to process): 172M, peak: 173M
current process commit charge ("private bytes"): 255M, peak: 257M

vm_info: OpenJDK 64-Bit Server VM (17.0.9+9) for windows-amd64 JRE (17.0.9+9), built on Oct 26 2023 14:01:42 by "admin" with MS VC++ 16.10 / 16.11 (VS2019)

END.
