#
# There is insufficient memory for the Java Runtime Environment to continue.
# Native memory allocation (malloc) failed to allocate 755536 bytes for Chunk::new
# Possible reasons:
#   The system is out of physical RAM or swap space
#   The process is running with CompressedOops enabled, and the Java Heap may be blocking the growth of the native heap
# Possible solutions:
#   Reduce memory load on the system
#   Increase physical memory or swap space
#   Check if swap backing store is full
#   Decrease Java heap size (-Xmx/-Xms)
#   Decrease number of Java threads
#   Decrease Java thread stack sizes (-Xss)
#   Set larger code cache with -XX:ReservedCodeCacheSize=
#   JVM is running with Unscaled Compressed Oops mode in which the Java heap is
#     placed in the first 4GB address space. The Java Heap base address is the
#     maximum limit for the native heap growth. Please use -XX:HeapBaseMinAddress
#     to set the Java Heap base and to place the Java Heap above 4GB virtual address.
# This output file may be truncated or incomplete.
#
#  Out of Memory Error (arena.cpp:191), pid=21544, tid=28120
#
# JRE version: OpenJDK Runtime Environment Temurin-17.0.9+9 (17.0.9+9) (build 17.0.9+9)
# Java VM: OpenJDK 64-Bit Server VM Temurin-17.0.9+9 (17.0.9+9, mixed mode, tiered, compressed oops, compressed class ptrs, parallel gc, windows-amd64)
# No core dump will be written. Minidumps are not enabled by default on client versions of Windows
#

---------------  S U M M A R Y ------------

Command Line: --add-modules=ALL-SYSTEM --add-opens=java.base/java.util=ALL-UNNAMED --add-opens=java.base/java.lang=ALL-UNNAMED --add-opens=java.base/sun.nio.fs=ALL-UNNAMED -Declipse.application=org.eclipse.jdt.ls.core.id1 -Dosgi.bundles.defaultStartLevel=4 -Declipse.product=org.eclipse.jdt.ls.core.product -Djava.import.generatesMetadataFilesAtProjectRoot=false -DDetectVMInstallationsJob.disabled=true -Dfile.encoding=utf8 -XX:+UseParallelGC -XX:GCTimeRatio=4 -XX:AdaptiveSizePolicyWeight=90 -Dsun.zip.disableMemoryMapping=true -Xmx1G -Xms100m -Xlog:disable -javaagent:c:\Users\Hasinjo\.vscode\extensions\redhat.java-1.26.0-win32-x64\lombok\lombok-1.18.31-3454.jar -XX:+HeapDumpOnOutOfMemoryError -XX:HeapDumpPath=c:\Users\Hasinjo\AppData\Roaming\Code\User\workspaceStorage\47e84844d8669df998fe121360fdeccc\redhat.java -Daether.dependencyCollector.impl=bf c:\Users\Hasinjo\.vscode\extensions\redhat.java-1.26.0-win32-x64\server\plugins\org.eclipse.equinox.launcher_1.6.700.v20231214-2017.jar -configuration c:\Users\Hasinjo\AppData\Roaming\Code\User\globalStorage\redhat.java\1.26.0\config_win -data c:\Users\Hasinjo\AppData\Roaming\Code\User\workspaceStorage\47e84844d8669df998fe121360fdeccc\redhat.java\jdt_ws --stdio

Host: Intel(R) Core(TM) i3-6006U CPU @ 2.00GHz, 4 cores, 3G,  Windows 11 , 64 bit Build 22000 (10.0.22000.2538)
Time: Mon Jan 29 17:48:05 2024 Pacifique elapsed time: 56.110239 seconds (0d 0h 0m 56s)

---------------  T H R E A D  ---------------

Current thread (0x0000023d30b71b20):  JavaThread "C2 CompilerThread0" daemon [_thread_in_native, id=28120, stack(0x000000eb05d00000,0x000000eb05e00000)]


Current CompileTask:
C2:  56110 13083 % !   4       org.eclipse.jdt.internal.compiler.classfmt.ClassFileReader::<init> @ 63 (2113 bytes)

Stack: [0x000000eb05d00000,0x000000eb05e00000]
Native frames: (J=compiled Java code, j=interpreted, Vv=VM code, C=native code)
V  [jvm.dll+0x67cf49]
V  [jvm.dll+0x83478a]
V  [jvm.dll+0x83624e]
V  [jvm.dll+0x8368b3]
V  [jvm.dll+0x247f1f]
V  [jvm.dll+0xac43c]
V  [jvm.dll+0xaca8c]
V  [jvm.dll+0x2af45f]
V  [jvm.dll+0x5853f7]
V  [jvm.dll+0x222f62]
V  [jvm.dll+0x21c15e]
V  [jvm.dll+0x2198c1]
V  [jvm.dll+0x1a57cd]
V  [jvm.dll+0x2297ae]
V  [jvm.dll+0x22797c]
V  [jvm.dll+0x7e9877]
V  [jvm.dll+0x7e3c3a]
V  [jvm.dll+0x67be35]
C  [ucrtbase.dll+0x26c0c]
C  [KERNEL32.DLL+0x153e0]
C  [ntdll.dll+0x485b]


---------------  P R O C E S S  ---------------

Threads class SMR info:
_java_thread_list=0x0000023d38dd2f60, length=35, elements={
0x0000023d1cd0eec0, 0x0000023d30b51380, 0x0000023d30b525d0, 0x0000023d35cfa1a0,
0x0000023d35cfb020, 0x0000023d35cfe0b0, 0x0000023d30b71170, 0x0000023d30b71b20,
0x0000023d35d48a10, 0x0000023d35d49aa0, 0x0000023d35e0cc90, 0x0000023d35fe5c40,
0x0000023d366a9030, 0x0000023d3687aa40, 0x0000023d366c7350, 0x0000023d367d7280,
0x0000023d367d86c0, 0x0000023d367d95f0, 0x0000023d367d7790, 0x0000023d367d9b00,
0x0000023d367da010, 0x0000023d367da520, 0x0000023d367d81b0, 0x0000023d373aeaa0,
0x0000023d373b2250, 0x0000023d373b1830, 0x0000023d373b3690, 0x0000023d373b1320,
0x0000023d373aefb0, 0x0000023d373b2c70, 0x0000023d373b0e10, 0x0000023d373b3180,
0x0000023d373ae590, 0x0000023d373b40b0, 0x0000023d373b3ba0
}

Java Threads: ( => current thread )
  0x0000023d1cd0eec0 JavaThread "main" [_thread_blocked, id=28424, stack(0x000000eb05400000,0x000000eb05500000)]
  0x0000023d30b51380 JavaThread "Reference Handler" daemon [_thread_blocked, id=27696, stack(0x000000eb05700000,0x000000eb05800000)]
  0x0000023d30b525d0 JavaThread "Finalizer" daemon [_thread_blocked, id=12384, stack(0x000000eb05800000,0x000000eb05900000)]
  0x0000023d35cfa1a0 JavaThread "Signal Dispatcher" daemon [_thread_blocked, id=27792, stack(0x000000eb05900000,0x000000eb05a00000)]
  0x0000023d35cfb020 JavaThread "Attach Listener" daemon [_thread_blocked, id=27548, stack(0x000000eb05a00000,0x000000eb05b00000)]
  0x0000023d35cfe0b0 JavaThread "Service Thread" daemon [_thread_blocked, id=29092, stack(0x000000eb05b00000,0x000000eb05c00000)]
  0x0000023d30b71170 JavaThread "Monitor Deflation Thread" daemon [_thread_blocked, id=26632, stack(0x000000eb05c00000,0x000000eb05d00000)]
=>0x0000023d30b71b20 JavaThread "C2 CompilerThread0" daemon [_thread_in_native, id=28120, stack(0x000000eb05d00000,0x000000eb05e00000)]
  0x0000023d35d48a10 JavaThread "C1 CompilerThread0" daemon [_thread_blocked, id=3840, stack(0x000000eb05e00000,0x000000eb05f00000)]
  0x0000023d35d49aa0 JavaThread "Sweeper thread" daemon [_thread_blocked, id=1192, stack(0x000000eb05f00000,0x000000eb06000000)]
  0x0000023d35e0cc90 JavaThread "Common-Cleaner" daemon [_thread_blocked, id=30164, stack(0x000000eb06000000,0x000000eb06100000)]
  0x0000023d35fe5c40 JavaThread "Notification Thread" daemon [_thread_blocked, id=30668, stack(0x000000eb06100000,0x000000eb06200000)]
  0x0000023d366a9030 JavaThread "Active Thread: Equinox Container: 09a77ba1-2af0-4b94-9519-b364351ade9b" [_thread_blocked, id=30452, stack(0x000000eb06600000,0x000000eb06700000)]
  0x0000023d3687aa40 JavaThread "Framework Event Dispatcher: Equinox Container: 09a77ba1-2af0-4b94-9519-b364351ade9b" daemon [_thread_blocked, id=21112, stack(0x000000eb06700000,0x000000eb06800000)]
  0x0000023d366c7350 JavaThread "Start Level: Equinox Container: 09a77ba1-2af0-4b94-9519-b364351ade9b" daemon [_thread_blocked, id=16208, stack(0x000000eb06800000,0x000000eb06900000)]
  0x0000023d367d7280 JavaThread "Bundle File Closer" daemon [_thread_blocked, id=27944, stack(0x000000eb06900000,0x000000eb06a00000)]
  0x0000023d367d86c0 JavaThread "SCR Component Actor" daemon [_thread_blocked, id=27864, stack(0x000000eb06a00000,0x000000eb06b00000)]
  0x0000023d367d95f0 JavaThread "Worker-JM" [_thread_blocked, id=27892, stack(0x000000eb06c00000,0x000000eb06d00000)]
  0x0000023d367d7790 JavaThread "Worker-0" [_thread_blocked, id=8224, stack(0x000000eb06d00000,0x000000eb06e00000)]
  0x0000023d367d9b00 JavaThread "Worker-1: Initialize workspace" [_thread_blocked, id=27976, stack(0x000000eb06e00000,0x000000eb06f00000)]
  0x0000023d367da010 JavaThread "Worker-2: Refreshing workspace" [_thread_blocked, id=29700, stack(0x000000eb06f00000,0x000000eb07000000)]
  0x0000023d367da520 JavaThread "Java indexing" daemon [_thread_in_Java, id=4144, stack(0x000000eb07000000,0x000000eb07100000)]
  0x0000023d367d81b0 JavaThread "Worker-3: Synchronizing projects" [_thread_blocked, id=20512, stack(0x000000eb07100000,0x000000eb07200000)]
  0x0000023d373aeaa0 JavaThread "Worker-4: Update project demo" [_thread_in_vm, id=16060, stack(0x000000eb07200000,0x000000eb07300000)]
  0x0000023d373b2250 JavaThread "JNA Cleaner" daemon [_thread_blocked, id=15672, stack(0x000000eb07300000,0x000000eb07400000)]
  0x0000023d373b1830 JavaThread "pool-2-thread-1" [_thread_blocked, id=30556, stack(0x000000eb06b00000,0x000000eb06c00000)]
  0x0000023d373b3690 JavaThread "WorkspaceEventsHandler" [_thread_blocked, id=29336, stack(0x000000eb07600000,0x000000eb07700000)]
  0x0000023d373b1320 JavaThread "pool-1-thread-1" [_thread_in_native, id=26576, stack(0x000000eb07700000,0x000000eb07800000)]
  0x0000023d373aefb0 JavaThread "ForkJoinPool.commonPool-worker-1" daemon [_thread_blocked, id=26708, stack(0x000000eb07800000,0x000000eb07900000)]
  0x0000023d373b2c70 JavaThread "ForkJoinPool.commonPool-worker-2" daemon [_thread_blocked, id=28084, stack(0x000000eb07900000,0x000000eb07a00000)]
  0x0000023d373b0e10 JavaThread "ForkJoinPool.commonPool-worker-3" daemon [_thread_blocked, id=27744, stack(0x000000eb07a00000,0x000000eb07b00000)]
  0x0000023d373b3180 JavaThread "Worker-5" [_thread_blocked, id=30564, stack(0x000000eb07b00000,0x000000eb07c00000)]
  0x0000023d373ae590 JavaThread "Worker-6" [_thread_blocked, id=30600, stack(0x000000eb07c00000,0x000000eb07d00000)]
  0x0000023d373b40b0 JavaThread "Worker-7: Java indexing... " [_thread_blocked, id=28252, stack(0x000000eb07d00000,0x000000eb07e00000)]
  0x0000023d373b3ba0 JavaThread "Worker-8" [_thread_blocked, id=27460, stack(0x000000eb07e00000,0x000000eb07f00000)]

Other Threads:
  0x0000023d1cdaec20 VMThread "VM Thread" [stack: 0x000000eb05600000,0x000000eb05700000] [id=23732]
  0x0000023d36100bd0 WatcherThread [stack: 0x000000eb06200000,0x000000eb06300000] [id=29884]
  0x0000023d1cd24610 GCTaskThread "GC Thread#0" [stack: 0x000000eb05500000,0x000000eb05600000] [id=30508]
  0x0000023d364b27c0 GCTaskThread "GC Thread#1" [stack: 0x000000eb06300000,0x000000eb06400000] [id=29964]
  0x0000023d364b2a80 GCTaskThread "GC Thread#2" [stack: 0x000000eb06400000,0x000000eb06500000] [id=11732]
  0x0000023d365ac4e0 GCTaskThread "GC Thread#3" [stack: 0x000000eb06500000,0x000000eb06600000] [id=28532]

Threads with active compile tasks:
C2 CompilerThread0    56187 13083 % !   4       org.eclipse.jdt.internal.compiler.classfmt.ClassFileReader::<init> @ 63 (2113 bytes)

VM state: not at safepoint (normal execution)

VM Mutex/Monitor currently owned by a thread: None

Heap address: 0x00000000c0000000, size: 1024 MB, Compressed Oops mode: 32-bit

CDS archive(s) not mapped
Compressed class space mapped at: 0x0000000100000000-0x0000000140000000, reserved size: 1073741824
Narrow klass base: 0x0000000000000000, Narrow klass shift: 3, Narrow klass range: 0x140000000

GC Precious Log:
 CPUs: 4 total, 4 available
 Memory: 4017M
 Large Page Support: Disabled
 NUMA Support: Disabled
 Compressed Oops: Enabled (32-bit)
 Alignments: Space 512K, Generation 512K, Heap 2M
 Heap Min Capacity: 100M
 Heap Initial Capacity: 100M
 Heap Max Capacity: 1G
 Pre-touch: Disabled
 Parallel Workers: 4

Heap:
 PSYoungGen      total 6144K, used 4669K [0x00000000eab00000, 0x00000000eb300000, 0x0000000100000000)
  eden space 4096K, 76% used [0x00000000eab00000,0x00000000eae0efc0,0x00000000eaf00000)
  from space 2048K, 75% used [0x00000000eb100000,0x00000000eb280610,0x00000000eb300000)
  to   space 2048K, 0% used [0x00000000eaf00000,0x00000000eaf00000,0x00000000eb100000)
 ParOldGen       total 110592K, used 85635K [0x00000000c0000000, 0x00000000c6c00000, 0x00000000eab00000)
  object space 110592K, 77% used [0x00000000c0000000,0x00000000c53a0f08,0x00000000c6c00000)
 Metaspace       used 74289K, committed 75648K, reserved 1179648K
  class space    used 7600K, committed 8192K, reserved 1048576K

Card table byte_map: [0x0000023d1c6a0000,0x0000023d1c8b0000] _byte_map_base: 0x0000023d1c0a0000

Marking Bits: (ParMarkBitMap*) 0x00007ffa300bd0b0
 Begin Bits: [0x0000023d2e990000, 0x0000023d2f990000)
 End Bits:   [0x0000023d2f990000, 0x0000023d30990000)

Polling page: 0x0000023d1c480000

Metaspace:

Usage:
  Non-class:     65.13 MB used.
      Class:      7.42 MB used.
       Both:     72.55 MB used.

Virtual space:
  Non-class space:      128.00 MB reserved,      65.88 MB ( 51%) committed,  2 nodes.
      Class space:        1.00 GB reserved,       8.00 MB ( <1%) committed,  1 nodes.
             Both:        1.12 GB reserved,      73.88 MB (  6%) committed. 

Chunk freelists:
   Non-Class:  13.94 MB
       Class:  8.01 MB
        Both:  21.95 MB

MaxMetaspaceSize: unlimited
CompressedClassSpaceSize: 1.00 GB
Initial GC threshold: 21.00 MB
Current GC threshold: 122.94 MB
CDS: off
MetaspaceReclaimPolicy: balanced
 - commit_granule_bytes: 65536.
 - commit_granule_words: 8192.
 - virtual_space_node_default_size: 8388608.
 - enlarge_chunks_in_place: 1.
 - new_chunks_are_fully_committed: 0.
 - uncommit_free_chunks: 1.
 - use_allocation_guard: 0.
 - handle_deallocations: 1.


Internal statistics:

num_allocs_failed_limit: 9.
num_arena_births: 962.
num_arena_deaths: 16.
num_vsnodes_births: 3.
num_vsnodes_deaths: 0.
num_space_committed: 1182.
num_space_uncommitted: 0.
num_chunks_returned_to_freelist: 25.
num_chunks_taken_from_freelist: 4191.
num_chunk_merges: 12.
num_chunk_splits: 2525.
num_chunks_enlarged: 1345.
num_inconsistent_stats: 0.

CodeHeap 'non-profiled nmethods': size=120000Kb used=4473Kb max_used=4520Kb free=115526Kb
 bounds [0x0000023d27460000, 0x0000023d278d0000, 0x0000023d2e990000]
CodeHeap 'profiled nmethods': size=120000Kb used=23645Kb max_used=23645Kb free=96354Kb
 bounds [0x0000023d1f990000, 0x0000023d210b0000, 0x0000023d26ec0000]
CodeHeap 'non-nmethods': size=5760Kb used=1358Kb max_used=1457Kb free=4402Kb
 bounds [0x0000023d26ec0000, 0x0000023d27130000, 0x0000023d27460000]
 total_blobs=11735 nmethods=11027 adapters=620
 compilation: enabled
              stopped_count=0, restarted_count=0
 full_count=0

Compilation events (20 events):
Event: 55.990 Thread 0x0000023d35d48a10 13253       2       org.eclipse.core.internal.content.LazyInputStream::getOffsetInCurrentBlock (11 bytes)
Event: 55.991 Thread 0x0000023d35d48a10 nmethod 13253 0x0000023d210a3190 code [0x0000023d210a3320, 0x0000023d210a3458]
Event: 55.991 Thread 0x0000023d35d48a10 13254       2       org.eclipse.core.internal.content.LazyInputStream::increaseOffset (16 bytes)
Event: 55.991 Thread 0x0000023d35d48a10 nmethod 13254 0x0000023d210a3510 code [0x0000023d210a36a0, 0x0000023d210a37e8]
Event: 55.993 Thread 0x0000023d35d48a10 13255   !   2       org.eclipse.core.internal.content.LazyInputStream::ensureAvailable (67 bytes)
Event: 55.994 Thread 0x0000023d35d48a10 nmethod 13255 0x0000023d210a3890 code [0x0000023d210a3a60, 0x0000023d210a3d48]
Event: 55.994 Thread 0x0000023d35d48a10 13256       2       org.eclipse.core.internal.content.LazyInputStream::getCurrentBlockIndex (14 bytes)
Event: 55.994 Thread 0x0000023d35d48a10 nmethod 13256 0x0000023d210a3f10 code [0x0000023d210a40c0, 0x0000023d210a42c8]
Event: 55.994 Thread 0x0000023d35d48a10 13257       2       org.eclipse.core.internal.content.LazyInputStream::read (45 bytes)
Event: 55.995 Thread 0x0000023d35d48a10 nmethod 13257 0x0000023d210a4410 code [0x0000023d210a45e0, 0x0000023d210a4948]
Event: 56.068 Thread 0x0000023d35d48a10 13259       2       org.apache.maven.artifact.DefaultArtifact::setBaseVersionInternal (9 bytes)
Event: 56.068 Thread 0x0000023d35d48a10 nmethod 13259 0x0000023d210a4b90 code [0x0000023d210a4d20, 0x0000023d210a4e68]
Event: 56.072 Thread 0x0000023d35d48a10 13260       2       org.apache.maven.artifact.ArtifactUtils::toSnapshotVersion (77 bytes)
Event: 56.073 Thread 0x0000023d35d48a10 nmethod 13260 0x0000023d210a4f10 code [0x0000023d210a5160, 0x0000023d210a5638]
Event: 56.076 Thread 0x0000023d35d48a10 13261       2       org.eclipse.m2e.core.internal.embedder.MavenExecutionContext::getValue (11 bytes)
Event: 56.076 Thread 0x0000023d35d48a10 nmethod 13261 0x0000023d210a5990 code [0x0000023d210a5b20, 0x0000023d210a5c48]
Event: 56.080 Thread 0x0000023d35d48a10 13262       2       org.eclipse.sisu.plexus.Hints::canonicalHints (49 bytes)
Event: 56.080 Thread 0x0000023d35d48a10 nmethod 13262 0x0000023d210a5d10 code [0x0000023d210a5ec0, 0x0000023d210a61c8]
Event: 56.093 Thread 0x0000023d35d48a10 13263       1       org.apache.maven.artifact.DefaultArtifact::getVersion (5 bytes)
Event: 56.093 Thread 0x0000023d35d48a10 nmethod 13263 0x0000023d27804710 code [0x0000023d278048a0, 0x0000023d27804978]

GC Heap History (20 events):
Event: 55.136 GC heap before
{Heap before GC invocations=104 (full 5):
 PSYoungGen      total 6656K, used 6628K [0x00000000eab00000, 0x00000000eb480000, 0x0000000100000000)
  eden space 5120K, 100% used [0x00000000eab00000,0x00000000eb000000,0x00000000eb000000)
  from space 1536K, 98% used [0x00000000eb200000,0x00000000eb379290,0x00000000eb380000)
  to   space 2048K, 0% used [0x00000000eb000000,0x00000000eb000000,0x00000000eb200000)
 ParOldGen       total 97792K, used 92162K [0x00000000c0000000, 0x00000000c5f80000, 0x00000000eab00000)
  object space 97792K, 94% used [0x00000000c0000000,0x00000000c5a00838,0x00000000c5f80000)
 Metaspace       used 73984K, committed 75456K, reserved 1179648K
  class space    used 7561K, committed 8192K, reserved 1048576K
}
Event: 55.140 GC heap after
{Heap after GC invocations=104 (full 5):
 PSYoungGen      total 6144K, used 736K [0x00000000eab00000, 0x00000000eb300000, 0x0000000100000000)
  eden space 5120K, 0% used [0x00000000eab00000,0x00000000eab00000,0x00000000eb000000)
  from space 1024K, 71% used [0x00000000eb000000,0x00000000eb0b8000,0x00000000eb100000)
  to   space 1536K, 0% used [0x00000000eb180000,0x00000000eb180000,0x00000000eb300000)
 ParOldGen       total 97792K, used 93610K [0x00000000c0000000, 0x00000000c5f80000, 0x00000000eab00000)
  object space 97792K, 95% used [0x00000000c0000000,0x00000000c5b6a840,0x00000000c5f80000)
 Metaspace       used 73984K, committed 75456K, reserved 1179648K
  class space    used 7561K, committed 8192K, reserved 1048576K
}
Event: 55.244 GC heap before
{Heap before GC invocations=105 (full 5):
 PSYoungGen      total 6144K, used 5856K [0x00000000eab00000, 0x00000000eb300000, 0x0000000100000000)
  eden space 5120K, 100% used [0x00000000eab00000,0x00000000eb000000,0x00000000eb000000)
  from space 1024K, 71% used [0x00000000eb000000,0x00000000eb0b8000,0x00000000eb100000)
  to   space 1536K, 0% used [0x00000000eb180000,0x00000000eb180000,0x00000000eb300000)
 ParOldGen       total 97792K, used 93610K [0x00000000c0000000, 0x00000000c5f80000, 0x00000000eab00000)
  object space 97792K, 95% used [0x00000000c0000000,0x00000000c5b6a840,0x00000000c5f80000)
 Metaspace       used 74021K, committed 75456K, reserved 1179648K
  class space    used 7568K, committed 8192K, reserved 1048576K
}
Event: 55.247 GC heap after
{Heap after GC invocations=105 (full 5):
 PSYoungGen      total 6144K, used 704K [0x00000000eab00000, 0x00000000eb280000, 0x0000000100000000)
  eden space 5120K, 0% used [0x00000000eab00000,0x00000000eab00000,0x00000000eb000000)
  from space 1024K, 68% used [0x00000000eb180000,0x00000000eb230000,0x00000000eb280000)
  to   space 1024K, 0% used [0x00000000eb000000,0x00000000eb000000,0x00000000eb100000)
 ParOldGen       total 97792K, used 94290K [0x00000000c0000000, 0x00000000c5f80000, 0x00000000eab00000)
  object space 97792K, 96% used [0x00000000c0000000,0x00000000c5c14840,0x00000000c5f80000)
 Metaspace       used 74021K, committed 75456K, reserved 1179648K
  class space    used 7568K, committed 8192K, reserved 1048576K
}
Event: 55.315 GC heap before
{Heap before GC invocations=106 (full 5):
 PSYoungGen      total 6144K, used 5824K [0x00000000eab00000, 0x00000000eb280000, 0x0000000100000000)
  eden space 5120K, 100% used [0x00000000eab00000,0x00000000eb000000,0x00000000eb000000)
  from space 1024K, 68% used [0x00000000eb180000,0x00000000eb230000,0x00000000eb280000)
  to   space 1024K, 0% used [0x00000000eb000000,0x00000000eb000000,0x00000000eb100000)
 ParOldGen       total 97792K, used 94290K [0x00000000c0000000, 0x00000000c5f80000, 0x00000000eab00000)
  object space 97792K, 96% used [0x00000000c0000000,0x00000000c5c14840,0x00000000c5f80000)
 Metaspace       used 74065K, committed 75456K, reserved 1179648K
  class space    used 7572K, committed 8192K, reserved 1048576K
}
Event: 55.317 GC heap after
{Heap after GC invocations=106 (full 5):
 PSYoungGen      total 6144K, used 1024K [0x00000000eab00000, 0x00000000eb300000, 0x0000000100000000)
  eden space 5120K, 0% used [0x00000000eab00000,0x00000000eab00000,0x00000000eb000000)
  from space 1024K, 100% used [0x00000000eb000000,0x00000000eb100000,0x00000000eb100000)
  to   space 1536K, 0% used [0x00000000eb180000,0x00000000eb180000,0x00000000eb300000)
 ParOldGen       total 97792K, used 94522K [0x00000000c0000000, 0x00000000c5f80000, 0x00000000eab00000)
  object space 97792K, 96% used [0x00000000c0000000,0x00000000c5c4e840,0x00000000c5f80000)
 Metaspace       used 74065K, committed 75456K, reserved 1179648K
  class space    used 7572K, committed 8192K, reserved 1048576K
}
Event: 55.382 GC heap before
{Heap before GC invocations=107 (full 5):
 PSYoungGen      total 6144K, used 6144K [0x00000000eab00000, 0x00000000eb300000, 0x0000000100000000)
  eden space 5120K, 100% used [0x00000000eab00000,0x00000000eb000000,0x00000000eb000000)
  from space 1024K, 100% used [0x00000000eb000000,0x00000000eb100000,0x00000000eb100000)
  to   space 1536K, 0% used [0x00000000eb180000,0x00000000eb180000,0x00000000eb300000)
 ParOldGen       total 97792K, used 94522K [0x00000000c0000000, 0x00000000c5f80000, 0x00000000eab00000)
  object space 97792K, 96% used [0x00000000c0000000,0x00000000c5c4e840,0x00000000c5f80000)
 Metaspace       used 74092K, committed 75520K, reserved 1179648K
  class space    used 7574K, committed 8192K, reserved 1048576K
}
Event: 55.384 GC heap after
{Heap after GC invocations=107 (full 5):
 PSYoungGen      total 6144K, used 608K [0x00000000eab00000, 0x00000000eb280000, 0x0000000100000000)
  eden space 5120K, 0% used [0x00000000eab00000,0x00000000eab00000,0x00000000eb000000)
  from space 1024K, 59% used [0x00000000eb180000,0x00000000eb218000,0x00000000eb280000)
  to   space 1024K, 0% used [0x00000000eb000000,0x00000000eb000000,0x00000000eb100000)
 ParOldGen       total 97792K, used 95530K [0x00000000c0000000, 0x00000000c5f80000, 0x00000000eab00000)
  object space 97792K, 97% used [0x00000000c0000000,0x00000000c5d4a840,0x00000000c5f80000)
 Metaspace       used 74092K, committed 75520K, reserved 1179648K
  class space    used 7574K, committed 8192K, reserved 1048576K
}
Event: 55.450 GC heap before
{Heap before GC invocations=108 (full 5):
 PSYoungGen      total 6144K, used 5728K [0x00000000eab00000, 0x00000000eb280000, 0x0000000100000000)
  eden space 5120K, 100% used [0x00000000eab00000,0x00000000eb000000,0x00000000eb000000)
  from space 1024K, 59% used [0x00000000eb180000,0x00000000eb218000,0x00000000eb280000)
  to   space 1024K, 0% used [0x00000000eb000000,0x00000000eb000000,0x00000000eb100000)
 ParOldGen       total 97792K, used 95530K [0x00000000c0000000, 0x00000000c5f80000, 0x00000000eab00000)
  object space 97792K, 97% used [0x00000000c0000000,0x00000000c5d4a840,0x00000000c5f80000)
 Metaspace       used 74136K, committed 75520K, reserved 1179648K
  class space    used 7578K, committed 8192K, reserved 1048576K
}
Event: 55.453 GC heap after
{Heap after GC invocations=108 (full 5):
 PSYoungGen      total 6144K, used 704K [0x00000000eab00000, 0x00000000eb200000, 0x0000000100000000)
  eden space 5120K, 0% used [0x00000000eab00000,0x00000000eab00000,0x00000000eb000000)
  from space 1024K, 68% used [0x00000000eb000000,0x00000000eb0b0000,0x00000000eb100000)
  to   space 1024K, 0% used [0x00000000eb100000,0x00000000eb100000,0x00000000eb200000)
 ParOldGen       total 97792K, used 96064K [0x00000000c0000000, 0x00000000c5f80000, 0x00000000eab00000)
  object space 97792K, 98% used [0x00000000c0000000,0x00000000c5dd0050,0x00000000c5f80000)
 Metaspace       used 74136K, committed 75520K, reserved 1179648K
  class space    used 7578K, committed 8192K, reserved 1048576K
}
Event: 55.475 GC heap before
{Heap before GC invocations=109 (full 5):
 PSYoungGen      total 6144K, used 5824K [0x00000000eab00000, 0x00000000eb200000, 0x0000000100000000)
  eden space 5120K, 100% used [0x00000000eab00000,0x00000000eb000000,0x00000000eb000000)
  from space 1024K, 68% used [0x00000000eb000000,0x00000000eb0b0000,0x00000000eb100000)
  to   space 1024K, 0% used [0x00000000eb100000,0x00000000eb100000,0x00000000eb200000)
 ParOldGen       total 97792K, used 96064K [0x00000000c0000000, 0x00000000c5f80000, 0x00000000eab00000)
  object space 97792K, 98% used [0x00000000c0000000,0x00000000c5dd0050,0x00000000c5f80000)
 Metaspace       used 74136K, committed 75520K, reserved 1179648K
  class space    used 7578K, committed 8192K, reserved 1048576K
}
Event: 55.477 GC heap after
{Heap after GC invocations=109 (full 5):
 PSYoungGen      total 5632K, used 384K [0x00000000eab00000, 0x00000000eb180000, 0x0000000100000000)
  eden space 5120K, 0% used [0x00000000eab00000,0x00000000eab00000,0x00000000eb000000)
  from space 512K, 75% used [0x00000000eb100000,0x00000000eb160000,0x00000000eb180000)
  to   space 512K, 0% used [0x00000000eb080000,0x00000000eb080000,0x00000000eb100000)
 ParOldGen       total 97792K, used 96600K [0x00000000c0000000, 0x00000000c5f80000, 0x00000000eab00000)
  object space 97792K, 98% used [0x00000000c0000000,0x00000000c5e56050,0x00000000c5f80000)
 Metaspace       used 74136K, committed 75520K, reserved 1179648K
  class space    used 7578K, committed 8192K, reserved 1048576K
}
Event: 55.573 GC heap before
{Heap before GC invocations=110 (full 5):
 PSYoungGen      total 5632K, used 5504K [0x00000000eab00000, 0x00000000eb180000, 0x0000000100000000)
  eden space 5120K, 100% used [0x00000000eab00000,0x00000000eb000000,0x00000000eb000000)
  from space 512K, 75% used [0x00000000eb100000,0x00000000eb160000,0x00000000eb180000)
  to   space 512K, 0% used [0x00000000eb080000,0x00000000eb080000,0x00000000eb100000)
 ParOldGen       total 97792K, used 96600K [0x00000000c0000000, 0x00000000c5f80000, 0x00000000eab00000)
  object space 97792K, 98% used [0x00000000c0000000,0x00000000c5e56050,0x00000000c5f80000)
 Metaspace       used 74145K, committed 75520K, reserved 1179648K
  class space    used 7579K, committed 8192K, reserved 1048576K
}
Event: 55.574 GC heap after
{Heap after GC invocations=110 (full 5):
 PSYoungGen      total 5632K, used 353K [0x00000000eab00000, 0x00000000eb180000, 0x0000000100000000)
  eden space 5120K, 0% used [0x00000000eab00000,0x00000000eab00000,0x00000000eb000000)
  from space 512K, 68% used [0x00000000eb080000,0x00000000eb0d8470,0x00000000eb100000)
  to   space 512K, 0% used [0x00000000eb100000,0x00000000eb100000,0x00000000eb180000)
 ParOldGen       total 97792K, used 96896K [0x00000000c0000000, 0x00000000c5f80000, 0x00000000eab00000)
  object space 97792K, 99% used [0x00000000c0000000,0x00000000c5ea0050,0x00000000c5f80000)
 Metaspace       used 74145K, committed 75520K, reserved 1179648K
  class space    used 7579K, committed 8192K, reserved 1048576K
}
Event: 55.675 GC heap before
{Heap before GC invocations=111 (full 5):
 PSYoungGen      total 5632K, used 5467K [0x00000000eab00000, 0x00000000eb180000, 0x0000000100000000)
  eden space 5120K, 99% used [0x00000000eab00000,0x00000000eaffe8e8,0x00000000eb000000)
  from space 512K, 68% used [0x00000000eb080000,0x00000000eb0d8470,0x00000000eb100000)
  to   space 512K, 0% used [0x00000000eb100000,0x00000000eb100000,0x00000000eb180000)
 ParOldGen       total 97792K, used 96896K [0x00000000c0000000, 0x00000000c5f80000, 0x00000000eab00000)
  object space 97792K, 99% used [0x00000000c0000000,0x00000000c5ea0050,0x00000000c5f80000)
 Metaspace       used 74150K, committed 75520K, reserved 1179648K
  class space    used 7580K, committed 8192K, reserved 1048576K
}
Event: 55.678 GC heap after
{Heap after GC invocations=111 (full 5):
 PSYoungGen      total 4608K, used 482K [0x00000000eab00000, 0x00000000eb400000, 0x0000000100000000)
  eden space 4096K, 0% used [0x00000000eab00000,0x00000000eab00000,0x00000000eaf00000)
  from space 512K, 94% used [0x00000000eb100000,0x00000000eb178800,0x00000000eb180000)
  to   space 2048K, 0% used [0x00000000eaf00000,0x00000000eaf00000,0x00000000eb100000)
 ParOldGen       total 98304K, used 97987K [0x00000000c0000000, 0x00000000c6000000, 0x00000000eab00000)
  object space 98304K, 99% used [0x00000000c0000000,0x00000000c5fb0e00,0x00000000c6000000)
 Metaspace       used 74150K, committed 75520K, reserved 1179648K
  class space    used 7580K, committed 8192K, reserved 1048576K
}
Event: 55.678 GC heap before
{Heap before GC invocations=112 (full 6):
 PSYoungGen      total 4608K, used 482K [0x00000000eab00000, 0x00000000eb400000, 0x0000000100000000)
  eden space 4096K, 0% used [0x00000000eab00000,0x00000000eab00000,0x00000000eaf00000)
  from space 512K, 94% used [0x00000000eb100000,0x00000000eb178800,0x00000000eb180000)
  to   space 2048K, 0% used [0x00000000eaf00000,0x00000000eaf00000,0x00000000eb100000)
 ParOldGen       total 98304K, used 97987K [0x00000000c0000000, 0x00000000c6000000, 0x00000000eab00000)
  object space 98304K, 99% used [0x00000000c0000000,0x00000000c5fb0e00,0x00000000c6000000)
 Metaspace       used 74150K, committed 75520K, reserved 1179648K
  class space    used 7580K, committed 8192K, reserved 1048576K
}
Event: 55.891 GC heap after
{Heap after GC invocations=112 (full 6):
 PSYoungGen      total 6144K, used 0K [0x00000000eab00000, 0x00000000eb300000, 0x0000000100000000)
  eden space 4096K, 0% used [0x00000000eab00000,0x00000000eab00000,0x00000000eaf00000)
  from space 2048K, 0% used [0x00000000eaf00000,0x00000000eaf00000,0x00000000eb100000)
  to   space 2048K, 0% used [0x00000000eb100000,0x00000000eb100000,0x00000000eb300000)
 ParOldGen       total 110592K, used 85635K [0x00000000c0000000, 0x00000000c6c00000, 0x00000000eab00000)
  object space 110592K, 77% used [0x00000000c0000000,0x00000000c53a0f08,0x00000000c6c00000)
 Metaspace       used 74150K, committed 75520K, reserved 1179648K
  class space    used 7580K, committed 8192K, reserved 1048576K
}
Event: 55.964 GC heap before
{Heap before GC invocations=113 (full 6):
 PSYoungGen      total 6144K, used 4096K [0x00000000eab00000, 0x00000000eb300000, 0x0000000100000000)
  eden space 4096K, 100% used [0x00000000eab00000,0x00000000eaf00000,0x00000000eaf00000)
  from space 2048K, 0% used [0x00000000eaf00000,0x00000000eaf00000,0x00000000eb100000)
  to   space 2048K, 0% used [0x00000000eb100000,0x00000000eb100000,0x00000000eb300000)
 ParOldGen       total 110592K, used 85635K [0x00000000c0000000, 0x00000000c6c00000, 0x00000000eab00000)
  object space 110592K, 77% used [0x00000000c0000000,0x00000000c53a0f08,0x00000000c6c00000)
 Metaspace       used 74270K, committed 75648K, reserved 1179648K
  class space    used 7597K, committed 8192K, reserved 1048576K
}
Event: 55.969 GC heap after
{Heap after GC invocations=113 (full 6):
 PSYoungGen      total 6144K, used 1537K [0x00000000eab00000, 0x00000000eb300000, 0x0000000100000000)
  eden space 4096K, 0% used [0x00000000eab00000,0x00000000eab00000,0x00000000eaf00000)
  from space 2048K, 75% used [0x00000000eb100000,0x00000000eb280610,0x00000000eb300000)
  to   space 2048K, 0% used [0x00000000eaf00000,0x00000000eaf00000,0x00000000eb100000)
 ParOldGen       total 110592K, used 85635K [0x00000000c0000000, 0x00000000c6c00000, 0x00000000eab00000)
  object space 110592K, 77% used [0x00000000c0000000,0x00000000c53a0f08,0x00000000c6c00000)
 Metaspace       used 74270K, committed 75648K, reserved 1179648K
  class space    used 7597K, committed 8192K, reserved 1048576K
}

Dll operation events (10 events):
Event: 0.029 Loaded shared library c:\Users\Hasinjo\.vscode\extensions\redhat.java-1.26.0-win32-x64\jre\17.0.9-win32-x86_64\bin\java.dll
Event: 1.808 Loaded shared library c:\Users\Hasinjo\.vscode\extensions\redhat.java-1.26.0-win32-x64\jre\17.0.9-win32-x86_64\bin\zip.dll
Event: 1.830 Loaded shared library C:\Users\Hasinjo\.vscode\extensions\redhat.java-1.26.0-win32-x64\jre\17.0.9-win32-x86_64\bin\instrument.dll
Event: 2.019 Loaded shared library C:\Users\Hasinjo\.vscode\extensions\redhat.java-1.26.0-win32-x64\jre\17.0.9-win32-x86_64\bin\net.dll
Event: 2.024 Loaded shared library C:\Users\Hasinjo\.vscode\extensions\redhat.java-1.26.0-win32-x64\jre\17.0.9-win32-x86_64\bin\nio.dll
Event: 2.039 Loaded shared library C:\Users\Hasinjo\.vscode\extensions\redhat.java-1.26.0-win32-x64\jre\17.0.9-win32-x86_64\bin\zip.dll
Event: 2.172 Loaded shared library C:\Users\Hasinjo\.vscode\extensions\redhat.java-1.26.0-win32-x64\jre\17.0.9-win32-x86_64\bin\jimage.dll
Event: 2.912 Loaded shared library c:\Users\Hasinjo\.vscode\extensions\redhat.java-1.26.0-win32-x64\jre\17.0.9-win32-x86_64\bin\verify.dll
Event: 7.999 Loaded shared library C:\Users\Hasinjo\AppData\Roaming\Code\User\globalStorage\redhat.java\1.26.0\config_win\org.eclipse.equinox.launcher\org.eclipse.equinox.launcher.win32.win32.x86_64_1.2.800.v20231003-1442\eclipse_11802.dll
Event: 28.864 Loaded shared library C:\Users\Hasinjo\AppData\Local\Temp\jna--1932741980\jna18328034354921699797.dll

Deoptimization events (20 events):
Event: 55.618 Thread 0x0000023d367da520 DEOPT PACKING pc=0x0000023d2108eb02 sp=0x000000eb070fef20
Event: 55.618 Thread 0x0000023d367da520 DEOPT UNPACKING pc=0x0000023d26f16e43 sp=0x000000eb070fe3f0 mode 0
Event: 55.896 Thread 0x0000023d373aeaa0 DEOPT PACKING pc=0x0000023d202f1f1f sp=0x000000eb072fd960
Event: 55.896 Thread 0x0000023d373aeaa0 DEOPT UNPACKING pc=0x0000023d26f16e43 sp=0x000000eb072fcee0 mode 0
Event: 55.914 Thread 0x0000023d373b3180 Uncommon trap: trap_request=0xffffff45 fr.pc=0x0000023d27553190 relative=0x0000000000000270
Event: 55.914 Thread 0x0000023d373b3180 Uncommon trap: reason=unstable_if action=reinterpret pc=0x0000023d27553190 method=com.sun.org.apache.xerces.internal.impl.io.UTF8Reader.read([CII)I @ 131 c2
Event: 55.914 Thread 0x0000023d373b3180 DEOPT PACKING pc=0x0000023d27553190 sp=0x000000eb07bfdef0
Event: 55.914 Thread 0x0000023d373b3180 DEOPT UNPACKING pc=0x0000023d26f166a3 sp=0x000000eb07bfde08 mode 2
Event: 55.927 Thread 0x0000023d373b3180 Uncommon trap: trap_request=0xffffff45 fr.pc=0x0000023d275524d8 relative=0x00000000000002b8
Event: 55.927 Thread 0x0000023d373b3180 Uncommon trap: reason=unstable_if action=reinterpret pc=0x0000023d275524d8 method=com.sun.org.apache.xerces.internal.impl.io.UTF8Reader.read([CII)I @ 131 c2
Event: 55.927 Thread 0x0000023d373b3180 DEOPT PACKING pc=0x0000023d275524d8 sp=0x000000eb07bfdec0
Event: 55.927 Thread 0x0000023d373b3180 DEOPT UNPACKING pc=0x0000023d26f166a3 sp=0x000000eb07bfddf8 mode 2
Event: 55.995 Thread 0x0000023d373b3180 Uncommon trap: trap_request=0xffffffc6 fr.pc=0x0000023d27605b0c relative=0x00000000000001ec
Event: 55.995 Thread 0x0000023d373b3180 Uncommon trap: reason=bimorphic_or_optimized_type_check action=maybe_recompile pc=0x0000023d27605b0c method=java.util.Collections.eq(Ljava/lang/Object;Ljava/lang/Object;)Z @ 18 c2
Event: 55.995 Thread 0x0000023d373b3180 DEOPT PACKING pc=0x0000023d27605b0c sp=0x000000eb07bfe900
Event: 55.995 Thread 0x0000023d373b3180 DEOPT UNPACKING pc=0x0000023d26f166a3 sp=0x000000eb07bfe830 mode 2
Event: 55.995 Thread 0x0000023d373b3180 Uncommon trap: trap_request=0xffffffc6 fr.pc=0x0000023d27605b0c relative=0x00000000000001ec
Event: 55.995 Thread 0x0000023d373b3180 Uncommon trap: reason=bimorphic_or_optimized_type_check action=maybe_recompile pc=0x0000023d27605b0c method=java.util.Collections.eq(Ljava/lang/Object;Ljava/lang/Object;)Z @ 18 c2
Event: 55.995 Thread 0x0000023d373b3180 DEOPT PACKING pc=0x0000023d27605b0c sp=0x000000eb07bfea60
Event: 55.995 Thread 0x0000023d373b3180 DEOPT UNPACKING pc=0x0000023d26f166a3 sp=0x000000eb07bfe990 mode 2

Classes unloaded (8 events):
Event: 26.060 Thread 0x0000023d1cdaec20 Unloading class 0x0000000100252400 'java/lang/invoke/LambdaForm$MH+0x0000000100252400'
Event: 26.060 Thread 0x0000023d1cdaec20 Unloading class 0x0000000100252000 'java/lang/invoke/LambdaForm$MH+0x0000000100252000'
Event: 26.060 Thread 0x0000023d1cdaec20 Unloading class 0x0000000100251c00 'java/lang/invoke/LambdaForm$MH+0x0000000100251c00'
Event: 26.060 Thread 0x0000023d1cdaec20 Unloading class 0x0000000100251800 'java/lang/invoke/LambdaForm$MH+0x0000000100251800'
Event: 26.060 Thread 0x0000023d1cdaec20 Unloading class 0x0000000100251400 'java/lang/invoke/LambdaForm$BMH+0x0000000100251400'
Event: 26.060 Thread 0x0000023d1cdaec20 Unloading class 0x0000000100251000 'java/lang/invoke/LambdaForm$DMH+0x0000000100251000'
Event: 26.060 Thread 0x0000023d1cdaec20 Unloading class 0x000000010024c400 'java/lang/invoke/LambdaForm$DMH+0x000000010024c400'
Event: 51.599 Thread 0x0000023d1cdaec20 Unloading class 0x0000000100784400 'java/lang/invoke/LambdaForm$DMH+0x0000000100784400'

Classes redefined (0 events):
No events

Internal exceptions (20 events):
Event: 46.814 Thread 0x0000023d373aeaa0 Exception <a 'java/lang/NoSuchMethodError'{0x00000000eb6d22d0}: 'java.lang.Object java.lang.invoke.DirectMethodHandle$Holder.invokeStatic(java.lang.Object, java.lang.Object, int, java.lang.Object, java.lang.Object)'> (0x00000000eb6d22d0) 
thrown [s\src\hotspot\share\interpreter\linkResolver.cpp, line 759]
Event: 46.922 Thread 0x0000023d373aeaa0 Exception <a 'java/lang/NoSuchMethodError'{0x00000000eb349a88}: 'void java.lang.invoke.DirectMethodHandle$Holder.invokeStatic(java.lang.Object, int)'> (0x00000000eb349a88) 
thrown [s\src\hotspot\share\interpreter\linkResolver.cpp, line 759]
Event: 47.397 Thread 0x0000023d373aeaa0 Exception <a 'java/io/FileNotFoundException'{0x00000000eb373ed0}> (0x00000000eb373ed0) 
thrown [s\src\hotspot\share\prims\jni.cpp, line 516]
Event: 47.446 Thread 0x0000023d373b2c70 Exception <a 'java/lang/NoSuchMethodError'{0x00000000eb6af340}: 'int java.lang.invoke.DirectMethodHandle$Holder.invokeStatic(java.lang.Object, java.lang.Object, java.lang.Object, int)'> (0x00000000eb6af340) 
thrown [s\src\hotspot\share\interpreter\linkResolver.cpp, line 759]
Event: 47.447 Thread 0x0000023d373ae590 Exception <a 'java/lang/NoSuchMethodError'{0x00000000eb6726f8}: 'int java.lang.invoke.DirectMethodHandle$Holder.invokeStatic(java.lang.Object, java.lang.Object, java.lang.Object, int)'> (0x00000000eb6726f8) 
thrown [s\src\hotspot\share\interpreter\linkResolver.cpp, line 759]
Event: 48.071 Thread 0x0000023d373ae590 Exception <a 'java/io/FileNotFoundException'{0x00000000eb35b668}> (0x00000000eb35b668) 
thrown [s\src\hotspot\share\prims\jni.cpp, line 516]
Event: 48.301 Thread 0x0000023d373ae590 Implicit null exception at 0x0000023d276d2cf7 to 0x0000023d276d3180
Event: 48.301 Thread 0x0000023d373ae590 Implicit null exception at 0x0000023d278255ed to 0x0000023d27825bd0
Event: 48.600 Thread 0x0000023d373aeaa0 Implicit null exception at 0x0000023d27656800 to 0x0000023d27656ecc
Event: 49.054 Thread 0x0000023d373aeaa0 Exception <a 'java/lang/NoSuchMethodError'{0x00000000eb282960}: 'java.lang.Object java.lang.invoke.Invokers$Holder.linkToTargetMethod(java.lang.Object, java.lang.Object, java.lang.Object, java.lang.Object, java.lang.Object, java.lang.Object, java.lang.Object)'> (0x00000000eb282960) 
thrown [s\src\hotspot\share\interpreter\linkResolver.cpp, line 759]
Event: 49.230 Thread 0x0000023d373aeaa0 Exception <a 'java/lang/NoSuchMethodError'{0x00000000eb64a780}: 'void java.lang.invoke.DirectMethodHandle$Holder.invokeInterface(java.lang.Object, java.lang.Object)'> (0x00000000eb64a780) 
thrown [s\src\hotspot\share\interpreter\linkResolver.cpp, line 759]
Event: 49.239 Thread 0x0000023d373aeaa0 Exception <a 'java/lang/NoSuchMethodError'{0x00000000eb6998d0}: 'java.lang.Object java.lang.invoke.DirectMethodHandle$Holder.newInvokeSpecial(java.lang.Object, java.lang.Object, java.lang.Object, java.lang.Object, java.lang.Object, java.lang.Object)'> (0x00000000eb6998d0) 
thrown [s\src\hotspot\share\interpreter\linkResolver.cpp, line 759]
Event: 49.364 Thread 0x0000023d373b5a00 Exception <a 'java/lang/NoSuchMethodError'{0x00000000ead324a0}: 'void java.lang.invoke.DirectMethodHandle$Holder.invokeSpecial(java.lang.Object, java.lang.Object, java.lang.Object, java.lang.Object, java.lang.Object, java.lang.Object, java.lang.Object, java.lang.Object)'> (0x00000000ead324a0) 
thrown [s\src\hotspot\share\interpreter\linkResolver.cpp, line 759]
Event: 51.905 Thread 0x0000023d367da520 Implicit null exception at 0x0000023d278c05b4 to 0x0000023d278c09cc
Event: 54.107 Thread 0x0000023d373aeaa0 Implicit null exception at 0x0000023d276b9360 to 0x0000023d276b9668
Event: 54.107 Thread 0x0000023d373aeaa0 Implicit null exception at 0x0000023d276cb449 to 0x0000023d276cb774
Event: 55.223 Thread 0x0000023d373aeaa0 Exception <a 'java/lang/NoSuchMethodError'{0x00000000eafa9f88}: 'long java.lang.invoke.DirectMethodHandle$Holder.invokeStatic(java.lang.Object, java.lang.Object)'> (0x00000000eafa9f88) 
thrown [s\src\hotspot\share\interpreter\linkResolver.cpp, line 759]
Event: 55.271 Thread 0x0000023d373aeaa0 Exception <a 'java/lang/NoSuchMethodError'{0x00000000ead1e570}: static Lorg/apache/maven/model/InputLocation;.<clinit>()V> (0x00000000ead1e570) 
thrown [s\src\hotspot\share\prims\jni.cpp, line 1107]
Event: 55.273 Thread 0x0000023d373aeaa0 Exception <a 'java/lang/NoSuchMethodError'{0x00000000ead30c70}: static Lorg/apache/maven/model/InputSource;.<clinit>()V> (0x00000000ead30c70) 
thrown [s\src\hotspot\share\prims\jni.cpp, line 1107]
Event: 55.420 Thread 0x0000023d373aeaa0 Exception <a 'java/lang/NoSuchMethodError'{0x00000000ead6b560}: 'void java.lang.invoke.DirectMethodHandle$Holder.invokeSpecial(java.lang.Object, java.lang.Object, java.lang.Object, java.lang.Object, java.lang.Object)'> (0x00000000ead6b560) 
thrown [s\src\hotspot\share\interpreter\linkResolver.cpp, line 759]

VM Operations (20 events):
Event: 55.233 Executing VM operation: ParallelGCFailedAllocation
Event: 55.247 Executing VM operation: ParallelGCFailedAllocation done
Event: 55.315 Executing VM operation: ParallelGCFailedAllocation
Event: 55.318 Executing VM operation: ParallelGCFailedAllocation done
Event: 55.382 Executing VM operation: ParallelGCFailedAllocation
Event: 55.384 Executing VM operation: ParallelGCFailedAllocation done
Event: 55.450 Executing VM operation: ParallelGCFailedAllocation
Event: 55.453 Executing VM operation: ParallelGCFailedAllocation done
Event: 55.474 Executing VM operation: ParallelGCFailedAllocation
Event: 55.477 Executing VM operation: ParallelGCFailedAllocation done
Event: 55.521 Executing VM operation: HandshakeAllThreads
Event: 55.521 Executing VM operation: HandshakeAllThreads done
Event: 55.522 Executing VM operation: HandshakeAllThreads
Event: 55.523 Executing VM operation: HandshakeAllThreads done
Event: 55.572 Executing VM operation: ParallelGCFailedAllocation
Event: 55.574 Executing VM operation: ParallelGCFailedAllocation done
Event: 55.674 Executing VM operation: ParallelGCFailedAllocation
Event: 55.892 Executing VM operation: ParallelGCFailedAllocation done
Event: 55.935 Executing VM operation: ParallelGCFailedAllocation
Event: 55.972 Executing VM operation: ParallelGCFailedAllocation done

Events (20 events):
Event: 54.101 Thread 0x0000023d373b3ba0 Thread exited: 0x0000023d373b3ba0
Event: 54.101 Thread 0x0000023d373af4c0 Thread exited: 0x0000023d373af4c0
Event: 54.101 Thread 0x0000023d373b5a00 Thread exited: 0x0000023d373b5a00
Event: 54.101 Thread 0x0000023d373b54f0 Thread exited: 0x0000023d373b54f0
Event: 54.101 Thread 0x0000023d373b5f10 Thread exited: 0x0000023d373b5f10
Event: 55.222 loading class java/util/function/ToLongFunction
Event: 55.223 loading class java/util/function/ToLongFunction done
Event: 55.247 loading class java/lang/invoke/MethodHandleImpl$CountingWrapper$1
Event: 55.247 loading class java/lang/invoke/MethodHandleImpl$CountingWrapper$1 done
Event: 55.898 Thread 0x0000023d373b3ba0 Thread added: 0x0000023d373b3ba0
Event: 55.911 loading class org/xml/sax/SAXNotRecognizedException
Event: 55.911 loading class org/xml/sax/SAXNotRecognizedException done
Event: 55.911 loading class org/xml/sax/SAXNotSupportedException
Event: 55.911 loading class org/xml/sax/SAXNotSupportedException done
Event: 55.912 loading class com/sun/org/apache/xerces/internal/util/URI
Event: 55.913 loading class com/sun/org/apache/xerces/internal/util/URI done
Event: 55.915 loading class com/sun/org/apache/xerces/internal/xni/XNIException
Event: 55.915 loading class com/sun/org/apache/xerces/internal/xni/XNIException done
Event: 55.915 loading class com/sun/org/apache/xerces/internal/xni/parser/XMLParseException
Event: 55.915 loading class com/sun/org/apache/xerces/internal/xni/parser/XMLParseException done


Dynamic libraries:
0x00007ff768d60000 - 0x00007ff768d6e000 	c:\Users\Hasinjo\.vscode\extensions\redhat.java-1.26.0-win32-x64\jre\17.0.9-win32-x86_64\bin\java.exe
0x00007ffaa1f40000 - 0x00007ffaa2149000 	C:\Windows\SYSTEM32\ntdll.dll
0x00007ffaa07a0000 - 0x00007ffaa085d000 	C:\Windows\System32\KERNEL32.DLL
0x00007ffa9f470000 - 0x00007ffa9f7f4000 	C:\Windows\System32\KERNELBASE.dll
0x00007ffa9fa90000 - 0x00007ffa9fba1000 	C:\Windows\System32\ucrtbase.dll
0x00007ffa8f920000 - 0x00007ffa8f937000 	c:\Users\Hasinjo\.vscode\extensions\redhat.java-1.26.0-win32-x64\jre\17.0.9-win32-x86_64\bin\jli.dll
0x00007ffaa1be0000 - 0x00007ffaa1d8d000 	C:\Windows\System32\USER32.dll
0x00007ffa9f800000 - 0x00007ffa9f826000 	C:\Windows\System32\win32u.dll
0x00007ffaa1ec0000 - 0x00007ffaa1eea000 	C:\Windows\System32\GDI32.dll
0x00007ffa9f830000 - 0x00007ffa9f94e000 	C:\Windows\System32\gdi32full.dll
0x00007ffa9f3d0000 - 0x00007ffa9f46d000 	C:\Windows\System32\msvcp_win.dll
0x00007ffa8f8e0000 - 0x00007ffa8f8fb000 	c:\Users\Hasinjo\.vscode\extensions\redhat.java-1.26.0-win32-x64\jre\17.0.9-win32-x86_64\bin\VCRUNTIME140.dll
0x00007ffa9e530000 - 0x00007ffa9e7d5000 	C:\Windows\WinSxS\amd64_microsoft.windows.common-controls_6595b64144ccf1df_6.0.22000.120_none_9d947278b86cc467\COMCTL32.dll
0x00007ffaa03f0000 - 0x00007ffaa0493000 	C:\Windows\System32\msvcrt.dll
0x00007ffaa1a90000 - 0x00007ffaa1ac1000 	C:\Windows\System32\IMM32.DLL
0x0000000066c60000 - 0x0000000066c6c000 	C:\Program Files (x86)\360\Total Security\safemon\SafeWrapper.dll
0x00007ffaa1e10000 - 0x00007ffaa1ebe000 	C:\Windows\System32\ADVAPI32.dll
0x00007ffaa1ad0000 - 0x00007ffaa1b6e000 	C:\Windows\System32\sechost.dll
0x00007ffaa1960000 - 0x00007ffaa1a81000 	C:\Windows\System32\RPCRT4.dll
0x00007ffa4bd10000 - 0x00007ffa4bda2000 	C:\Program Files (x86)\360\Total Security\safemon\libzdtp64.dll
0x00007ffaa0e50000 - 0x00007ffaa1615000 	C:\Windows\System32\SHELL32.dll
0x00007ffaa1720000 - 0x00007ffaa177d000 	C:\Windows\System32\SHLWAPI.dll
0x00007ffa9ef40000 - 0x00007ffa9ef4a000 	C:\Windows\SYSTEM32\VERSION.dll
0x00007ffa9da50000 - 0x00007ffa9da5c000 	c:\Users\Hasinjo\.vscode\extensions\redhat.java-1.26.0-win32-x64\jre\17.0.9-win32-x86_64\bin\vcruntime140_1.dll
0x00007ffa6b810000 - 0x00007ffa6b89d000 	c:\Users\Hasinjo\.vscode\extensions\redhat.java-1.26.0-win32-x64\jre\17.0.9-win32-x86_64\bin\msvcp140.dll
0x00007ffa2f520000 - 0x00007ffa30181000 	c:\Users\Hasinjo\.vscode\extensions\redhat.java-1.26.0-win32-x64\jre\17.0.9-win32-x86_64\bin\server\jvm.dll
0x00007ffa9f2a0000 - 0x00007ffa9f2ed000 	C:\Windows\SYSTEM32\POWRPROF.dll
0x00007ffa884b0000 - 0x00007ffa884b9000 	C:\Windows\SYSTEM32\WSOCK32.dll
0x00007ffaa0dc0000 - 0x00007ffaa0e2f000 	C:\Windows\System32\WS2_32.dll
0x00007ffa8e5f0000 - 0x00007ffa8e623000 	C:\Windows\SYSTEM32\WINMM.dll
0x00007ffa9f280000 - 0x00007ffa9f293000 	C:\Windows\SYSTEM32\UMPDC.dll
0x00007ffa9d510000 - 0x00007ffa9d528000 	C:\Windows\SYSTEM32\kernel.appcore.dll
0x00007ffa8fbe0000 - 0x00007ffa8fbea000 	c:\Users\Hasinjo\.vscode\extensions\redhat.java-1.26.0-win32-x64\jre\17.0.9-win32-x86_64\bin\jimage.dll
0x00007ffa9ec00000 - 0x00007ffa9ee21000 	C:\Windows\SYSTEM32\DBGHELP.DLL
0x00007ffa9e900000 - 0x00007ffa9e931000 	C:\Windows\SYSTEM32\dbgcore.DLL
0x00007ffa9fa10000 - 0x00007ffa9fa8f000 	C:\Windows\System32\bcryptPrimitives.dll
0x00007ffa8dcb0000 - 0x00007ffa8dcbe000 	c:\Users\Hasinjo\.vscode\extensions\redhat.java-1.26.0-win32-x64\jre\17.0.9-win32-x86_64\bin\instrument.dll
0x00007ffa8dc70000 - 0x00007ffa8dc95000 	c:\Users\Hasinjo\.vscode\extensions\redhat.java-1.26.0-win32-x64\jre\17.0.9-win32-x86_64\bin\java.dll
0x00007ffa8dc50000 - 0x00007ffa8dc68000 	c:\Users\Hasinjo\.vscode\extensions\redhat.java-1.26.0-win32-x64\jre\17.0.9-win32-x86_64\bin\zip.dll
0x00007ffa9c570000 - 0x00007ffa9cdd2000 	C:\Windows\SYSTEM32\windows.storage.dll
0x00007ffaa08a0000 - 0x00007ffaa0c16000 	C:\Windows\System32\combase.dll
0x00007ffa9c400000 - 0x00007ffa9c567000 	C:\Windows\SYSTEM32\wintypes.dll
0x00007ffaa0210000 - 0x00007ffaa02fa000 	C:\Windows\System32\SHCORE.dll
0x00007ffa9f300000 - 0x00007ffa9f325000 	C:\Windows\SYSTEM32\profapi.dll
0x00007ffa8dc30000 - 0x00007ffa8dc49000 	C:\Users\Hasinjo\.vscode\extensions\redhat.java-1.26.0-win32-x64\jre\17.0.9-win32-x86_64\bin\net.dll
0x00007ffa97900000 - 0x00007ffa97a14000 	C:\Windows\SYSTEM32\WINHTTP.dll
0x00007ffa9e170000 - 0x00007ffa9e1d7000 	C:\Windows\system32\mswsock.dll
0x00007ffa8aaf0000 - 0x00007ffa8ab06000 	C:\Users\Hasinjo\.vscode\extensions\redhat.java-1.26.0-win32-x64\jre\17.0.9-win32-x86_64\bin\nio.dll
0x00007ffa8dc20000 - 0x00007ffa8dc30000 	c:\Users\Hasinjo\.vscode\extensions\redhat.java-1.26.0-win32-x64\jre\17.0.9-win32-x86_64\bin\verify.dll
0x00007ffa8d060000 - 0x00007ffa8d09e000 	C:\Users\Hasinjo\AppData\Roaming\Code\User\globalStorage\redhat.java\1.26.0\config_win\org.eclipse.equinox.launcher\org.eclipse.equinox.launcher.win32.win32.x86_64_1.2.800.v20231003-1442\eclipse_11802.dll
0x00007ffaa0c20000 - 0x00007ffaa0dba000 	C:\Windows\System32\ole32.dll
0x00007ffa9ef10000 - 0x00007ffa9ef28000 	C:\Windows\SYSTEM32\CRYPTSP.dll
0x00007ffa9d470000 - 0x00007ffa9d4a5000 	C:\Windows\system32\rsaenh.dll
0x00007ffa9e440000 - 0x00007ffa9e46c000 	C:\Windows\SYSTEM32\USERENV.dll
0x00007ffa9ea00000 - 0x00007ffa9ea27000 	C:\Windows\SYSTEM32\bcrypt.dll
0x00007ffa9e470000 - 0x00007ffa9e47c000 	C:\Windows\SYSTEM32\CRYPTBASE.dll
0x00007ffa9d030000 - 0x00007ffa9d05d000 	C:\Windows\SYSTEM32\IPHLPAPI.DLL
0x00007ffaa0e30000 - 0x00007ffaa0e39000 	C:\Windows\System32\NSI.dll
0x00007ffa98250000 - 0x00007ffa98269000 	C:\Windows\SYSTEM32\dhcpcsvc6.DLL
0x00007ffa98630000 - 0x00007ffa9864e000 	C:\Windows\SYSTEM32\dhcpcsvc.DLL
0x00007ffa9d060000 - 0x00007ffa9d147000 	C:\Windows\SYSTEM32\DNSAPI.dll
0x00007ffa7b2f0000 - 0x00007ffa7b335000 	C:\Users\Hasinjo\AppData\Local\Temp\jna--1932741980\jna18328034354921699797.dll
0x00007ffaa1950000 - 0x00007ffaa1958000 	C:\Windows\System32\PSAPI.DLL

dbghelp: loaded successfully - version: 4.0.5 - missing functions: none
symbol engine: initialized successfully - sym options: 0x614 - pdb path: .;c:\Users\Hasinjo\.vscode\extensions\redhat.java-1.26.0-win32-x64\jre\17.0.9-win32-x86_64\bin;C:\Windows\SYSTEM32;C:\Windows\WinSxS\amd64_microsoft.windows.common-controls_6595b64144ccf1df_6.0.22000.120_none_9d947278b86cc467;C:\Program Files (x86)\360\Total Security\safemon;c:\Users\Hasinjo\.vscode\extensions\redhat.java-1.26.0-win32-x64\jre\17.0.9-win32-x86_64\bin\server;C:\Users\Hasinjo\AppData\Roaming\Code\User\globalStorage\redhat.java\1.26.0\config_win\org.eclipse.equinox.launcher\org.eclipse.equinox.launcher.win32.win32.x86_64_1.2.800.v20231003-1442;C:\Users\Hasinjo\AppData\Local\Temp\jna--1932741980

VM Arguments:
jvm_args: --add-modules=ALL-SYSTEM --add-opens=java.base/java.util=ALL-UNNAMED --add-opens=java.base/java.lang=ALL-UNNAMED --add-opens=java.base/sun.nio.fs=ALL-UNNAMED -Declipse.application=org.eclipse.jdt.ls.core.id1 -Dosgi.bundles.defaultStartLevel=4 -Declipse.product=org.eclipse.jdt.ls.core.product -Djava.import.generatesMetadataFilesAtProjectRoot=false -DDetectVMInstallationsJob.disabled=true -Dfile.encoding=utf8 -XX:+UseParallelGC -XX:GCTimeRatio=4 -XX:AdaptiveSizePolicyWeight=90 -Dsun.zip.disableMemoryMapping=true -Xmx1G -Xms100m -Xlog:disable -javaagent:c:\Users\Hasinjo\.vscode\extensions\redhat.java-1.26.0-win32-x64\lombok\lombok-1.18.31-3454.jar -XX:+HeapDumpOnOutOfMemoryError -XX:HeapDumpPath=c:\Users\Hasinjo\AppData\Roaming\Code\User\workspaceStorage\47e84844d8669df998fe121360fdeccc\redhat.java -Daether.dependencyCollector.impl=bf 
java_command: c:\Users\Hasinjo\.vscode\extensions\redhat.java-1.26.0-win32-x64\server\plugins\org.eclipse.equinox.launcher_1.6.700.v20231214-2017.jar -configuration c:\Users\Hasinjo\AppData\Roaming\Code\User\globalStorage\redhat.java\1.26.0\config_win -data c:\Users\Hasinjo\AppData\Roaming\Code\User\workspaceStorage\47e84844d8669df998fe121360fdeccc\redhat.java\jdt_ws --stdio
java_class_path (initial): c:\Users\Hasinjo\.vscode\extensions\redhat.java-1.26.0-win32-x64\server\plugins\org.eclipse.equinox.launcher_1.6.700.v20231214-2017.jar
Launcher Type: SUN_STANDARD

[Global flags]
    uintx AdaptiveSizePolicyWeight                 = 90                                        {product} {command line}
     intx CICompilerCount                          = 3                                         {product} {ergonomic}
    uintx GCTimeRatio                              = 4                                         {product} {command line}
     bool HeapDumpOnOutOfMemoryError               = true                                   {manageable} {command line}
    ccstr HeapDumpPath                             = c:\Users\Hasinjo\AppData\Roaming\Code\User\workspaceStorage\47e84844d8669df998fe121360fdeccc\redhat.java         {manageable} {command line}
   size_t InitialHeapSize                          = 104857600                                 {product} {command line}
   size_t MaxHeapSize                              = 1073741824                                {product} {command line}
   size_t MaxNewSize                               = 357564416                                 {product} {ergonomic}
   size_t MinHeapDeltaBytes                        = 524288                                    {product} {ergonomic}
   size_t MinHeapSize                              = 104857600                                 {product} {command line}
   size_t NewSize                                  = 34603008                                  {product} {ergonomic}
    uintx NonNMethodCodeHeapSize                   = 5832780                                {pd product} {ergonomic}
    uintx NonProfiledCodeHeapSize                  = 122912730                              {pd product} {ergonomic}
   size_t OldSize                                  = 70254592                                  {product} {ergonomic}
    uintx ProfiledCodeHeapSize                     = 122912730                              {pd product} {ergonomic}
    uintx ReservedCodeCacheSize                    = 251658240                              {pd product} {ergonomic}
     bool SegmentedCodeCache                       = true                                      {product} {ergonomic}
   size_t SoftMaxHeapSize                          = 1073741824                             {manageable} {ergonomic}
     bool UseCompressedClassPointers               = true                           {product lp64_product} {ergonomic}
     bool UseCompressedOops                        = true                           {product lp64_product} {ergonomic}
     bool UseLargePagesIndividualAllocation        = false                                  {pd product} {ergonomic}
     bool UseParallelGC                            = true                                      {product} {command line}

Logging:
Log output configuration:
 #0: stdout all=off uptime,level,tags
 #1: stderr all=off uptime,level,tags

Environment Variables:
JAVA_HOME=%C:\Program Files\Java\jdk1.8.0_91\bin
PATH=C:\Program Files\Common Files\Oracle\Java\javapath;C:\Windows\system32;C:\Windows;C:\Windows\System32\Wbem;C:\Windows\System32\WindowsPowerShell\v1.0\;C:\Windows\System32\OpenSSH\;C:\Program Files\Java\jdk1.8.0_91\bin;C:\Users\Hasinjo\Desktop\Projet_servlet\TestFramework\WEB-INF\lib\Framework.jar;D:\server\xamp\php;C:\ProgramData\ComposerSetup\bin;C:\Program Files\nodejs\;C:\Program Files\dotnet\;C:\Users\Hasinjo\Desktop\apache-maven-3.8.8\bin;D:\S5\Naina\Test\dist\Test.jar;C:\Program Files\PostgreSQL\15\bin;D:\t\Programs\opencv\build\java\opencv-3416.jar;C:\Users\Hasinjo\AppData\Local\Microsoft\WindowsApps;C:\Users\Hasinjo\AppData\Local\Programs\Microsoft VS Code\bin;C:\Users\Hasinjo\AppData\Local\GitHubDesktop\bin;C:\Users\Hasinjo\AppData\Roaming\Composer\vendor\bin;C:\Users\Hasinjo\AppData\Roaming\npm;C:\Users\Hasinjo\.dotnet\tools;C:\Users\Hasinjo\Desktop\apache-maven-3.8.8\bin;D:\S5\Naina\Test\dist\Test.jar;C:\Program Files\JetBrains\IntelliJ IDEA 2022.2\bin;;C:\Program Files\PostgreSQL\15\bin;D:\t\Programs\opencv\build\java\opencv-3416.jar;C:\Users\Hasinjo\AppData\Local\Programs\mongosh\;C:\Users\Hasinjo\Downloads\mongodb-atlas-cli_1.14.0_windows_x86_64\bin\;C:\ProgramData\Hasinjo\GitHubDesktop\bin
USERNAME=Hasinjo
OS=Windows_NT
PROCESSOR_IDENTIFIER=Intel64 Family 6 Model 78 Stepping 3, GenuineIntel
TMP=C:\Users\Hasinjo\AppData\Local\Temp
TEMP=C:\Users\Hasinjo\AppData\Local\Temp



Periodic native trim disabled


---------------  S Y S T E M  ---------------

OS:
 Windows 11 , 64 bit Build 22000 (10.0.22000.2538)
OS uptime: 0 days 4:35 hours
Hyper-V role detected

CPU: total 4 (initial active 4) (2 cores per cpu, 2 threads per core) family 6 model 78 stepping 3 microcode 0xd6, cx8, cmov, fxsr, ht, mmx, 3dnowpref, sse, sse2, sse3, ssse3, sse4.1, sse4.2, popcnt, lzcnt, tsc, tscinvbit, avx, avx2, aes, erms, clmul, bmi1, bmi2, adx, fma, vzeroupper, clflush, clflushopt, hv
Processor Information for all 4 processors :
  Max Mhz: 2000, Current Mhz: 2000, Mhz Limit: 2000

Memory: 4k page, system-wide physical 4017M (33M free)
TotalPageFile size 13500M (AvailPageFile size 15M)
current process WorkingSet (physical memory assigned to process): 307M, peak: 313M
current process commit charge ("private bytes"): 347M, peak: 351M

vm_info: OpenJDK 64-Bit Server VM (17.0.9+9) for windows-amd64 JRE (17.0.9+9), built on Oct 26 2023 14:01:42 by "admin" with MS VC++ 16.10 / 16.11 (VS2019)

END.
