#
# There is insufficient memory for the Java Runtime Environment to continue.
# Native memory allocation (malloc) failed to allocate 1874944 bytes for Chunk::new
# Possible reasons:
#   The system is out of physical RAM or swap space
#   The process is running with CompressedOops enabled, and the Java Heap may be blocking the growth of the native heap
# Possible solutions:
#   Reduce memory load on the system
#   Increase physical memory or swap space
#   Check if swap backing store is full
#   Decrease Java heap size (-Xmx/-Xms)
#   Decrease number of Java threads
#   Decrease Java thread stack sizes (-Xss)
#   Set larger code cache with -XX:ReservedCodeCacheSize=
#   JVM is running with Unscaled Compressed Oops mode in which the Java heap is
#     placed in the first 4GB address space. The Java Heap base address is the
#     maximum limit for the native heap growth. Please use -XX:HeapBaseMinAddress
#     to set the Java Heap base and to place the Java Heap above 4GB virtual address.
# This output file may be truncated or incomplete.
#
#  Out of Memory Error (arena.cpp:191), pid=30220, tid=28464
#
# JRE version: OpenJDK Runtime Environment Temurin-17.0.9+9 (17.0.9+9) (build 17.0.9+9)
# Java VM: OpenJDK 64-Bit Server VM Temurin-17.0.9+9 (17.0.9+9, mixed mode, tiered, compressed oops, compressed class ptrs, parallel gc, windows-amd64)
# No core dump will be written. Minidumps are not enabled by default on client versions of Windows
#

---------------  S U M M A R Y ------------

Command Line: --add-modules=ALL-SYSTEM --add-opens=java.base/java.util=ALL-UNNAMED --add-opens=java.base/java.lang=ALL-UNNAMED --add-opens=java.base/sun.nio.fs=ALL-UNNAMED -Declipse.application=org.eclipse.jdt.ls.core.id1 -Dosgi.bundles.defaultStartLevel=4 -Declipse.product=org.eclipse.jdt.ls.core.product -Djava.import.generatesMetadataFilesAtProjectRoot=false -DDetectVMInstallationsJob.disabled=true -Dfile.encoding=utf8 -XX:+UseParallelGC -XX:GCTimeRatio=4 -XX:AdaptiveSizePolicyWeight=90 -Dsun.zip.disableMemoryMapping=true -Xmx1G -Xms100m -Xlog:disable -javaagent:c:\Users\Hasinjo\.vscode\extensions\redhat.java-1.26.0-win32-x64\lombok\lombok-1.18.31-3454.jar -XX:+HeapDumpOnOutOfMemoryError -XX:HeapDumpPath=c:\Users\Hasinjo\AppData\Roaming\Code\User\workspaceStorage\47e84844d8669df998fe121360fdeccc\redhat.java -Daether.dependencyCollector.impl=bf c:\Users\Hasinjo\.vscode\extensions\redhat.java-1.26.0-win32-x64\server\plugins\org.eclipse.equinox.launcher_1.6.700.v20231214-2017.jar -configuration c:\Users\Hasinjo\AppData\Roaming\Code\User\globalStorage\redhat.java\1.26.0\config_win -data c:\Users\Hasinjo\AppData\Roaming\Code\User\workspaceStorage\47e84844d8669df998fe121360fdeccc\redhat.java\jdt_ws --stdio

Host: Intel(R) Core(TM) i3-6006U CPU @ 2.00GHz, 4 cores, 3G,  Windows 11 , 64 bit Build 22000 (10.0.22000.2538)
Time: Mon Jan 29 17:47:08 2024 Pacifique elapsed time: 89.682518 seconds (0d 0h 1m 29s)

---------------  T H R E A D  ---------------

Current thread (0x000001a63cbf2650):  JavaThread "C2 CompilerThread0" daemon [_thread_in_native, id=28464, stack(0x0000000d82b00000,0x0000000d82c00000)]


Current CompileTask:
C2:  89682 14329       4       org.eclipse.jdt.internal.core.JavaElement::getElementInfo (27 bytes)

Stack: [0x0000000d82b00000,0x0000000d82c00000]
Native frames: (J=compiled Java code, j=interpreted, Vv=VM code, C=native code)
V  [jvm.dll+0x67cf49]
V  [jvm.dll+0x83478a]
V  [jvm.dll+0x83624e]
V  [jvm.dll+0x8368b3]
V  [jvm.dll+0x247f1f]
V  [jvm.dll+0xac43c]
V  [jvm.dll+0xaca8c]
V  [jvm.dll+0x367067]
V  [jvm.dll+0x1bd722]
V  [jvm.dll+0x21a709]
V  [jvm.dll+0x2199d1]
V  [jvm.dll+0x1a57cd]
V  [jvm.dll+0x2297ae]
V  [jvm.dll+0x22797c]
V  [jvm.dll+0x7e9877]
V  [jvm.dll+0x7e3c3a]
V  [jvm.dll+0x67be35]
C  [ucrtbase.dll+0x26c0c]
C  [KERNEL32.DLL+0x153e0]
C  [ntdll.dll+0x485b]


---------------  P R O C E S S  ---------------

Threads class SMR info:
_java_thread_list=0x000001a64e1d1ae0, length=36, elements={
0x000001a628d90a20, 0x000001a63cbd1020, 0x000001a63cbd2c90, 0x000001a641dfa080,
0x000001a641dfcd20, 0x000001a641dfd9a0, 0x000001a641dff4d0, 0x000001a63cbf2650,
0x000001a641e472d0, 0x000001a641e4a370, 0x000001a628df1bd0, 0x000001a6420bc0a0,
0x000001a6425c8460, 0x000001a6429e0ee0, 0x000001a6429e1690, 0x000001a64253ca90,
0x000001a64253a720, 0x000001a64253b140, 0x000001a64253c580, 0x000001a64253cfa0,
0x000001a64253b650, 0x000001a64253d4b0, 0x000001a64253bb60, 0x000001a64226f400,
0x000001a64226fe20, 0x000001a642270330, 0x000001a642271260, 0x000001a642271c80,
0x000001a6446cf0f0, 0x000001a6446d37d0, 0x000001a6446cfb10, 0x000001a6446d28a0,
0x000001a6446d6a70, 0x000001a6446d1e80, 0x000001a6446d1970, 0x000001a6446d2db0
}

Java Threads: ( => current thread )
  0x000001a628d90a20 JavaThread "main" [_thread_blocked, id=28596, stack(0x0000000d82200000,0x0000000d82300000)]
  0x000001a63cbd1020 JavaThread "Reference Handler" daemon [_thread_blocked, id=30340, stack(0x0000000d82500000,0x0000000d82600000)]
  0x000001a63cbd2c90 JavaThread "Finalizer" daemon [_thread_blocked, id=26264, stack(0x0000000d82600000,0x0000000d82700000)]
  0x000001a641dfa080 JavaThread "Signal Dispatcher" daemon [_thread_blocked, id=30560, stack(0x0000000d82700000,0x0000000d82800000)]
  0x000001a641dfcd20 JavaThread "Attach Listener" daemon [_thread_blocked, id=28620, stack(0x0000000d82800000,0x0000000d82900000)]
  0x000001a641dfd9a0 JavaThread "Service Thread" daemon [_thread_blocked, id=28712, stack(0x0000000d82900000,0x0000000d82a00000)]
  0x000001a641dff4d0 JavaThread "Monitor Deflation Thread" daemon [_thread_blocked, id=8224, stack(0x0000000d82a00000,0x0000000d82b00000)]
=>0x000001a63cbf2650 JavaThread "C2 CompilerThread0" daemon [_thread_in_native, id=28464, stack(0x0000000d82b00000,0x0000000d82c00000)]
  0x000001a641e472d0 JavaThread "C1 CompilerThread0" daemon [_thread_blocked, id=28088, stack(0x0000000d82c00000,0x0000000d82d00000)]
  0x000001a641e4a370 JavaThread "Sweeper thread" daemon [_thread_blocked, id=27388, stack(0x0000000d82d00000,0x0000000d82e00000)]
  0x000001a628df1bd0 JavaThread "Common-Cleaner" daemon [_thread_blocked, id=27976, stack(0x0000000d82e00000,0x0000000d82f00000)]
  0x000001a6420bc0a0 JavaThread "Notification Thread" daemon [_thread_blocked, id=29700, stack(0x0000000d82f00000,0x0000000d83000000)]
  0x000001a6425c8460 JavaThread "Active Thread: Equinox Container: cff452f3-49b4-49a2-a123-fa9d08f8cb08" [_thread_blocked, id=30676, stack(0x0000000d83400000,0x0000000d83500000)]
  0x000001a6429e0ee0 JavaThread "Framework Event Dispatcher: Equinox Container: cff452f3-49b4-49a2-a123-fa9d08f8cb08" daemon [_thread_blocked, id=29656, stack(0x0000000d83500000,0x0000000d83600000)]
  0x000001a6429e1690 JavaThread "Start Level: Equinox Container: cff452f3-49b4-49a2-a123-fa9d08f8cb08" daemon [_thread_blocked, id=23532, stack(0x0000000d83600000,0x0000000d83700000)]
  0x000001a64253ca90 JavaThread "Bundle File Closer" daemon [_thread_blocked, id=27744, stack(0x0000000d83700000,0x0000000d83800000)]
  0x000001a64253a720 JavaThread "SCR Component Actor" daemon [_thread_blocked, id=30136, stack(0x0000000d83800000,0x0000000d83900000)]
  0x000001a64253b140 JavaThread "Worker-JM" [_thread_blocked, id=29284, stack(0x0000000d83a00000,0x0000000d83b00000)]
  0x000001a64253c580 JavaThread "Worker-0: Refreshing workspace" [_thread_blocked, id=28600, stack(0x0000000d83b00000,0x0000000d83c00000)]
  0x000001a64253cfa0 JavaThread "Worker-1" [_thread_blocked, id=26708, stack(0x0000000d83c00000,0x0000000d83d00000)]
  0x000001a64253b650 JavaThread "Worker-2" [_thread_blocked, id=12116, stack(0x0000000d83d00000,0x0000000d83e00000)]
  0x000001a64253d4b0 JavaThread "Worker-3: Update project demo" [_thread_blocked, id=4880, stack(0x0000000d83e00000,0x0000000d83f00000)]
  0x000001a64253bb60 JavaThread "Java indexing" daemon [_thread_in_native, id=15528, stack(0x0000000d83f00000,0x0000000d84000000)]
  0x000001a64226f400 JavaThread "JNA Cleaner" daemon [_thread_blocked, id=30316, stack(0x0000000d84000000,0x0000000d84100000)]
  0x000001a64226fe20 JavaThread "pool-2-thread-1" [_thread_blocked, id=23508, stack(0x0000000d83900000,0x0000000d83a00000)]
  0x000001a642270330 JavaThread "WorkspaceEventsHandler" [_thread_blocked, id=27652, stack(0x0000000d84300000,0x0000000d84400000)]
  0x000001a642271260 JavaThread "pool-1-thread-1" [_thread_in_native, id=30188, stack(0x0000000d84400000,0x0000000d84500000)]
  0x000001a642271c80 JavaThread "Worker-4: Initialize workspace" [_thread_in_native, id=30564, stack(0x0000000d84500000,0x0000000d84600000)]
  0x000001a6446cf0f0 JavaThread "ForkJoinPool.commonPool-worker-1" daemon [_thread_blocked, id=20512, stack(0x0000000d84600000,0x0000000d84700000)]
  0x000001a6446d37d0 JavaThread "Worker-5" [_thread_blocked, id=30600, stack(0x0000000d84700000,0x0000000d84800000)]
  0x000001a6446cfb10 JavaThread "Worker-6" [_thread_blocked, id=12576, stack(0x0000000d84800000,0x0000000d84900000)]
  0x000001a6446d28a0 JavaThread "Worker-7" [_thread_blocked, id=17028, stack(0x0000000d84900000,0x0000000d84a00000)]
  0x000001a6446d6a70 JavaThread "ForkJoinPool.commonPool-worker-2" daemon [_thread_blocked, id=16060, stack(0x0000000d84a00000,0x0000000d84b00000)]
  0x000001a6446d1e80 JavaThread "ForkJoinPool.commonPool-worker-3" daemon [_thread_blocked, id=4144, stack(0x0000000d84b00000,0x0000000d84c00000)]
  0x000001a6446d1970 JavaThread "Worker-8" [_thread_blocked, id=15672, stack(0x0000000d85000000,0x0000000d85100000)]
  0x000001a6446d2db0 JavaThread "SCR Component Registry" daemon [_thread_blocked, id=29176, stack(0x0000000d81f00000,0x0000000d82000000)]

Other Threads:
  0x000001a628e2ea20 VMThread "VM Thread" [stack: 0x0000000d82400000,0x0000000d82500000] [id=24848]
  0x000001a6420b4920 WatcherThread [stack: 0x0000000d83000000,0x0000000d83100000] [id=29924]
  0x000001a628da54c0 GCTaskThread "GC Thread#0" [stack: 0x0000000d82300000,0x0000000d82400000] [id=29916]
  0x000001a6424b3020 GCTaskThread "GC Thread#1" [stack: 0x0000000d83100000,0x0000000d83200000] [id=30112]
  0x000001a6422da020 GCTaskThread "GC Thread#2" [stack: 0x0000000d83200000,0x0000000d83300000] [id=30696]
  0x000001a6422da2e0 GCTaskThread "GC Thread#3" [stack: 0x0000000d83300000,0x0000000d83400000] [id=28616]

Threads with active compile tasks:
C2 CompilerThread0    89769 14329       4       org.eclipse.jdt.internal.core.JavaElement::getElementInfo (27 bytes)

VM state: not at safepoint (normal execution)

VM Mutex/Monitor currently owned by a thread: None

Heap address: 0x00000000c0000000, size: 1024 MB, Compressed Oops mode: 32-bit

CDS archive(s) not mapped
Compressed class space mapped at: 0x0000000100000000-0x0000000140000000, reserved size: 1073741824
Narrow klass base: 0x0000000000000000, Narrow klass shift: 3, Narrow klass range: 0x140000000

GC Precious Log:
 CPUs: 4 total, 4 available
 Memory: 4017M
 Large Page Support: Disabled
 NUMA Support: Disabled
 Compressed Oops: Enabled (32-bit)
 Alignments: Space 512K, Generation 512K, Heap 2M
 Heap Min Capacity: 100M
 Heap Initial Capacity: 100M
 Heap Max Capacity: 1G
 Pre-touch: Disabled
 Parallel Workers: 4

Heap:
 PSYoungGen      total 3072K, used 1152K [0x00000000eab00000, 0x00000000eaf80000, 0x0000000100000000)
  eden space 1536K, 6% used [0x00000000eab00000,0x00000000eab18378,0x00000000eac80000)
  from space 1536K, 68% used [0x00000000eae00000,0x00000000eaf08000,0x00000000eaf80000)
  to   space 1536K, 0% used [0x00000000eac80000,0x00000000eac80000,0x00000000eae00000)
 ParOldGen       total 129536K, used 107887K [0x00000000c0000000, 0x00000000c7e80000, 0x00000000eab00000)
  object space 129536K, 83% used [0x00000000c0000000,0x00000000c695bc78,0x00000000c7e80000)
 Metaspace       used 79426K, committed 80832K, reserved 1179648K
  class space    used 8132K, committed 8768K, reserved 1048576K

Card table byte_map: [0x000001a628710000,0x000001a628920000] _byte_map_base: 0x000001a628110000

Marking Bits: (ParMarkBitMap*) 0x00007ffa300bd0b0
 Begin Bits: [0x000001a63aa10000, 0x000001a63ba10000)
 End Bits:   [0x000001a63ba10000, 0x000001a63ca10000)

Polling page: 0x000001a626d30000

Metaspace:

Usage:
  Non-class:     69.62 MB used.
      Class:      7.94 MB used.
       Both:     77.57 MB used.

Virtual space:
  Non-class space:      128.00 MB reserved,      70.38 MB ( 55%) committed,  2 nodes.
      Class space:        1.00 GB reserved,       8.56 MB ( <1%) committed,  1 nodes.
             Both:        1.12 GB reserved,      78.94 MB (  7%) committed. 

Chunk freelists:
   Non-Class:  9.25 MB
       Class:  7.44 MB
        Both:  16.69 MB

MaxMetaspaceSize: unlimited
CompressedClassSpaceSize: 1.00 GB
Initial GC threshold: 21.00 MB
Current GC threshold: 131.25 MB
CDS: off
MetaspaceReclaimPolicy: balanced
 - commit_granule_bytes: 65536.
 - commit_granule_words: 8192.
 - virtual_space_node_default_size: 8388608.
 - enlarge_chunks_in_place: 1.
 - new_chunks_are_fully_committed: 0.
 - uncommit_free_chunks: 1.
 - use_allocation_guard: 0.
 - handle_deallocations: 1.


Internal statistics:

num_allocs_failed_limit: 11.
num_arena_births: 1018.
num_arena_deaths: 18.
num_vsnodes_births: 3.
num_vsnodes_deaths: 0.
num_space_committed: 1263.
num_space_uncommitted: 0.
num_chunks_returned_to_freelist: 31.
num_chunks_taken_from_freelist: 4556.
num_chunk_merges: 14.
num_chunk_splits: 2710.
num_chunks_enlarged: 1422.
num_inconsistent_stats: 0.

CodeHeap 'non-profiled nmethods': size=120000Kb used=7086Kb max_used=7086Kb free=112913Kb
 bounds [0x000001a6334e0000, 0x000001a633be0000, 0x000001a63aa10000]
CodeHeap 'profiled nmethods': size=120000Kb used=25426Kb max_used=25534Kb free=94573Kb
 bounds [0x000001a62ba10000, 0x000001a62d300000, 0x000001a632f40000]
CodeHeap 'non-nmethods': size=5760Kb used=1380Kb max_used=1505Kb free=4379Kb
 bounds [0x000001a632f40000, 0x000001a6331b0000, 0x000001a6334e0000]
 total_blobs=12636 nmethods=11903 adapters=644
 compilation: enabled
              stopped_count=0, restarted_count=0
 full_count=0

Compilation events (20 events):
Event: 89.469 Thread 0x000001a641e472d0 14363   !   2       org.eclipse.m2e.jdt.internal.ModuleSupport::getModuleInfo (283 bytes)
Event: 89.475 Thread 0x000001a641e472d0 nmethod 14363 0x000001a62cf1ca10 code [0x000001a62cf1cdc0, 0x000001a62cf1dad8]
Event: 89.543 Thread 0x000001a641e472d0 14364       2       org.eclipse.m2e.jdt.internal.ModuleSupport$$Lambda$708/0x000000010080dfd0::accept (16 bytes)
Event: 89.543 Thread 0x000001a641e472d0 nmethod 14364 0x000001a62cf1c490 code [0x000001a62cf1c640, 0x000001a62cf1c878]
Event: 89.543 Thread 0x000001a641e472d0 14365       2       org.eclipse.m2e.jdt.internal.ModuleSupport::lambda$0 (26 bytes)
Event: 89.544 Thread 0x000001a641e472d0 nmethod 14365 0x000001a62cf1c010 code [0x000001a62cf1c1c0, 0x000001a62cf1c338]
Event: 89.546 Thread 0x000001a641e472d0 14366       3       org.eclipse.sisu.inject.LocatedBeans$Itr::hasNext (161 bytes)
Event: 89.547 Thread 0x000001a641e472d0 nmethod 14366 0x000001a62cf1ad90 code [0x000001a62cf1b020, 0x000001a62cf1bba8]
Event: 89.616 Thread 0x000001a641e472d0 14367       2       org.eclipse.m2e.core.internal.project.registry.MavenProjectCache::getContextProjectMap (51 bytes)
Event: 89.617 Thread 0x000001a641e472d0 nmethod 14367 0x000001a62cf1a610 code [0x000001a62cf1a800, 0x000001a62cf1abb8]
Event: 89.624 Thread 0x000001a641e472d0 14368       2       java.util.ArrayDeque::peekLast (19 bytes)
Event: 89.624 Thread 0x000001a641e472d0 nmethod 14368 0x000001a62cf1a290 code [0x000001a62cf1a420, 0x000001a62cf1a558]
Event: 89.645 Thread 0x000001a641e472d0 14369       2       org.apache.maven.artifact.factory.DefaultArtifactFactory::createArtifact (30 bytes)
Event: 89.646 Thread 0x000001a641e472d0 nmethod 14369 0x000001a62cf19e10 code [0x000001a62cf19fc0, 0x000001a62cf1a198]
Event: 89.646 Thread 0x000001a641e472d0 14370       2       org.apache.maven.artifact.repository.layout.DefaultRepositoryLayout::pathOf (162 bytes)
Event: 89.648 Thread 0x000001a641e472d0 nmethod 14370 0x000001a62cf18c90 code [0x000001a62cf18f40, 0x000001a62cf19758]
Event: 89.648 Thread 0x000001a641e472d0 14371       2       org.apache.maven.artifact.repository.layout.DefaultRepositoryLayout::formatAsDirectory (9 bytes)
Event: 89.648 Thread 0x000001a641e472d0 nmethod 14371 0x000001a62cf18910 code [0x000001a62cf18aa0, 0x000001a62cf18be8]
Event: 89.648 Thread 0x000001a641e472d0 14372       2       org.eclipse.m2e.jdt.internal.BuildPathManager::getSourcesClassifier (17 bytes)
Event: 89.648 Thread 0x000001a641e472d0 nmethod 14372 0x000001a62cf18590 code [0x000001a62cf18720, 0x000001a62cf18848]

GC Heap History (20 events):
Event: 88.794 GC heap before
{Heap before GC invocations=365 (full 11):
 PSYoungGen      total 2560K, used 2505K [0x00000000eab00000, 0x00000000eaf80000, 0x0000000100000000)
  eden space 1536K, 100% used [0x00000000eab00000,0x00000000eac80000,0x00000000eac80000)
  from space 1024K, 94% used [0x00000000ead80000,0x00000000eae72740,0x00000000eae80000)
  to   space 1024K, 0% used [0x00000000eae80000,0x00000000eae80000,0x00000000eaf80000)
 ParOldGen       total 129536K, used 107293K [0x00000000c0000000, 0x00000000c7e80000, 0x00000000eab00000)
  object space 129536K, 82% used [0x00000000c0000000,0x00000000c68c74b8,0x00000000c7e80000)
 Metaspace       used 79210K, committed 80704K, reserved 1179648K
  class space    used 8109K, committed 8768K, reserved 1048576K
}
Event: 88.797 GC heap after
{Heap after GC invocations=365 (full 11):
 PSYoungGen      total 2560K, used 1004K [0x00000000eab00000, 0x00000000eaf80000, 0x0000000100000000)
  eden space 1536K, 0% used [0x00000000eab00000,0x00000000eab00000,0x00000000eac80000)
  from space 1024K, 98% used [0x00000000eae80000,0x00000000eaf7b2f8,0x00000000eaf80000)
  to   space 1536K, 0% used [0x00000000eac80000,0x00000000eac80000,0x00000000eae00000)
 ParOldGen       total 129536K, used 107627K [0x00000000c0000000, 0x00000000c7e80000, 0x00000000eab00000)
  object space 129536K, 83% used [0x00000000c0000000,0x00000000c691af80,0x00000000c7e80000)
 Metaspace       used 79210K, committed 80704K, reserved 1179648K
  class space    used 8109K, committed 8768K, reserved 1048576K
}
Event: 88.881 GC heap before
{Heap before GC invocations=366 (full 11):
 PSYoungGen      total 2560K, used 2540K [0x00000000eab00000, 0x00000000eaf80000, 0x0000000100000000)
  eden space 1536K, 100% used [0x00000000eab00000,0x00000000eac80000,0x00000000eac80000)
  from space 1024K, 98% used [0x00000000eae80000,0x00000000eaf7b2f8,0x00000000eaf80000)
  to   space 1536K, 0% used [0x00000000eac80000,0x00000000eac80000,0x00000000eae00000)
 ParOldGen       total 129536K, used 107627K [0x00000000c0000000, 0x00000000c7e80000, 0x00000000eab00000)
  object space 129536K, 83% used [0x00000000c0000000,0x00000000c691af80,0x00000000c7e80000)
 Metaspace       used 79230K, committed 80704K, reserved 1179648K
  class space    used 8113K, committed 8768K, reserved 1048576K
}
Event: 88.886 GC heap after
{Heap after GC invocations=366 (full 11):
 PSYoungGen      total 3072K, used 832K [0x00000000eab00000, 0x00000000eaf00000, 0x0000000100000000)
  eden space 1536K, 0% used [0x00000000eab00000,0x00000000eab00000,0x00000000eac80000)
  from space 1536K, 54% used [0x00000000eac80000,0x00000000ead50000,0x00000000eae00000)
  to   space 1024K, 0% used [0x00000000eae00000,0x00000000eae00000,0x00000000eaf00000)
 ParOldGen       total 129536K, used 107627K [0x00000000c0000000, 0x00000000c7e80000, 0x00000000eab00000)
  object space 129536K, 83% used [0x00000000c0000000,0x00000000c691af80,0x00000000c7e80000)
 Metaspace       used 79230K, committed 80704K, reserved 1179648K
  class space    used 8113K, committed 8768K, reserved 1048576K
}
Event: 89.128 GC heap before
{Heap before GC invocations=367 (full 11):
 PSYoungGen      total 3072K, used 2366K [0x00000000eab00000, 0x00000000eaf00000, 0x0000000100000000)
  eden space 1536K, 99% used [0x00000000eab00000,0x00000000eac7fad8,0x00000000eac80000)
  from space 1536K, 54% used [0x00000000eac80000,0x00000000ead50000,0x00000000eae00000)
  to   space 1024K, 0% used [0x00000000eae00000,0x00000000eae00000,0x00000000eaf00000)
 ParOldGen       total 129536K, used 107627K [0x00000000c0000000, 0x00000000c7e80000, 0x00000000eab00000)
  object space 129536K, 83% used [0x00000000c0000000,0x00000000c691af80,0x00000000c7e80000)
 Metaspace       used 79373K, committed 80768K, reserved 1179648K
  class space    used 8126K, committed 8768K, reserved 1048576K
}
Event: 89.130 GC heap after
{Heap after GC invocations=367 (full 11):
 PSYoungGen      total 2560K, used 928K [0x00000000eab00000, 0x00000000eaf00000, 0x0000000100000000)
  eden space 1536K, 0% used [0x00000000eab00000,0x00000000eab00000,0x00000000eac80000)
  from space 1024K, 90% used [0x00000000eae00000,0x00000000eaee8000,0x00000000eaf00000)
  to   space 1024K, 0% used [0x00000000ead00000,0x00000000ead00000,0x00000000eae00000)
 ParOldGen       total 129536K, used 107651K [0x00000000c0000000, 0x00000000c7e80000, 0x00000000eab00000)
  object space 129536K, 83% used [0x00000000c0000000,0x00000000c6920f80,0x00000000c7e80000)
 Metaspace       used 79373K, committed 80768K, reserved 1179648K
  class space    used 8126K, committed 8768K, reserved 1048576K
}
Event: 89.295 GC heap before
{Heap before GC invocations=368 (full 11):
 PSYoungGen      total 2560K, used 2449K [0x00000000eab00000, 0x00000000eaf00000, 0x0000000100000000)
  eden space 1536K, 99% used [0x00000000eab00000,0x00000000eac7c628,0x00000000eac80000)
  from space 1024K, 90% used [0x00000000eae00000,0x00000000eaee8000,0x00000000eaf00000)
  to   space 1024K, 0% used [0x00000000ead00000,0x00000000ead00000,0x00000000eae00000)
 ParOldGen       total 129536K, used 107651K [0x00000000c0000000, 0x00000000c7e80000, 0x00000000eab00000)
  object space 129536K, 83% used [0x00000000c0000000,0x00000000c6920f80,0x00000000c7e80000)
 Metaspace       used 79401K, committed 80832K, reserved 1179648K
  class space    used 8132K, committed 8768K, reserved 1048576K
}
Event: 89.297 GC heap after
{Heap after GC invocations=368 (full 11):
 PSYoungGen      total 2560K, used 1024K [0x00000000eab00000, 0x00000000eaf80000, 0x0000000100000000)
  eden space 1536K, 0% used [0x00000000eab00000,0x00000000eab00000,0x00000000eac80000)
  from space 1024K, 100% used [0x00000000ead00000,0x00000000eae00000,0x00000000eae00000)
  to   space 1536K, 0% used [0x00000000eae00000,0x00000000eae00000,0x00000000eaf80000)
 ParOldGen       total 129536K, used 107699K [0x00000000c0000000, 0x00000000c7e80000, 0x00000000eab00000)
  object space 129536K, 83% used [0x00000000c0000000,0x00000000c692cf80,0x00000000c7e80000)
 Metaspace       used 79401K, committed 80832K, reserved 1179648K
  class space    used 8132K, committed 8768K, reserved 1048576K
}
Event: 89.375 GC heap before
{Heap before GC invocations=369 (full 11):
 PSYoungGen      total 2560K, used 2232K [0x00000000eab00000, 0x00000000eaf80000, 0x0000000100000000)
  eden space 1536K, 78% used [0x00000000eab00000,0x00000000eac2e058,0x00000000eac80000)
  from space 1024K, 100% used [0x00000000ead00000,0x00000000eae00000,0x00000000eae00000)
  to   space 1536K, 0% used [0x00000000eae00000,0x00000000eae00000,0x00000000eaf80000)
 ParOldGen       total 129536K, used 107699K [0x00000000c0000000, 0x00000000c7e80000, 0x00000000eab00000)
  object space 129536K, 83% used [0x00000000c0000000,0x00000000c692cf80,0x00000000c7e80000)
 Metaspace       used 79409K, committed 80832K, reserved 1179648K
  class space    used 8132K, committed 8768K, reserved 1048576K
}
Event: 89.377 GC heap after
{Heap after GC invocations=369 (full 11):
 PSYoungGen      total 3072K, used 1088K [0x00000000eab00000, 0x00000000eaf80000, 0x0000000100000000)
  eden space 1536K, 0% used [0x00000000eab00000,0x00000000eab00000,0x00000000eac80000)
  from space 1536K, 70% used [0x00000000eae00000,0x00000000eaf10000,0x00000000eaf80000)
  to   space 1536K, 0% used [0x00000000eac80000,0x00000000eac80000,0x00000000eae00000)
 ParOldGen       total 129536K, used 107735K [0x00000000c0000000, 0x00000000c7e80000, 0x00000000eab00000)
  object space 129536K, 83% used [0x00000000c0000000,0x00000000c6935c78,0x00000000c7e80000)
 Metaspace       used 79409K, committed 80832K, reserved 1179648K
  class space    used 8132K, committed 8768K, reserved 1048576K
}
Event: 89.408 GC heap before
{Heap before GC invocations=370 (full 11):
 PSYoungGen      total 3072K, used 2564K [0x00000000eab00000, 0x00000000eaf80000, 0x0000000100000000)
  eden space 1536K, 96% used [0x00000000eab00000,0x00000000eac711e8,0x00000000eac80000)
  from space 1536K, 70% used [0x00000000eae00000,0x00000000eaf10000,0x00000000eaf80000)
  to   space 1536K, 0% used [0x00000000eac80000,0x00000000eac80000,0x00000000eae00000)
 ParOldGen       total 129536K, used 107735K [0x00000000c0000000, 0x00000000c7e80000, 0x00000000eab00000)
  object space 129536K, 83% used [0x00000000c0000000,0x00000000c6935c78,0x00000000c7e80000)
 Metaspace       used 79409K, committed 80832K, reserved 1179648K
  class space    used 8132K, committed 8768K, reserved 1048576K
}
Event: 89.410 GC heap after
{Heap after GC invocations=370 (full 11):
 PSYoungGen      total 3072K, used 1088K [0x00000000eab00000, 0x00000000eaf80000, 0x0000000100000000)
  eden space 1536K, 0% used [0x00000000eab00000,0x00000000eab00000,0x00000000eac80000)
  from space 1536K, 70% used [0x00000000eac80000,0x00000000ead90000,0x00000000eae00000)
  to   space 1536K, 0% used [0x00000000eae00000,0x00000000eae00000,0x00000000eaf80000)
 ParOldGen       total 129536K, used 107735K [0x00000000c0000000, 0x00000000c7e80000, 0x00000000eab00000)
  object space 129536K, 83% used [0x00000000c0000000,0x00000000c6935c78,0x00000000c7e80000)
 Metaspace       used 79409K, committed 80832K, reserved 1179648K
  class space    used 8132K, committed 8768K, reserved 1048576K
}
Event: 89.457 GC heap before
{Heap before GC invocations=371 (full 11):
 PSYoungGen      total 3072K, used 2606K [0x00000000eab00000, 0x00000000eaf80000, 0x0000000100000000)
  eden space 1536K, 98% used [0x00000000eab00000,0x00000000eac7b9e0,0x00000000eac80000)
  from space 1536K, 70% used [0x00000000eac80000,0x00000000ead90000,0x00000000eae00000)
  to   space 1536K, 0% used [0x00000000eae00000,0x00000000eae00000,0x00000000eaf80000)
 ParOldGen       total 129536K, used 107735K [0x00000000c0000000, 0x00000000c7e80000, 0x00000000eab00000)
  object space 129536K, 83% used [0x00000000c0000000,0x00000000c6935c78,0x00000000c7e80000)
 Metaspace       used 79409K, committed 80832K, reserved 1179648K
  class space    used 8132K, committed 8768K, reserved 1048576K
}
Event: 89.459 GC heap after
{Heap after GC invocations=371 (full 11):
 PSYoungGen      total 3072K, used 1088K [0x00000000eab00000, 0x00000000eaf80000, 0x0000000100000000)
  eden space 1536K, 0% used [0x00000000eab00000,0x00000000eab00000,0x00000000eac80000)
  from space 1536K, 70% used [0x00000000eae00000,0x00000000eaf10000,0x00000000eaf80000)
  to   space 1536K, 0% used [0x00000000eac80000,0x00000000eac80000,0x00000000eae00000)
 ParOldGen       total 129536K, used 107735K [0x00000000c0000000, 0x00000000c7e80000, 0x00000000eab00000)
  object space 129536K, 83% used [0x00000000c0000000,0x00000000c6935c78,0x00000000c7e80000)
 Metaspace       used 79409K, committed 80832K, reserved 1179648K
  class space    used 8132K, committed 8768K, reserved 1048576K
}
Event: 89.472 GC heap before
{Heap before GC invocations=372 (full 11):
 PSYoungGen      total 3072K, used 2601K [0x00000000eab00000, 0x00000000eaf80000, 0x0000000100000000)
  eden space 1536K, 98% used [0x00000000eab00000,0x00000000eac7a6e8,0x00000000eac80000)
  from space 1536K, 70% used [0x00000000eae00000,0x00000000eaf10000,0x00000000eaf80000)
  to   space 1536K, 0% used [0x00000000eac80000,0x00000000eac80000,0x00000000eae00000)
 ParOldGen       total 129536K, used 107735K [0x00000000c0000000, 0x00000000c7e80000, 0x00000000eab00000)
  object space 129536K, 83% used [0x00000000c0000000,0x00000000c6935c78,0x00000000c7e80000)
 Metaspace       used 79420K, committed 80832K, reserved 1179648K
  class space    used 8132K, committed 8768K, reserved 1048576K
}
Event: 89.474 GC heap after
{Heap after GC invocations=372 (full 11):
 PSYoungGen      total 3072K, used 1120K [0x00000000eab00000, 0x00000000eaf80000, 0x0000000100000000)
  eden space 1536K, 0% used [0x00000000eab00000,0x00000000eab00000,0x00000000eac80000)
  from space 1536K, 72% used [0x00000000eac80000,0x00000000ead98000,0x00000000eae00000)
  to   space 1536K, 0% used [0x00000000eae00000,0x00000000eae00000,0x00000000eaf80000)
 ParOldGen       total 129536K, used 107735K [0x00000000c0000000, 0x00000000c7e80000, 0x00000000eab00000)
  object space 129536K, 83% used [0x00000000c0000000,0x00000000c6935c78,0x00000000c7e80000)
 Metaspace       used 79420K, committed 80832K, reserved 1179648K
  class space    used 8132K, committed 8768K, reserved 1048576K
}
Event: 89.510 GC heap before
{Heap before GC invocations=373 (full 11):
 PSYoungGen      total 3072K, used 2647K [0x00000000eab00000, 0x00000000eaf80000, 0x0000000100000000)
  eden space 1536K, 99% used [0x00000000eab00000,0x00000000eac7dd10,0x00000000eac80000)
  from space 1536K, 72% used [0x00000000eac80000,0x00000000ead98000,0x00000000eae00000)
  to   space 1536K, 0% used [0x00000000eae00000,0x00000000eae00000,0x00000000eaf80000)
 ParOldGen       total 129536K, used 107735K [0x00000000c0000000, 0x00000000c7e80000, 0x00000000eab00000)
  object space 129536K, 83% used [0x00000000c0000000,0x00000000c6935c78,0x00000000c7e80000)
 Metaspace       used 79420K, committed 80832K, reserved 1179648K
  class space    used 8132K, committed 8768K, reserved 1048576K
}
Event: 89.511 GC heap after
{Heap after GC invocations=373 (full 11):
 PSYoungGen      total 3072K, used 1152K [0x00000000eab00000, 0x00000000eaf80000, 0x0000000100000000)
  eden space 1536K, 0% used [0x00000000eab00000,0x00000000eab00000,0x00000000eac80000)
  from space 1536K, 75% used [0x00000000eae00000,0x00000000eaf20000,0x00000000eaf80000)
  to   space 1536K, 0% used [0x00000000eac80000,0x00000000eac80000,0x00000000eae00000)
 ParOldGen       total 129536K, used 107751K [0x00000000c0000000, 0x00000000c7e80000, 0x00000000eab00000)
  object space 129536K, 83% used [0x00000000c0000000,0x00000000c6939c78,0x00000000c7e80000)
 Metaspace       used 79420K, committed 80832K, reserved 1179648K
  class space    used 8132K, committed 8768K, reserved 1048576K
}
Event: 89.527 GC heap before
{Heap before GC invocations=374 (full 11):
 PSYoungGen      total 3072K, used 2688K [0x00000000eab00000, 0x00000000eaf80000, 0x0000000100000000)
  eden space 1536K, 100% used [0x00000000eab00000,0x00000000eac80000,0x00000000eac80000)
  from space 1536K, 75% used [0x00000000eae00000,0x00000000eaf20000,0x00000000eaf80000)
  to   space 1536K, 0% used [0x00000000eac80000,0x00000000eac80000,0x00000000eae00000)
 ParOldGen       total 129536K, used 107751K [0x00000000c0000000, 0x00000000c7e80000, 0x00000000eab00000)
  object space 129536K, 83% used [0x00000000c0000000,0x00000000c6939c78,0x00000000c7e80000)
 Metaspace       used 79420K, committed 80832K, reserved 1179648K
  class space    used 8132K, committed 8768K, reserved 1048576K
}
Event: 89.529 GC heap after
{Heap after GC invocations=374 (full 11):
 PSYoungGen      total 3072K, used 1120K [0x00000000eab00000, 0x00000000eaf80000, 0x0000000100000000)
  eden space 1536K, 0% used [0x00000000eab00000,0x00000000eab00000,0x00000000eac80000)
  from space 1536K, 72% used [0x00000000eac80000,0x00000000ead98000,0x00000000eae00000)
  to   space 1536K, 0% used [0x00000000eae00000,0x00000000eae00000,0x00000000eaf80000)
 ParOldGen       total 129536K, used 107831K [0x00000000c0000000, 0x00000000c7e80000, 0x00000000eab00000)
  object space 129536K, 83% used [0x00000000c0000000,0x00000000c694dc78,0x00000000c7e80000)
 Metaspace       used 79420K, committed 80832K, reserved 1179648K
  class space    used 8132K, committed 8768K, reserved 1048576K
}

Dll operation events (11 events):
Event: 0.094 Loaded shared library c:\Users\Hasinjo\.vscode\extensions\redhat.java-1.26.0-win32-x64\jre\17.0.9-win32-x86_64\bin\java.dll
Event: 0.773 Loaded shared library c:\Users\Hasinjo\.vscode\extensions\redhat.java-1.26.0-win32-x64\jre\17.0.9-win32-x86_64\bin\zip.dll
Event: 0.811 Loaded shared library C:\Users\Hasinjo\.vscode\extensions\redhat.java-1.26.0-win32-x64\jre\17.0.9-win32-x86_64\bin\instrument.dll
Event: 0.927 Loaded shared library C:\Users\Hasinjo\.vscode\extensions\redhat.java-1.26.0-win32-x64\jre\17.0.9-win32-x86_64\bin\net.dll
Event: 0.931 Loaded shared library C:\Users\Hasinjo\.vscode\extensions\redhat.java-1.26.0-win32-x64\jre\17.0.9-win32-x86_64\bin\nio.dll
Event: 0.958 Loaded shared library C:\Users\Hasinjo\.vscode\extensions\redhat.java-1.26.0-win32-x64\jre\17.0.9-win32-x86_64\bin\zip.dll
Event: 1.063 Loaded shared library C:\Users\Hasinjo\.vscode\extensions\redhat.java-1.26.0-win32-x64\jre\17.0.9-win32-x86_64\bin\jimage.dll
Event: 1.223 Loaded shared library c:\Users\Hasinjo\.vscode\extensions\redhat.java-1.26.0-win32-x64\jre\17.0.9-win32-x86_64\bin\verify.dll
Event: 6.454 Loaded shared library C:\Users\Hasinjo\AppData\Roaming\Code\User\globalStorage\redhat.java\1.26.0\config_win\org.eclipse.equinox.launcher\org.eclipse.equinox.launcher.win32.win32.x86_64_1.2.800.v20231003-1442\eclipse_11802.dll
Event: 18.538 Loaded shared library C:\Users\Hasinjo\AppData\Local\Temp\jna--1932741980\jna15387838714252876750.dll
Event: 52.707 Loaded shared library C:\Users\Hasinjo\.vscode\extensions\redhat.java-1.26.0-win32-x64\jre\17.0.9-win32-x86_64\bin\sunmscapi.dll

Deoptimization events (20 events):
Event: 88.723 Thread 0x000001a6446cf600 DEOPT PACKING pc=0x000001a633897a2c sp=0x0000000d81ffe600
Event: 88.723 Thread 0x000001a6446cf600 DEOPT UNPACKING pc=0x000001a632f966a3 sp=0x0000000d81ffe598 mode 2
Event: 88.728 Thread 0x000001a6446cf600 Uncommon trap: trap_request=0xffffffd6 fr.pc=0x000001a633897a2c relative=0x000000000000076c
Event: 88.728 Thread 0x000001a6446cf600 Uncommon trap: reason=array_check action=maybe_recompile pc=0x000001a633897a2c method=java.util.TimSort.binarySort([Ljava/lang/Object;IIILjava/util/Comparator;)V @ 183 c2
Event: 88.728 Thread 0x000001a6446cf600 DEOPT PACKING pc=0x000001a633897a2c sp=0x0000000d81ffe040
Event: 88.728 Thread 0x000001a6446cf600 DEOPT UNPACKING pc=0x000001a632f966a3 sp=0x0000000d81ffdfd8 mode 2
Event: 88.749 Thread 0x000001a6446cf600 Uncommon trap: trap_request=0xffffff45 fr.pc=0x000001a6337e7938 relative=0x0000000000001698
Event: 88.752 Thread 0x000001a6446cf600 Uncommon trap: reason=unstable_if action=reinterpret pc=0x000001a6337e7938 method=jdk.internal.jimage.ImageLocation.verifyName(Ljava/lang/String;Ljava/lang/String;IIIIIILjdk/internal/jimage/ImageStrings;)Z @ 2 c2
Event: 88.752 Thread 0x000001a6446cf600 DEOPT PACKING pc=0x000001a6337e7938 sp=0x0000000d81ffcb80
Event: 88.752 Thread 0x000001a6446cf600 DEOPT UNPACKING pc=0x000001a632f966a3 sp=0x0000000d81ffca78 mode 2
Event: 88.866 Thread 0x000001a6446cf0f0 Uncommon trap: trap_request=0xffffff45 fr.pc=0x000001a633518f8c relative=0x000000000000026c
Event: 88.866 Thread 0x000001a6446cf0f0 Uncommon trap: reason=unstable_if action=reinterpret pc=0x000001a633518f8c method=org.eclipse.core.internal.watson.ElementTree.getElementData(Lorg/eclipse/core/runtime/IPath;)Ljava/lang/Object; @ 25 c2
Event: 88.866 Thread 0x000001a6446cf0f0 DEOPT PACKING pc=0x000001a633518f8c sp=0x0000000d846fdff0
Event: 88.866 Thread 0x000001a6446cf0f0 DEOPT UNPACKING pc=0x000001a632f966a3 sp=0x0000000d846fdfa0 mode 2
Event: 89.110 Thread 0x000001a642271c80 DEOPT PACKING pc=0x000001a62ce671a9 sp=0x0000000d845faa40
Event: 89.110 Thread 0x000001a642271c80 DEOPT UNPACKING pc=0x000001a632f96e43 sp=0x0000000d845f9f08 mode 0
Event: 89.243 Thread 0x000001a642271c80 Uncommon trap: trap_request=0xffffffde fr.pc=0x000001a63374a784 relative=0x0000000000000264
Event: 89.243 Thread 0x000001a642271c80 Uncommon trap: reason=class_check action=maybe_recompile pc=0x000001a63374a784 method=java.util.Comparator.lambda$comparing$77a9974f$1(Ljava/util/function/Function;Ljava/lang/Object;Ljava/lang/Object;)I @ 7 c2
Event: 89.243 Thread 0x000001a642271c80 DEOPT PACKING pc=0x000001a63374a784 sp=0x0000000d845fdc80
Event: 89.243 Thread 0x000001a642271c80 DEOPT UNPACKING pc=0x000001a632f966a3 sp=0x0000000d845fdbb0 mode 2

Classes unloaded (9 events):
Event: 16.076 Thread 0x000001a628e2ea20 Unloading class 0x0000000100252400 'java/lang/invoke/LambdaForm$MH+0x0000000100252400'
Event: 16.076 Thread 0x000001a628e2ea20 Unloading class 0x0000000100252000 'java/lang/invoke/LambdaForm$MH+0x0000000100252000'
Event: 16.076 Thread 0x000001a628e2ea20 Unloading class 0x0000000100251c00 'java/lang/invoke/LambdaForm$MH+0x0000000100251c00'
Event: 16.076 Thread 0x000001a628e2ea20 Unloading class 0x0000000100251800 'java/lang/invoke/LambdaForm$MH+0x0000000100251800'
Event: 16.076 Thread 0x000001a628e2ea20 Unloading class 0x0000000100251400 'java/lang/invoke/LambdaForm$BMH+0x0000000100251400'
Event: 16.076 Thread 0x000001a628e2ea20 Unloading class 0x0000000100251000 'java/lang/invoke/LambdaForm$DMH+0x0000000100251000'
Event: 16.076 Thread 0x000001a628e2ea20 Unloading class 0x000000010024c400 'java/lang/invoke/LambdaForm$DMH+0x000000010024c400'
Event: 50.343 Thread 0x000001a628e2ea20 Unloading class 0x0000000100781400 'java/lang/invoke/LambdaForm$DMH+0x0000000100781400'
Event: 54.449 Thread 0x000001a628e2ea20 Unloading class 0x00000001007e5000 'java/lang/invoke/LambdaForm$DMH+0x00000001007e5000'

Classes redefined (0 events):
No events

Internal exceptions (20 events):
Event: 83.716 Thread 0x000001a6446cf0f0 Exception <a 'java/io/FileNotFoundException'{0x00000000eabab098}> (0x00000000eabab098) 
thrown [s\src\hotspot\share\prims\jni.cpp, line 516]
Event: 84.699 Thread 0x000001a6446cf0f0 Implicit null exception at 0x000001a633672b80 to 0x000001a633674b04
Event: 85.224 Thread 0x000001a6446cf0f0 Exception <a 'sun/nio/fs/WindowsException'{0x00000000eabe1808}> (0x00000000eabe1808) 
thrown [s\src\hotspot\share\prims\jni.cpp, line 516]
Event: 85.328 Thread 0x000001a6446cf0f0 Exception <a 'sun/nio/fs/WindowsException'{0x00000000eabe31e0}> (0x00000000eabe31e0) 
thrown [s\src\hotspot\share\prims\jni.cpp, line 516]
Event: 85.384 Thread 0x000001a6446cf0f0 Exception <a 'sun/nio/fs/WindowsException'{0x00000000eabe48c0}> (0x00000000eabe48c0) 
thrown [s\src\hotspot\share\prims\jni.cpp, line 516]
Event: 85.393 Thread 0x000001a6446cf0f0 Exception <a 'sun/nio/fs/WindowsException'{0x00000000eabe5ef0}> (0x00000000eabe5ef0) 
thrown [s\src\hotspot\share\prims\jni.cpp, line 516]
Event: 85.414 Thread 0x000001a6446cf0f0 Exception <a 'sun/nio/fs/WindowsException'{0x00000000eabe7500}> (0x00000000eabe7500) 
thrown [s\src\hotspot\share\prims\jni.cpp, line 516]
Event: 85.434 Thread 0x000001a6446cf0f0 Exception <a 'sun/nio/fs/WindowsException'{0x00000000eabe8c10}> (0x00000000eabe8c10) 
thrown [s\src\hotspot\share\prims\jni.cpp, line 516]
Event: 85.482 Thread 0x000001a6446cf0f0 Exception <a 'sun/nio/fs/WindowsException'{0x00000000eabea5f0}> (0x00000000eabea5f0) 
thrown [s\src\hotspot\share\prims\jni.cpp, line 516]
Event: 85.564 Thread 0x000001a6446cf0f0 Exception <a 'sun/nio/fs/WindowsException'{0x00000000eabebd48}> (0x00000000eabebd48) 
thrown [s\src\hotspot\share\prims\jni.cpp, line 516]
Event: 85.611 Thread 0x000001a6446cf0f0 Exception <a 'sun/nio/fs/WindowsException'{0x00000000eabed738}> (0x00000000eabed738) 
thrown [s\src\hotspot\share\prims\jni.cpp, line 516]
Event: 86.635 Thread 0x000001a6446cf0f0 Exception <a 'sun/nio/fs/WindowsException'{0x00000000eac3ad40}> (0x00000000eac3ad40) 
thrown [s\src\hotspot\share\prims\jni.cpp, line 516]
Event: 86.640 Thread 0x000001a6446cf0f0 Exception <a 'sun/nio/fs/WindowsException'{0x00000000eac3ba90}> (0x00000000eac3ba90) 
thrown [s\src\hotspot\share\prims\jni.cpp, line 516]
Event: 86.649 Thread 0x000001a6446cf0f0 Exception <a 'sun/nio/fs/WindowsException'{0x00000000eac3cdd0}> (0x00000000eac3cdd0) 
thrown [s\src\hotspot\share\prims\jni.cpp, line 516]
Event: 86.799 Thread 0x000001a6446cf0f0 Exception <a 'sun/nio/fs/WindowsException'{0x00000000eac62f28}> (0x00000000eac62f28) 
thrown [s\src\hotspot\share\prims\jni.cpp, line 516]
Event: 86.802 Thread 0x000001a6446cf0f0 Exception <a 'sun/nio/fs/WindowsException'{0x00000000eac6dc50}> (0x00000000eac6dc50) 
thrown [s\src\hotspot\share\prims\jni.cpp, line 516]
Event: 86.811 Thread 0x000001a6446cf0f0 Exception <a 'sun/nio/fs/WindowsException'{0x00000000eac79600}> (0x00000000eac79600) 
thrown [s\src\hotspot\share\prims\jni.cpp, line 516]
Event: 86.835 Thread 0x000001a6446cf0f0 Exception <a 'sun/nio/fs/WindowsException'{0x00000000eab07538}> (0x00000000eab07538) 
thrown [s\src\hotspot\share\prims\jni.cpp, line 516]
Event: 88.802 Thread 0x000001a6446cf0f0 Exception <a 'sun/nio/fs/WindowsException'{0x00000000eab177b0}> (0x00000000eab177b0) 
thrown [s\src\hotspot\share\prims\jni.cpp, line 516]
Event: 89.108 Thread 0x000001a642271c80 Exception <a 'java/io/FileNotFoundException'{0x00000000eac15388}> (0x00000000eac15388) 
thrown [s\src\hotspot\share\prims\jni.cpp, line 516]

VM Operations (20 events):
Event: 88.794 Executing VM operation: ParallelGCFailedAllocation
Event: 88.797 Executing VM operation: ParallelGCFailedAllocation done
Event: 88.881 Executing VM operation: ParallelGCFailedAllocation
Event: 88.886 Executing VM operation: ParallelGCFailedAllocation done
Event: 89.128 Executing VM operation: ParallelGCFailedAllocation
Event: 89.130 Executing VM operation: ParallelGCFailedAllocation done
Event: 89.293 Executing VM operation: ParallelGCFailedAllocation
Event: 89.299 Executing VM operation: ParallelGCFailedAllocation done
Event: 89.375 Executing VM operation: ParallelGCFailedAllocation
Event: 89.377 Executing VM operation: ParallelGCFailedAllocation done
Event: 89.408 Executing VM operation: ParallelGCFailedAllocation
Event: 89.410 Executing VM operation: ParallelGCFailedAllocation done
Event: 89.457 Executing VM operation: ParallelGCFailedAllocation
Event: 89.459 Executing VM operation: ParallelGCFailedAllocation done
Event: 89.472 Executing VM operation: ParallelGCFailedAllocation
Event: 89.474 Executing VM operation: ParallelGCFailedAllocation done
Event: 89.509 Executing VM operation: ParallelGCFailedAllocation
Event: 89.511 Executing VM operation: ParallelGCFailedAllocation done
Event: 89.527 Executing VM operation: ParallelGCFailedAllocation
Event: 89.529 Executing VM operation: ParallelGCFailedAllocation done

Events (20 events):
Event: 83.127 Thread 0x000001a6446d4700 Thread exited: 0x000001a6446d4700
Event: 83.864 Thread 0x000001a6446d0f50 Thread added: 0x000001a6446d0f50
Event: 83.864 Thread 0x000001a6446d41f0 Thread added: 0x000001a6446d41f0
Event: 83.865 Thread 0x000001a6446cf600 Thread added: 0x000001a6446cf600
Event: 83.865 Thread 0x000001a6446d2db0 Thread added: 0x000001a6446d2db0
Event: 83.865 Thread 0x000001a6446d4700 Thread added: 0x000001a6446d4700
Event: 84.351 Thread 0x000001a6446d2db0 Thread exited: 0x000001a6446d2db0
Event: 84.352 Thread 0x000001a6446d0f50 Thread exited: 0x000001a6446d0f50
Event: 84.352 Thread 0x000001a6446cf600 Thread exited: 0x000001a6446cf600
Event: 84.352 Thread 0x000001a6446d4700 Thread exited: 0x000001a6446d4700
Event: 84.353 Thread 0x000001a6446d41f0 Thread exited: 0x000001a6446d41f0
Event: 85.162 loading class java/io/CharArrayWriter
Event: 85.162 loading class java/io/CharArrayWriter done
Event: 85.201 loading class java/nio/file/attribute/PosixFileAttributes
Event: 85.201 loading class java/nio/file/attribute/PosixFileAttributes done
Event: 88.624 Thread 0x000001a6446cf600 Thread added: 0x000001a6446cf600
Event: 88.793 Thread 0x000001a6446cf600 Thread exited: 0x000001a6446cf600
Event: 89.128 loading class java/util/concurrent/ConcurrentHashMap$TreeBin
Event: 89.130 loading class java/util/concurrent/ConcurrentHashMap$TreeBin done
Event: 89.245 Thread 0x000001a6446d2db0 Thread added: 0x000001a6446d2db0


Dynamic libraries:
0x00007ff768d60000 - 0x00007ff768d6e000 	c:\Users\Hasinjo\.vscode\extensions\redhat.java-1.26.0-win32-x64\jre\17.0.9-win32-x86_64\bin\java.exe
0x00007ffaa1f40000 - 0x00007ffaa2149000 	C:\Windows\SYSTEM32\ntdll.dll
0x00007ffaa07a0000 - 0x00007ffaa085d000 	C:\Windows\System32\KERNEL32.DLL
0x00007ffa9f470000 - 0x00007ffa9f7f4000 	C:\Windows\System32\KERNELBASE.dll
0x00007ffa9fa90000 - 0x00007ffa9fba1000 	C:\Windows\System32\ucrtbase.dll
0x00007ffa8f920000 - 0x00007ffa8f937000 	c:\Users\Hasinjo\.vscode\extensions\redhat.java-1.26.0-win32-x64\jre\17.0.9-win32-x86_64\bin\jli.dll
0x00007ffaa1be0000 - 0x00007ffaa1d8d000 	C:\Windows\System32\USER32.dll
0x00007ffa9f800000 - 0x00007ffa9f826000 	C:\Windows\System32\win32u.dll
0x00007ffaa1ec0000 - 0x00007ffaa1eea000 	C:\Windows\System32\GDI32.dll
0x00007ffa9f830000 - 0x00007ffa9f94e000 	C:\Windows\System32\gdi32full.dll
0x00007ffa9f3d0000 - 0x00007ffa9f46d000 	C:\Windows\System32\msvcp_win.dll
0x00007ffa8f8e0000 - 0x00007ffa8f8fb000 	c:\Users\Hasinjo\.vscode\extensions\redhat.java-1.26.0-win32-x64\jre\17.0.9-win32-x86_64\bin\VCRUNTIME140.dll
0x00007ffa9e530000 - 0x00007ffa9e7d5000 	C:\Windows\WinSxS\amd64_microsoft.windows.common-controls_6595b64144ccf1df_6.0.22000.120_none_9d947278b86cc467\COMCTL32.dll
0x00007ffaa03f0000 - 0x00007ffaa0493000 	C:\Windows\System32\msvcrt.dll
0x00007ffaa1a90000 - 0x00007ffaa1ac1000 	C:\Windows\System32\IMM32.DLL
0x0000000066c60000 - 0x0000000066c6c000 	C:\Program Files (x86)\360\Total Security\safemon\SafeWrapper.dll
0x00007ffaa1e10000 - 0x00007ffaa1ebe000 	C:\Windows\System32\ADVAPI32.dll
0x00007ffaa1ad0000 - 0x00007ffaa1b6e000 	C:\Windows\System32\sechost.dll
0x00007ffaa1960000 - 0x00007ffaa1a81000 	C:\Windows\System32\RPCRT4.dll
0x00007ffa4bd10000 - 0x00007ffa4bda2000 	C:\Program Files (x86)\360\Total Security\safemon\libzdtp64.dll
0x00007ffaa0e50000 - 0x00007ffaa1615000 	C:\Windows\System32\SHELL32.dll
0x00007ffaa1720000 - 0x00007ffaa177d000 	C:\Windows\System32\SHLWAPI.dll
0x00007ffa9ef40000 - 0x00007ffa9ef4a000 	C:\Windows\SYSTEM32\VERSION.dll
0x00007ffa9da50000 - 0x00007ffa9da5c000 	c:\Users\Hasinjo\.vscode\extensions\redhat.java-1.26.0-win32-x64\jre\17.0.9-win32-x86_64\bin\vcruntime140_1.dll
0x00007ffa6b810000 - 0x00007ffa6b89d000 	c:\Users\Hasinjo\.vscode\extensions\redhat.java-1.26.0-win32-x64\jre\17.0.9-win32-x86_64\bin\msvcp140.dll
0x00007ffa2f520000 - 0x00007ffa30181000 	c:\Users\Hasinjo\.vscode\extensions\redhat.java-1.26.0-win32-x64\jre\17.0.9-win32-x86_64\bin\server\jvm.dll
0x00007ffa9f2a0000 - 0x00007ffa9f2ed000 	C:\Windows\SYSTEM32\POWRPROF.dll
0x00007ffa884b0000 - 0x00007ffa884b9000 	C:\Windows\SYSTEM32\WSOCK32.dll
0x00007ffaa0dc0000 - 0x00007ffaa0e2f000 	C:\Windows\System32\WS2_32.dll
0x00007ffa8e5f0000 - 0x00007ffa8e623000 	C:\Windows\SYSTEM32\WINMM.dll
0x00007ffa9f280000 - 0x00007ffa9f293000 	C:\Windows\SYSTEM32\UMPDC.dll
0x00007ffa9d510000 - 0x00007ffa9d528000 	C:\Windows\SYSTEM32\kernel.appcore.dll
0x00007ffa8fbe0000 - 0x00007ffa8fbea000 	c:\Users\Hasinjo\.vscode\extensions\redhat.java-1.26.0-win32-x64\jre\17.0.9-win32-x86_64\bin\jimage.dll
0x00007ffa9ec00000 - 0x00007ffa9ee21000 	C:\Windows\SYSTEM32\DBGHELP.DLL
0x00007ffa9e900000 - 0x00007ffa9e931000 	C:\Windows\SYSTEM32\dbgcore.DLL
0x00007ffa9fa10000 - 0x00007ffa9fa8f000 	C:\Windows\System32\bcryptPrimitives.dll
0x00007ffa8dcb0000 - 0x00007ffa8dcbe000 	c:\Users\Hasinjo\.vscode\extensions\redhat.java-1.26.0-win32-x64\jre\17.0.9-win32-x86_64\bin\instrument.dll
0x00007ffa8dc70000 - 0x00007ffa8dc95000 	c:\Users\Hasinjo\.vscode\extensions\redhat.java-1.26.0-win32-x64\jre\17.0.9-win32-x86_64\bin\java.dll
0x00007ffa8dc50000 - 0x00007ffa8dc68000 	c:\Users\Hasinjo\.vscode\extensions\redhat.java-1.26.0-win32-x64\jre\17.0.9-win32-x86_64\bin\zip.dll
0x00007ffa9c570000 - 0x00007ffa9cdd2000 	C:\Windows\SYSTEM32\windows.storage.dll
0x00007ffaa08a0000 - 0x00007ffaa0c16000 	C:\Windows\System32\combase.dll
0x00007ffa9c400000 - 0x00007ffa9c567000 	C:\Windows\SYSTEM32\wintypes.dll
0x00007ffaa0210000 - 0x00007ffaa02fa000 	C:\Windows\System32\SHCORE.dll
0x00007ffa9f300000 - 0x00007ffa9f325000 	C:\Windows\SYSTEM32\profapi.dll
0x00007ffa8dc30000 - 0x00007ffa8dc49000 	C:\Users\Hasinjo\.vscode\extensions\redhat.java-1.26.0-win32-x64\jre\17.0.9-win32-x86_64\bin\net.dll
0x00007ffa97900000 - 0x00007ffa97a14000 	C:\Windows\SYSTEM32\WINHTTP.dll
0x00007ffa9e170000 - 0x00007ffa9e1d7000 	C:\Windows\system32\mswsock.dll
0x00007ffa8aaf0000 - 0x00007ffa8ab06000 	C:\Users\Hasinjo\.vscode\extensions\redhat.java-1.26.0-win32-x64\jre\17.0.9-win32-x86_64\bin\nio.dll
0x00007ffa8dc20000 - 0x00007ffa8dc30000 	c:\Users\Hasinjo\.vscode\extensions\redhat.java-1.26.0-win32-x64\jre\17.0.9-win32-x86_64\bin\verify.dll
0x00007ffa8d060000 - 0x00007ffa8d09e000 	C:\Users\Hasinjo\AppData\Roaming\Code\User\globalStorage\redhat.java\1.26.0\config_win\org.eclipse.equinox.launcher\org.eclipse.equinox.launcher.win32.win32.x86_64_1.2.800.v20231003-1442\eclipse_11802.dll
0x00007ffaa0c20000 - 0x00007ffaa0dba000 	C:\Windows\System32\ole32.dll
0x00007ffa9ef10000 - 0x00007ffa9ef28000 	C:\Windows\SYSTEM32\CRYPTSP.dll
0x00007ffa9d470000 - 0x00007ffa9d4a5000 	C:\Windows\system32\rsaenh.dll
0x00007ffa9e440000 - 0x00007ffa9e46c000 	C:\Windows\SYSTEM32\USERENV.dll
0x00007ffa9ea00000 - 0x00007ffa9ea27000 	C:\Windows\SYSTEM32\bcrypt.dll
0x00007ffa9e470000 - 0x00007ffa9e47c000 	C:\Windows\SYSTEM32\CRYPTBASE.dll
0x00007ffa9d030000 - 0x00007ffa9d05d000 	C:\Windows\SYSTEM32\IPHLPAPI.DLL
0x00007ffaa0e30000 - 0x00007ffaa0e39000 	C:\Windows\System32\NSI.dll
0x00007ffa98250000 - 0x00007ffa98269000 	C:\Windows\SYSTEM32\dhcpcsvc6.DLL
0x00007ffa98630000 - 0x00007ffa9864e000 	C:\Windows\SYSTEM32\dhcpcsvc.DLL
0x00007ffa9d060000 - 0x00007ffa9d147000 	C:\Windows\SYSTEM32\DNSAPI.dll
0x00007ffa600c0000 - 0x00007ffa60105000 	C:\Users\Hasinjo\AppData\Local\Temp\jna--1932741980\jna15387838714252876750.dll
0x00007ffaa1950000 - 0x00007ffaa1958000 	C:\Windows\System32\PSAPI.DLL
0x00007ffa8d050000 - 0x00007ffa8d05e000 	C:\Users\Hasinjo\.vscode\extensions\redhat.java-1.26.0-win32-x64\jre\17.0.9-win32-x86_64\bin\sunmscapi.dll
0x00007ffa9fbb0000 - 0x00007ffa9fd12000 	C:\Windows\System32\CRYPT32.dll
0x00007ffa9e7e0000 - 0x00007ffa9e808000 	C:\Windows\SYSTEM32\ncrypt.dll
0x00007ffa9e4f0000 - 0x00007ffa9e527000 	C:\Windows\SYSTEM32\NTASN1.dll
0x00007ffa9ebc0000 - 0x00007ffa9ebf4000 	C:\Windows\SYSTEM32\ntmarta.dll

dbghelp: loaded successfully - version: 4.0.5 - missing functions: none
symbol engine: initialized successfully - sym options: 0x614 - pdb path: .;c:\Users\Hasinjo\.vscode\extensions\redhat.java-1.26.0-win32-x64\jre\17.0.9-win32-x86_64\bin;C:\Windows\SYSTEM32;C:\Windows\WinSxS\amd64_microsoft.windows.common-controls_6595b64144ccf1df_6.0.22000.120_none_9d947278b86cc467;C:\Program Files (x86)\360\Total Security\safemon;c:\Users\Hasinjo\.vscode\extensions\redhat.java-1.26.0-win32-x64\jre\17.0.9-win32-x86_64\bin\server;C:\Users\Hasinjo\AppData\Roaming\Code\User\globalStorage\redhat.java\1.26.0\config_win\org.eclipse.equinox.launcher\org.eclipse.equinox.launcher.win32.win32.x86_64_1.2.800.v20231003-1442;C:\Users\Hasinjo\AppData\Local\Temp\jna--1932741980

VM Arguments:
jvm_args: --add-modules=ALL-SYSTEM --add-opens=java.base/java.util=ALL-UNNAMED --add-opens=java.base/java.lang=ALL-UNNAMED --add-opens=java.base/sun.nio.fs=ALL-UNNAMED -Declipse.application=org.eclipse.jdt.ls.core.id1 -Dosgi.bundles.defaultStartLevel=4 -Declipse.product=org.eclipse.jdt.ls.core.product -Djava.import.generatesMetadataFilesAtProjectRoot=false -DDetectVMInstallationsJob.disabled=true -Dfile.encoding=utf8 -XX:+UseParallelGC -XX:GCTimeRatio=4 -XX:AdaptiveSizePolicyWeight=90 -Dsun.zip.disableMemoryMapping=true -Xmx1G -Xms100m -Xlog:disable -javaagent:c:\Users\Hasinjo\.vscode\extensions\redhat.java-1.26.0-win32-x64\lombok\lombok-1.18.31-3454.jar -XX:+HeapDumpOnOutOfMemoryError -XX:HeapDumpPath=c:\Users\Hasinjo\AppData\Roaming\Code\User\workspaceStorage\47e84844d8669df998fe121360fdeccc\redhat.java -Daether.dependencyCollector.impl=bf 
java_command: c:\Users\Hasinjo\.vscode\extensions\redhat.java-1.26.0-win32-x64\server\plugins\org.eclipse.equinox.launcher_1.6.700.v20231214-2017.jar -configuration c:\Users\Hasinjo\AppData\Roaming\Code\User\globalStorage\redhat.java\1.26.0\config_win -data c:\Users\Hasinjo\AppData\Roaming\Code\User\workspaceStorage\47e84844d8669df998fe121360fdeccc\redhat.java\jdt_ws --stdio
java_class_path (initial): c:\Users\Hasinjo\.vscode\extensions\redhat.java-1.26.0-win32-x64\server\plugins\org.eclipse.equinox.launcher_1.6.700.v20231214-2017.jar
Launcher Type: SUN_STANDARD

[Global flags]
    uintx AdaptiveSizePolicyWeight                 = 90                                        {product} {command line}
     intx CICompilerCount                          = 3                                         {product} {ergonomic}
    uintx GCTimeRatio                              = 4                                         {product} {command line}
     bool HeapDumpOnOutOfMemoryError               = true                                   {manageable} {command line}
    ccstr HeapDumpPath                             = c:\Users\Hasinjo\AppData\Roaming\Code\User\workspaceStorage\47e84844d8669df998fe121360fdeccc\redhat.java         {manageable} {command line}
   size_t InitialHeapSize                          = 104857600                                 {product} {command line}
   size_t MaxHeapSize                              = 1073741824                                {product} {command line}
   size_t MaxNewSize                               = 357564416                                 {product} {ergonomic}
   size_t MinHeapDeltaBytes                        = 524288                                    {product} {ergonomic}
   size_t MinHeapSize                              = 104857600                                 {product} {command line}
   size_t NewSize                                  = 34603008                                  {product} {ergonomic}
    uintx NonNMethodCodeHeapSize                   = 5832780                                {pd product} {ergonomic}
    uintx NonProfiledCodeHeapSize                  = 122912730                              {pd product} {ergonomic}
   size_t OldSize                                  = 70254592                                  {product} {ergonomic}
    uintx ProfiledCodeHeapSize                     = 122912730                              {pd product} {ergonomic}
    uintx ReservedCodeCacheSize                    = 251658240                              {pd product} {ergonomic}
     bool SegmentedCodeCache                       = true                                      {product} {ergonomic}
   size_t SoftMaxHeapSize                          = 1073741824                             {manageable} {ergonomic}
     bool UseCompressedClassPointers               = true                           {product lp64_product} {ergonomic}
     bool UseCompressedOops                        = true                           {product lp64_product} {ergonomic}
     bool UseLargePagesIndividualAllocation        = false                                  {pd product} {ergonomic}
     bool UseParallelGC                            = true                                      {product} {command line}

Logging:
Log output configuration:
 #0: stdout all=off uptime,level,tags
 #1: stderr all=off uptime,level,tags

Environment Variables:
JAVA_HOME=%C:\Program Files\Java\jdk1.8.0_91\bin
PATH=C:\Program Files\Common Files\Oracle\Java\javapath;C:\Windows\system32;C:\Windows;C:\Windows\System32\Wbem;C:\Windows\System32\WindowsPowerShell\v1.0\;C:\Windows\System32\OpenSSH\;C:\Program Files\Java\jdk1.8.0_91\bin;C:\Users\Hasinjo\Desktop\Projet_servlet\TestFramework\WEB-INF\lib\Framework.jar;D:\server\xamp\php;C:\ProgramData\ComposerSetup\bin;C:\Program Files\nodejs\;C:\Program Files\dotnet\;C:\Users\Hasinjo\Desktop\apache-maven-3.8.8\bin;D:\S5\Naina\Test\dist\Test.jar;C:\Program Files\PostgreSQL\15\bin;D:\t\Programs\opencv\build\java\opencv-3416.jar;C:\Users\Hasinjo\AppData\Local\Microsoft\WindowsApps;C:\Users\Hasinjo\AppData\Local\Programs\Microsoft VS Code\bin;C:\Users\Hasinjo\AppData\Local\GitHubDesktop\bin;C:\Users\Hasinjo\AppData\Roaming\Composer\vendor\bin;C:\Users\Hasinjo\AppData\Roaming\npm;C:\Users\Hasinjo\.dotnet\tools;C:\Users\Hasinjo\Desktop\apache-maven-3.8.8\bin;D:\S5\Naina\Test\dist\Test.jar;C:\Program Files\JetBrains\IntelliJ IDEA 2022.2\bin;;C:\Program Files\PostgreSQL\15\bin;D:\t\Programs\opencv\build\java\opencv-3416.jar;C:\Users\Hasinjo\AppData\Local\Programs\mongosh\;C:\Users\Hasinjo\Downloads\mongodb-atlas-cli_1.14.0_windows_x86_64\bin\;C:\ProgramData\Hasinjo\GitHubDesktop\bin
USERNAME=Hasinjo
OS=Windows_NT
PROCESSOR_IDENTIFIER=Intel64 Family 6 Model 78 Stepping 3, GenuineIntel
TMP=C:\Users\Hasinjo\AppData\Local\Temp
TEMP=C:\Users\Hasinjo\AppData\Local\Temp



Periodic native trim disabled


---------------  S Y S T E M  ---------------

OS:
 Windows 11 , 64 bit Build 22000 (10.0.22000.2538)
OS uptime: 0 days 4:34 hours
Hyper-V role detected

CPU: total 4 (initial active 4) (2 cores per cpu, 2 threads per core) family 6 model 78 stepping 3 microcode 0xd6, cx8, cmov, fxsr, ht, mmx, 3dnowpref, sse, sse2, sse3, ssse3, sse4.1, sse4.2, popcnt, lzcnt, tsc, tscinvbit, avx, avx2, aes, erms, clmul, bmi1, bmi2, adx, fma, vzeroupper, clflush, clflushopt, hv
Processor Information for all 4 processors :
  Max Mhz: 2000, Current Mhz: 2000, Mhz Limit: 2000

Memory: 4k page, system-wide physical 4017M (69M free)
TotalPageFile size 13500M (AvailPageFile size 10M)
current process WorkingSet (physical memory assigned to process): 309M, peak: 350M
current process commit charge ("private bytes"): 385M, peak: 410M

vm_info: OpenJDK 64-Bit Server VM (17.0.9+9) for windows-amd64 JRE (17.0.9+9), built on Oct 26 2023 14:01:42 by "admin" with MS VC++ 16.10 / 16.11 (VS2019)

END.
