#
# There is insufficient memory for the Java Runtime Environment to continue.
# Native memory allocation (malloc) failed to allocate 1074256 bytes for Chunk::new
# Possible reasons:
#   The system is out of physical RAM or swap space
#   The process is running with CompressedOops enabled, and the Java Heap may be blocking the growth of the native heap
# Possible solutions:
#   Reduce memory load on the system
#   Increase physical memory or swap space
#   Check if swap backing store is full
#   Decrease Java heap size (-Xmx/-Xms)
#   Decrease number of Java threads
#   Decrease Java thread stack sizes (-Xss)
#   Set larger code cache with -XX:ReservedCodeCacheSize=
#   JVM is running with Unscaled Compressed Oops mode in which the Java heap is
#     placed in the first 4GB address space. The Java Heap base address is the
#     maximum limit for the native heap growth. Please use -XX:HeapBaseMinAddress
#     to set the Java Heap base and to place the Java Heap above 4GB virtual address.
# This output file may be truncated or incomplete.
#
#  Out of Memory Error (arena.cpp:191), pid=28128, tid=24824
#
# JRE version: OpenJDK Runtime Environment Temurin-17.0.9+9 (17.0.9+9) (build 17.0.9+9)
# Java VM: OpenJDK 64-Bit Server VM Temurin-17.0.9+9 (17.0.9+9, mixed mode, tiered, compressed oops, compressed class ptrs, parallel gc, windows-amd64)
# No core dump will be written. Minidumps are not enabled by default on client versions of Windows
#

---------------  S U M M A R Y ------------

Command Line: --add-modules=ALL-SYSTEM --add-opens=java.base/java.util=ALL-UNNAMED --add-opens=java.base/java.lang=ALL-UNNAMED --add-opens=java.base/sun.nio.fs=ALL-UNNAMED -Declipse.application=org.eclipse.jdt.ls.core.id1 -Dosgi.bundles.defaultStartLevel=4 -Declipse.product=org.eclipse.jdt.ls.core.product -Djava.import.generatesMetadataFilesAtProjectRoot=false -DDetectVMInstallationsJob.disabled=true -Dfile.encoding=utf8 -XX:+UseParallelGC -XX:GCTimeRatio=4 -XX:AdaptiveSizePolicyWeight=90 -Dsun.zip.disableMemoryMapping=true -Xmx1G -Xms100m -Xlog:disable -javaagent:c:\Users\Hasinjo\.vscode\extensions\redhat.java-1.26.0-win32-x64\lombok\lombok-1.18.31-3454.jar -XX:+HeapDumpOnOutOfMemoryError -XX:HeapDumpPath=c:\Users\Hasinjo\AppData\Roaming\Code\User\workspaceStorage\47e84844d8669df998fe121360fdeccc\redhat.java -Daether.dependencyCollector.impl=bf c:\Users\Hasinjo\.vscode\extensions\redhat.java-1.26.0-win32-x64\server\plugins\org.eclipse.equinox.launcher_1.6.700.v20231214-2017.jar -configuration c:\Users\Hasinjo\AppData\Roaming\Code\User\globalStorage\redhat.java\1.26.0\config_win -data c:\Users\Hasinjo\AppData\Roaming\Code\User\workspaceStorage\47e84844d8669df998fe121360fdeccc\redhat.java\jdt_ws --stdio

Host: Intel(R) Core(TM) i3-6006U CPU @ 2.00GHz, 4 cores, 3G,  Windows 11 , 64 bit Build 22000 (10.0.22000.2538)
Time: Mon Jan 29 17:44:22 2024 Pacifique elapsed time: 86.850233 seconds (0d 0h 1m 26s)

---------------  T H R E A D  ---------------

Current thread (0x0000013b78b5fd50):  JavaThread "C2 CompilerThread0" daemon [_thread_in_native, id=24824, stack(0x000000389c100000,0x000000389c200000)]


Current CompileTask:
C2:  86850 15013       4       org.eclipse.jdt.internal.compiler.classfmt.ModuleInfo::readModuleAttribute (1166 bytes)

Stack: [0x000000389c100000,0x000000389c200000]
Native frames: (J=compiled Java code, j=interpreted, Vv=VM code, C=native code)
V  [jvm.dll+0x67cf49]
V  [jvm.dll+0x83478a]
V  [jvm.dll+0x83624e]
V  [jvm.dll+0x8368b3]
V  [jvm.dll+0x247f1f]
V  [jvm.dll+0xac43c]
V  [jvm.dll+0xaca8c]
V  [jvm.dll+0x367012]
V  [jvm.dll+0x1bd3b6]
V  [jvm.dll+0x21a709]
V  [jvm.dll+0x2199d1]
V  [jvm.dll+0x1a57cd]
V  [jvm.dll+0x2297ae]
V  [jvm.dll+0x22797c]
V  [jvm.dll+0x7e9877]
V  [jvm.dll+0x7e3c3a]
V  [jvm.dll+0x67be35]
C  [ucrtbase.dll+0x26c0c]
C  [KERNEL32.DLL+0x153e0]
C  [ntdll.dll+0x485b]


---------------  P R O C E S S  ---------------

Threads class SMR info:
_java_thread_list=0x0000013b110bbaa0, length=36, elements={
0x0000013b73cfef90, 0x0000013b78b3d380, 0x0000013b78b41000, 0x0000013b7dd08190,
0x0000013b7dd09010, 0x0000013b7dd0bda0, 0x0000013b78b5f150, 0x0000013b78b5fd50,
0x0000013b7dd58390, 0x0000013b7dd5ac90, 0x0000013b73d5ecd0, 0x0000013b7e163890,
0x0000013b7eabe330, 0x0000013b7e8cb970, 0x0000013b7e5e5760, 0x0000013b7e7506d0,
0x0000013b7e752a40, 0x0000013b7e752020, 0x0000013b7e752530, 0x0000013b7e74f290,
0x0000013b7e750be0, 0x0000013b7e74f7a0, 0x0000013b7e7501c0, 0x0000013b0f6948c0,
0x0000013b0f696210, 0x0000013b0f6952e0, 0x0000013b0f694dd0, 0x0000013b0f6957f0,
0x0000013b0f696720, 0x0000013b0f696c30, 0x0000013b0f697650, 0x0000013b0f697b60,
0x0000013b109782c0, 0x0000013b109727a0, 0x0000013b10976e80, 0x0000013b10975f50
}

Java Threads: ( => current thread )
  0x0000013b73cfef90 JavaThread "main" [_thread_blocked, id=26664, stack(0x000000389b800000,0x000000389b900000)]
  0x0000013b78b3d380 JavaThread "Reference Handler" daemon [_thread_blocked, id=30296, stack(0x000000389bb00000,0x000000389bc00000)]
  0x0000013b78b41000 JavaThread "Finalizer" daemon [_thread_blocked, id=27776, stack(0x000000389bc00000,0x000000389bd00000)]
  0x0000013b7dd08190 JavaThread "Signal Dispatcher" daemon [_thread_blocked, id=23368, stack(0x000000389bd00000,0x000000389be00000)]
  0x0000013b7dd09010 JavaThread "Attach Listener" daemon [_thread_blocked, id=30716, stack(0x000000389be00000,0x000000389bf00000)]
  0x0000013b7dd0bda0 JavaThread "Service Thread" daemon [_thread_blocked, id=27276, stack(0x000000389bf00000,0x000000389c000000)]
  0x0000013b78b5f150 JavaThread "Monitor Deflation Thread" daemon [_thread_blocked, id=1412, stack(0x000000389c000000,0x000000389c100000)]
=>0x0000013b78b5fd50 JavaThread "C2 CompilerThread0" daemon [_thread_in_native, id=24824, stack(0x000000389c100000,0x000000389c200000)]
  0x0000013b7dd58390 JavaThread "C1 CompilerThread0" daemon [_thread_blocked, id=27220, stack(0x000000389c200000,0x000000389c300000)]
  0x0000013b7dd5ac90 JavaThread "Sweeper thread" daemon [_thread_blocked, id=28204, stack(0x000000389c300000,0x000000389c400000)]
  0x0000013b73d5ecd0 JavaThread "Common-Cleaner" daemon [_thread_blocked, id=26932, stack(0x000000389c400000,0x000000389c500000)]
  0x0000013b7e163890 JavaThread "Notification Thread" daemon [_thread_blocked, id=27548, stack(0x000000389c500000,0x000000389c600000)]
  0x0000013b7eabe330 JavaThread "Active Thread: Equinox Container: 89829851-1610-4f69-9246-637fa2cd17c9" [_thread_blocked, id=19956, stack(0x000000389ca00000,0x000000389cb00000)]
  0x0000013b7e8cb970 JavaThread "Framework Event Dispatcher: Equinox Container: 89829851-1610-4f69-9246-637fa2cd17c9" daemon [_thread_blocked, id=19236, stack(0x000000389cb00000,0x000000389cc00000)]
  0x0000013b7e5e5760 JavaThread "Start Level: Equinox Container: 89829851-1610-4f69-9246-637fa2cd17c9" daemon [_thread_blocked, id=30640, stack(0x000000389cc00000,0x000000389cd00000)]
  0x0000013b7e7506d0 JavaThread "Bundle File Closer" daemon [_thread_blocked, id=29904, stack(0x000000389cd00000,0x000000389ce00000)]
  0x0000013b7e752a40 JavaThread "SCR Component Actor" daemon [_thread_blocked, id=29232, stack(0x000000389ce00000,0x000000389cf00000)]
  0x0000013b7e752020 JavaThread "Worker-JM" [_thread_blocked, id=28112, stack(0x000000389d000000,0x000000389d100000)]
  0x0000013b7e752530 JavaThread "Worker-0" [_thread_blocked, id=29552, stack(0x000000389d100000,0x000000389d200000)]
  0x0000013b7e74f290 JavaThread "Worker-1" [_thread_blocked, id=25820, stack(0x000000389d200000,0x000000389d300000)]
  0x0000013b7e750be0 JavaThread "Worker-2" [_thread_blocked, id=26652, stack(0x000000389d300000,0x000000389d400000)]
  0x0000013b7e74f7a0 JavaThread "Worker-3: Update project demo" [_thread_in_native, id=30332, stack(0x000000389d400000,0x000000389d500000)]
  0x0000013b7e7501c0 JavaThread "Java indexing" daemon [_thread_in_Java, id=23072, stack(0x000000389d500000,0x000000389d600000)]
  0x0000013b0f6948c0 JavaThread "JNA Cleaner" daemon [_thread_blocked, id=26928, stack(0x000000389cf00000,0x000000389d000000)]
  0x0000013b0f696210 JavaThread "pool-2-thread-1" [_thread_blocked, id=19244, stack(0x000000389d800000,0x000000389d900000)]
  0x0000013b0f6952e0 JavaThread "WorkspaceEventsHandler" [_thread_blocked, id=21228, stack(0x000000389d900000,0x000000389da00000)]
  0x0000013b0f694dd0 JavaThread "pool-1-thread-1" [_thread_in_native, id=28216, stack(0x000000389da00000,0x000000389db00000)]
  0x0000013b0f6957f0 JavaThread "ForkJoinPool.commonPool-worker-1" daemon [_thread_blocked, id=14220, stack(0x000000389db00000,0x000000389dc00000)]
  0x0000013b0f696720 JavaThread "Worker-4: Initialize workspace" [_thread_blocked, id=30240, stack(0x000000389dc00000,0x000000389dd00000)]
  0x0000013b0f696c30 JavaThread "ForkJoinPool.commonPool-worker-2" daemon [_thread_blocked, id=29496, stack(0x000000389dd00000,0x000000389de00000)]
  0x0000013b0f697650 JavaThread "Worker-5" [_thread_blocked, id=28252, stack(0x000000389de00000,0x000000389df00000)]
  0x0000013b0f697b60 JavaThread "Worker-6: Updating workspace" [_thread_blocked, id=30372, stack(0x000000389df00000,0x000000389e000000)]
  0x0000013b109782c0 JavaThread "ForkJoinPool.commonPool-worker-3" daemon [_thread_blocked, id=27468, stack(0x000000389e500000,0x000000389e600000)]
  0x0000013b109727a0 JavaThread "Worker-7" [_thread_blocked, id=23316, stack(0x000000389e000000,0x000000389e100000)]
  0x0000013b10976e80 JavaThread "Worker-8" [_thread_blocked, id=28428, stack(0x000000389e100000,0x000000389e200000)]
  0x0000013b10975f50 JavaThread "Worker-9: Java indexing... " [_thread_blocked, id=16024, stack(0x000000389e200000,0x000000389e300000)]

Other Threads:
  0x0000013b73d85290 VMThread "VM Thread" [stack: 0x000000389ba00000,0x000000389bb00000] [id=22892]
  0x0000013b7e163d70 WatcherThread [stack: 0x000000389c600000,0x000000389c700000] [id=27656]
  0x0000013b73d13b70 GCTaskThread "GC Thread#0" [stack: 0x000000389b900000,0x000000389ba00000] [id=30244]
  0x0000013b7e21a270 GCTaskThread "GC Thread#1" [stack: 0x000000389c700000,0x000000389c800000] [id=29728]
  0x0000013b7e5ca060 GCTaskThread "GC Thread#2" [stack: 0x000000389c800000,0x000000389c900000] [id=29424]
  0x0000013b7e5ca320 GCTaskThread "GC Thread#3" [stack: 0x000000389c900000,0x000000389ca00000] [id=30012]

Threads with active compile tasks:
C2 CompilerThread0    86933 15013       4       org.eclipse.jdt.internal.compiler.classfmt.ModuleInfo::readModuleAttribute (1166 bytes)

VM state: not at safepoint (normal execution)

VM Mutex/Monitor currently owned by a thread: None

Heap address: 0x00000000c0000000, size: 1024 MB, Compressed Oops mode: 32-bit

CDS archive(s) not mapped
Compressed class space mapped at: 0x0000000100000000-0x0000000140000000, reserved size: 1073741824
Narrow klass base: 0x0000000000000000, Narrow klass shift: 3, Narrow klass range: 0x140000000

GC Precious Log:
 CPUs: 4 total, 4 available
 Memory: 4017M
 Large Page Support: Disabled
 NUMA Support: Disabled
 Compressed Oops: Enabled (32-bit)
 Alignments: Space 512K, Generation 512K, Heap 2M
 Heap Min Capacity: 100M
 Heap Initial Capacity: 100M
 Heap Max Capacity: 1G
 Pre-touch: Disabled
 Parallel Workers: 4

Heap:
 PSYoungGen      total 4608K, used 2529K [0x00000000eab00000, 0x00000000eb180000, 0x0000000100000000)
  eden space 3584K, 42% used [0x00000000eab00000,0x00000000eac7ffe0,0x00000000eae80000)
  from space 1024K, 97% used [0x00000000eaf00000,0x00000000eaff8680,0x00000000eb000000)
  to   space 1536K, 0% used [0x00000000eb000000,0x00000000eb000000,0x00000000eb180000)
 ParOldGen       total 152064K, used 139508K [0x00000000c0000000, 0x00000000c9480000, 0x00000000eab00000)
  object space 152064K, 91% used [0x00000000c0000000,0x00000000c883d3d8,0x00000000c9480000)
 Metaspace       used 80335K, committed 81792K, reserved 1179648K
  class space    used 8283K, committed 8896K, reserved 1048576K

Card table byte_map: [0x0000013b73690000,0x0000013b738a0000] _byte_map_base: 0x0000013b73090000

Marking Bits: (ParMarkBitMap*) 0x00007ffa300bd0b0
 Begin Bits: [0x0000013b76980000, 0x0000013b77980000)
 End Bits:   [0x0000013b77980000, 0x0000013b78980000)

Polling page: 0x0000013b71cc0000

Metaspace:

Usage:
  Non-class:     70.36 MB used.
      Class:      8.09 MB used.
       Both:     78.45 MB used.

Virtual space:
  Non-class space:      128.00 MB reserved,      71.19 MB ( 56%) committed,  2 nodes.
      Class space:        1.00 GB reserved,       8.69 MB ( <1%) committed,  1 nodes.
             Both:        1.12 GB reserved,      79.88 MB (  7%) committed. 

Chunk freelists:
   Non-Class:  8.62 MB
       Class:  7.14 MB
        Both:  15.77 MB

MaxMetaspaceSize: unlimited
CompressedClassSpaceSize: 1.00 GB
Initial GC threshold: 21.00 MB
Current GC threshold: 131.69 MB
CDS: off
MetaspaceReclaimPolicy: balanced
 - commit_granule_bytes: 65536.
 - commit_granule_words: 8192.
 - virtual_space_node_default_size: 8388608.
 - enlarge_chunks_in_place: 1.
 - new_chunks_are_fully_committed: 0.
 - uncommit_free_chunks: 1.
 - use_allocation_guard: 0.
 - handle_deallocations: 1.


Internal statistics:

num_allocs_failed_limit: 9.
num_arena_births: 1126.
num_arena_deaths: 16.
num_vsnodes_births: 3.
num_vsnodes_deaths: 0.
num_space_committed: 1278.
num_space_uncommitted: 0.
num_chunks_returned_to_freelist: 25.
num_chunks_taken_from_freelist: 4683.
num_chunk_merges: 11.
num_chunk_splits: 2839.
num_chunks_enlarged: 1554.
num_inconsistent_stats: 0.

CodeHeap 'non-profiled nmethods': size=120000Kb used=7593Kb max_used=7593Kb free=112407Kb
 bounds [0x0000013b07ad0000, 0x0000013b08240000, 0x0000013b0f000000]
CodeHeap 'profiled nmethods': size=120000Kb used=26753Kb max_used=26753Kb free=93246Kb
 bounds [0x0000013b00000000, 0x0000013b01a30000, 0x0000013b07530000]
CodeHeap 'non-nmethods': size=5760Kb used=1387Kb max_used=1491Kb free=4372Kb
 bounds [0x0000013b07530000, 0x0000013b077a0000, 0x0000013b07ad0000]
 total_blobs=13128 nmethods=12386 adapters=653
 compilation: enabled
              stopped_count=0, restarted_count=0
 full_count=0

Compilation events (20 events):
Event: 86.316 Thread 0x0000013b7dd58390 15057       3       org.eclipse.jdt.internal.compiler.lookup.UnresolvedReferenceBinding::addWrapper (75 bytes)
Event: 86.317 Thread 0x0000013b7dd58390 nmethod 15057 0x0000013b01a1a990 code [0x0000013b01a1ab80, 0x0000013b01a1b2d8]
Event: 86.317 Thread 0x0000013b7dd58390 15058       2       org.eclipse.jdt.internal.compiler.lookup.MethodScope::referenceMethodBinding (44 bytes)
Event: 86.317 Thread 0x0000013b7dd58390 nmethod 15058 0x0000013b01a1b510 code [0x0000013b01a1b6c0, 0x0000013b01a1b918]
Event: 86.317 Thread 0x0000013b7dd58390 15053       2       org.eclipse.jdt.internal.core.SourceMethodElementInfo::getDeclarationSourceEnd (5 bytes)
Event: 86.317 Thread 0x0000013b7dd58390 nmethod 15053 0x0000013b01a1ba10 code [0x0000013b01a1bba0, 0x0000013b01a1bcb8]
Event: 86.317 Thread 0x0000013b7dd58390 15055       2       org.eclipse.jdt.internal.compiler.lookup.AnnotationBinding::resolve (1 bytes)
Event: 86.317 Thread 0x0000013b7dd58390 nmethod 15055 0x0000013b013e9310 code [0x0000013b013e94a0, 0x0000013b013e9598]
Event: 86.319 Thread 0x0000013b7dd58390 15059       2       org.eclipse.jdt.internal.compiler.ClassFile::generateMethodInfoAttributes (644 bytes)
Event: 86.322 Thread 0x0000013b7dd58390 nmethod 15059 0x0000013b01a1bd90 code [0x0000013b01a1c0c0, 0x0000013b01a1cf58]
Event: 86.322 Thread 0x0000013b7dd58390 15060       2       java.io.FileOutputStream::<init> (111 bytes)
Event: 86.324 Thread 0x0000013b7dd58390 nmethod 15060 0x0000013b01a1d990 code [0x0000013b01a1dba0, 0x0000013b01a1e048]
Event: 86.324 Thread 0x0000013b7dd58390 15061       2       java.io.FileOutputStream::open (7 bytes)
Event: 86.324 Thread 0x0000013b7dd58390 nmethod 15061 0x0000013b01a1e310 code [0x0000013b01a1e4a0, 0x0000013b01a1e5c8]
Event: 86.324 Thread 0x0000013b7dd58390 15062       2       sun.util.calendar.BaseCalendar::getFixedDate (324 bytes)
Event: 86.326 Thread 0x0000013b7dd58390 nmethod 15062 0x0000013b01a1e690 code [0x0000013b01a1e8c0, 0x0000013b01a1f618]
Event: 86.326 Thread 0x0000013b7dd58390 15063       2       java.io.FileOutputStream$1::close (11 bytes)
Event: 86.330 Thread 0x0000013b7dd58390 nmethod 15063 0x0000013b01a1fd90 code [0x0000013b01a1ff60, 0x0000013b01a20298]
Event: 86.831 Thread 0x0000013b7dd58390 15064       3       org.eclipse.jdt.core.compiler.CharOperation::fragmentEquals (89 bytes)
Event: 86.831 Thread 0x0000013b7dd58390 nmethod 15064 0x0000013b01a20490 code [0x0000013b01a20680, 0x0000013b01a20bd8]

GC Heap History (20 events):
Event: 85.849 GC heap before
{Heap before GC invocations=294 (full 8):
 PSYoungGen      total 3584K, used 3542K [0x00000000eab00000, 0x00000000eaf80000, 0x0000000100000000)
  eden space 2560K, 100% used [0x00000000eab00000,0x00000000ead80000,0x00000000ead80000)
  from space 1024K, 95% used [0x00000000eae80000,0x00000000eaf75808,0x00000000eaf80000)
  to   space 1024K, 0% used [0x00000000ead80000,0x00000000ead80000,0x00000000eae80000)
 ParOldGen       total 152064K, used 135303K [0x00000000c0000000, 0x00000000c9480000, 0x00000000eab00000)
  object space 152064K, 88% used [0x00000000c0000000,0x00000000c8421f20,0x00000000c9480000)
 Metaspace       used 80309K, committed 81792K, reserved 1179648K
  class space    used 8283K, committed 8896K, reserved 1048576K
}
Event: 85.852 GC heap after
{Heap after GC invocations=294 (full 8):
 PSYoungGen      total 3584K, used 1023K [0x00000000eab00000, 0x00000000eb080000, 0x0000000100000000)
  eden space 2560K, 0% used [0x00000000eab00000,0x00000000eab00000,0x00000000ead80000)
  from space 1024K, 99% used [0x00000000ead80000,0x00000000eae7fc28,0x00000000eae80000)
  to   space 1536K, 0% used [0x00000000eaf00000,0x00000000eaf00000,0x00000000eb080000)
 ParOldGen       total 152064K, used 135575K [0x00000000c0000000, 0x00000000c9480000, 0x00000000eab00000)
  object space 152064K, 89% used [0x00000000c0000000,0x00000000c8465f20,0x00000000c9480000)
 Metaspace       used 80309K, committed 81792K, reserved 1179648K
  class space    used 8283K, committed 8896K, reserved 1048576K
}
Event: 86.102 GC heap before
{Heap before GC invocations=295 (full 8):
 PSYoungGen      total 3584K, used 3583K [0x00000000eab00000, 0x00000000eb080000, 0x0000000100000000)
  eden space 2560K, 100% used [0x00000000eab00000,0x00000000ead80000,0x00000000ead80000)
  from space 1024K, 99% used [0x00000000ead80000,0x00000000eae7fc28,0x00000000eae80000)
  to   space 1536K, 0% used [0x00000000eaf00000,0x00000000eaf00000,0x00000000eb080000)
 ParOldGen       total 152064K, used 135575K [0x00000000c0000000, 0x00000000c9480000, 0x00000000eab00000)
  object space 152064K, 89% used [0x00000000c0000000,0x00000000c8465f20,0x00000000c9480000)
 Metaspace       used 80310K, committed 81792K, reserved 1179648K
  class space    used 8283K, committed 8896K, reserved 1048576K
}
Event: 86.105 GC heap after
{Heap after GC invocations=295 (full 8):
 PSYoungGen      total 3584K, used 1508K [0x00000000eab00000, 0x00000000eb180000, 0x0000000100000000)
  eden space 2048K, 0% used [0x00000000eab00000,0x00000000eab00000,0x00000000ead00000)
  from space 1536K, 98% used [0x00000000eaf00000,0x00000000eb0793d8,0x00000000eb080000)
  to   space 2048K, 0% used [0x00000000ead00000,0x00000000ead00000,0x00000000eaf00000)
 ParOldGen       total 152064K, used 135902K [0x00000000c0000000, 0x00000000c9480000, 0x00000000eab00000)
  object space 152064K, 89% used [0x00000000c0000000,0x00000000c84b7a70,0x00000000c9480000)
 Metaspace       used 80310K, committed 81792K, reserved 1179648K
  class space    used 8283K, committed 8896K, reserved 1048576K
}
Event: 86.114 GC heap before
{Heap before GC invocations=296 (full 8):
 PSYoungGen      total 3584K, used 3556K [0x00000000eab00000, 0x00000000eb180000, 0x0000000100000000)
  eden space 2048K, 100% used [0x00000000eab00000,0x00000000ead00000,0x00000000ead00000)
  from space 1536K, 98% used [0x00000000eaf00000,0x00000000eb0793d8,0x00000000eb080000)
  to   space 2048K, 0% used [0x00000000ead00000,0x00000000ead00000,0x00000000eaf00000)
 ParOldGen       total 152064K, used 135902K [0x00000000c0000000, 0x00000000c9480000, 0x00000000eab00000)
  object space 152064K, 89% used [0x00000000c0000000,0x00000000c84b7a70,0x00000000c9480000)
 Metaspace       used 80316K, committed 81792K, reserved 1179648K
  class space    used 8283K, committed 8896K, reserved 1048576K
}
Event: 86.118 GC heap after
{Heap after GC invocations=296 (full 8):
 PSYoungGen      total 4096K, used 1705K [0x00000000eab00000, 0x00000000eb180000, 0x0000000100000000)
  eden space 2048K, 0% used [0x00000000eab00000,0x00000000eab00000,0x00000000ead00000)
  from space 2048K, 83% used [0x00000000ead00000,0x00000000eaeaa5e8,0x00000000eaf00000)
  to   space 2048K, 0% used [0x00000000eaf80000,0x00000000eaf80000,0x00000000eb180000)
 ParOldGen       total 152064K, used 136054K [0x00000000c0000000, 0x00000000c9480000, 0x00000000eab00000)
  object space 152064K, 89% used [0x00000000c0000000,0x00000000c84dda70,0x00000000c9480000)
 Metaspace       used 80316K, committed 81792K, reserved 1179648K
  class space    used 8283K, committed 8896K, reserved 1048576K
}
Event: 86.130 GC heap before
{Heap before GC invocations=297 (full 8):
 PSYoungGen      total 4096K, used 3753K [0x00000000eab00000, 0x00000000eb180000, 0x0000000100000000)
  eden space 2048K, 100% used [0x00000000eab00000,0x00000000ead00000,0x00000000ead00000)
  from space 2048K, 83% used [0x00000000ead00000,0x00000000eaeaa5e8,0x00000000eaf00000)
  to   space 2048K, 0% used [0x00000000eaf80000,0x00000000eaf80000,0x00000000eb180000)
 ParOldGen       total 152064K, used 136054K [0x00000000c0000000, 0x00000000c9480000, 0x00000000eab00000)
  object space 152064K, 89% used [0x00000000c0000000,0x00000000c84dda70,0x00000000c9480000)
 Metaspace       used 80316K, committed 81792K, reserved 1179648K
  class space    used 8283K, committed 8896K, reserved 1048576K
}
Event: 86.134 GC heap after
{Heap after GC invocations=297 (full 8):
 PSYoungGen      total 4608K, used 1683K [0x00000000eab00000, 0x00000000eb180000, 0x0000000100000000)
  eden space 2560K, 0% used [0x00000000eab00000,0x00000000eab00000,0x00000000ead80000)
  from space 2048K, 82% used [0x00000000eaf80000,0x00000000eb124c00,0x00000000eb180000)
  to   space 2048K, 0% used [0x00000000ead80000,0x00000000ead80000,0x00000000eaf80000)
 ParOldGen       total 152064K, used 136318K [0x00000000c0000000, 0x00000000c9480000, 0x00000000eab00000)
  object space 152064K, 89% used [0x00000000c0000000,0x00000000c851fa70,0x00000000c9480000)
 Metaspace       used 80316K, committed 81792K, reserved 1179648K
  class space    used 8283K, committed 8896K, reserved 1048576K
}
Event: 86.145 GC heap before
{Heap before GC invocations=298 (full 8):
 PSYoungGen      total 4608K, used 4242K [0x00000000eab00000, 0x00000000eb180000, 0x0000000100000000)
  eden space 2560K, 99% used [0x00000000eab00000,0x00000000ead7fff8,0x00000000ead80000)
  from space 2048K, 82% used [0x00000000eaf80000,0x00000000eb124c00,0x00000000eb180000)
  to   space 2048K, 0% used [0x00000000ead80000,0x00000000ead80000,0x00000000eaf80000)
 ParOldGen       total 152064K, used 136318K [0x00000000c0000000, 0x00000000c9480000, 0x00000000eab00000)
  object space 152064K, 89% used [0x00000000c0000000,0x00000000c851fa70,0x00000000c9480000)
 Metaspace       used 80316K, committed 81792K, reserved 1179648K
  class space    used 8283K, committed 8896K, reserved 1048576K
}
Event: 86.147 GC heap after
{Heap after GC invocations=298 (full 8):
 PSYoungGen      total 4608K, used 1524K [0x00000000eab00000, 0x00000000eb200000, 0x0000000100000000)
  eden space 2560K, 0% used [0x00000000eab00000,0x00000000eab00000,0x00000000ead80000)
  from space 2048K, 74% used [0x00000000ead80000,0x00000000eaefd2b0,0x00000000eaf80000)
  to   space 2048K, 0% used [0x00000000eb000000,0x00000000eb000000,0x00000000eb200000)
 ParOldGen       total 152064K, used 136813K [0x00000000c0000000, 0x00000000c9480000, 0x00000000eab00000)
  object space 152064K, 89% used [0x00000000c0000000,0x00000000c859b6b8,0x00000000c9480000)
 Metaspace       used 80316K, committed 81792K, reserved 1179648K
  class space    used 8283K, committed 8896K, reserved 1048576K
}
Event: 86.299 GC heap before
{Heap before GC invocations=299 (full 8):
 PSYoungGen      total 4608K, used 4084K [0x00000000eab00000, 0x00000000eb200000, 0x0000000100000000)
  eden space 2560K, 100% used [0x00000000eab00000,0x00000000ead80000,0x00000000ead80000)
  from space 2048K, 74% used [0x00000000ead80000,0x00000000eaefd2b0,0x00000000eaf80000)
  to   space 2048K, 0% used [0x00000000eb000000,0x00000000eb000000,0x00000000eb200000)
 ParOldGen       total 152064K, used 136813K [0x00000000c0000000, 0x00000000c9480000, 0x00000000eab00000)
  object space 152064K, 89% used [0x00000000c0000000,0x00000000c859b6b8,0x00000000c9480000)
 Metaspace       used 80322K, committed 81792K, reserved 1179648K
  class space    used 8283K, committed 8896K, reserved 1048576K
}
Event: 86.302 GC heap after
{Heap after GC invocations=299 (full 8):
 PSYoungGen      total 4608K, used 1044K [0x00000000eab00000, 0x00000000eb180000, 0x0000000100000000)
  eden space 3072K, 0% used [0x00000000eab00000,0x00000000eab00000,0x00000000eae00000)
  from space 1536K, 68% used [0x00000000eb000000,0x00000000eb105200,0x00000000eb180000)
  to   space 1536K, 0% used [0x00000000eae80000,0x00000000eae80000,0x00000000eb000000)
 ParOldGen       total 152064K, used 137715K [0x00000000c0000000, 0x00000000c9480000, 0x00000000eab00000)
  object space 152064K, 90% used [0x00000000c0000000,0x00000000c867cfc8,0x00000000c9480000)
 Metaspace       used 80322K, committed 81792K, reserved 1179648K
  class space    used 8283K, committed 8896K, reserved 1048576K
}
Event: 86.326 GC heap before
{Heap before GC invocations=300 (full 8):
 PSYoungGen      total 4608K, used 4116K [0x00000000eab00000, 0x00000000eb180000, 0x0000000100000000)
  eden space 3072K, 100% used [0x00000000eab00000,0x00000000eae00000,0x00000000eae00000)
  from space 1536K, 68% used [0x00000000eb000000,0x00000000eb105200,0x00000000eb180000)
  to   space 1536K, 0% used [0x00000000eae80000,0x00000000eae80000,0x00000000eb000000)
 ParOldGen       total 152064K, used 137715K [0x00000000c0000000, 0x00000000c9480000, 0x00000000eab00000)
  object space 152064K, 90% used [0x00000000c0000000,0x00000000c867cfc8,0x00000000c9480000)
 Metaspace       used 80335K, committed 81792K, reserved 1179648K
  class space    used 8283K, committed 8896K, reserved 1048576K
}
Event: 86.329 GC heap after
{Heap after GC invocations=300 (full 8):
 PSYoungGen      total 5120K, used 387K [0x00000000eab00000, 0x00000000eb100000, 0x0000000100000000)
  eden space 3584K, 0% used [0x00000000eab00000,0x00000000eab00000,0x00000000eae80000)
  from space 1536K, 25% used [0x00000000eae80000,0x00000000eaee0f10,0x00000000eb000000)
  to   space 1024K, 0% used [0x00000000eb000000,0x00000000eb000000,0x00000000eb100000)
 ParOldGen       total 152064K, used 138203K [0x00000000c0000000, 0x00000000c9480000, 0x00000000eab00000)
  object space 152064K, 90% used [0x00000000c0000000,0x00000000c86f6fc8,0x00000000c9480000)
 Metaspace       used 80335K, committed 81792K, reserved 1179648K
  class space    used 8283K, committed 8896K, reserved 1048576K
}
Event: 86.498 GC heap before
{Heap before GC invocations=301 (full 8):
 PSYoungGen      total 5120K, used 3971K [0x00000000eab00000, 0x00000000eb100000, 0x0000000100000000)
  eden space 3584K, 100% used [0x00000000eab00000,0x00000000eae80000,0x00000000eae80000)
  from space 1536K, 25% used [0x00000000eae80000,0x00000000eaee0f10,0x00000000eb000000)
  to   space 1024K, 0% used [0x00000000eb000000,0x00000000eb000000,0x00000000eb100000)
 ParOldGen       total 152064K, used 138203K [0x00000000c0000000, 0x00000000c9480000, 0x00000000eab00000)
  object space 152064K, 90% used [0x00000000c0000000,0x00000000c86f6fc8,0x00000000c9480000)
 Metaspace       used 80335K, committed 81792K, reserved 1179648K
  class space    used 8283K, committed 8896K, reserved 1048576K
}
Event: 86.499 GC heap after
{Heap after GC invocations=301 (full 8):
 PSYoungGen      total 4096K, used 384K [0x00000000eab00000, 0x00000000eb080000, 0x0000000100000000)
  eden space 3584K, 0% used [0x00000000eab00000,0x00000000eab00000,0x00000000eae80000)
  from space 512K, 75% used [0x00000000eb000000,0x00000000eb060000,0x00000000eb080000)
  to   space 512K, 0% used [0x00000000eaf80000,0x00000000eaf80000,0x00000000eb000000)
 ParOldGen       total 152064K, used 138494K [0x00000000c0000000, 0x00000000c9480000, 0x00000000eab00000)
  object space 152064K, 91% used [0x00000000c0000000,0x00000000c873fbd0,0x00000000c9480000)
 Metaspace       used 80335K, committed 81792K, reserved 1179648K
  class space    used 8283K, committed 8896K, reserved 1048576K
}
Event: 86.636 GC heap before
{Heap before GC invocations=302 (full 8):
 PSYoungGen      total 4096K, used 3968K [0x00000000eab00000, 0x00000000eb080000, 0x0000000100000000)
  eden space 3584K, 100% used [0x00000000eab00000,0x00000000eae80000,0x00000000eae80000)
  from space 512K, 75% used [0x00000000eb000000,0x00000000eb060000,0x00000000eb080000)
  to   space 512K, 0% used [0x00000000eaf80000,0x00000000eaf80000,0x00000000eb000000)
 ParOldGen       total 152064K, used 138494K [0x00000000c0000000, 0x00000000c9480000, 0x00000000eab00000)
  object space 152064K, 91% used [0x00000000c0000000,0x00000000c873fbd0,0x00000000c9480000)
 Metaspace       used 80335K, committed 81792K, reserved 1179648K
  class space    used 8283K, committed 8896K, reserved 1048576K
}
Event: 86.637 GC heap after
{Heap after GC invocations=302 (full 8):
 PSYoungGen      total 4096K, used 502K [0x00000000eab00000, 0x00000000eb180000, 0x0000000100000000)
  eden space 3584K, 0% used [0x00000000eab00000,0x00000000eab00000,0x00000000eae80000)
  from space 512K, 98% used [0x00000000eaf80000,0x00000000eaffd808,0x00000000eb000000)
  to   space 1536K, 0% used [0x00000000eb000000,0x00000000eb000000,0x00000000eb180000)
 ParOldGen       total 152064K, used 138950K [0x00000000c0000000, 0x00000000c9480000, 0x00000000eab00000)
  object space 152064K, 91% used [0x00000000c0000000,0x00000000c87b1bd0,0x00000000c9480000)
 Metaspace       used 80335K, committed 81792K, reserved 1179648K
  class space    used 8283K, committed 8896K, reserved 1048576K
}
Event: 86.670 GC heap before
{Heap before GC invocations=303 (full 8):
 PSYoungGen      total 4096K, used 4086K [0x00000000eab00000, 0x00000000eb180000, 0x0000000100000000)
  eden space 3584K, 100% used [0x00000000eab00000,0x00000000eae80000,0x00000000eae80000)
  from space 512K, 98% used [0x00000000eaf80000,0x00000000eaffd808,0x00000000eb000000)
  to   space 1536K, 0% used [0x00000000eb000000,0x00000000eb000000,0x00000000eb180000)
 ParOldGen       total 152064K, used 138950K [0x00000000c0000000, 0x00000000c9480000, 0x00000000eab00000)
  object space 152064K, 91% used [0x00000000c0000000,0x00000000c87b1bd0,0x00000000c9480000)
 Metaspace       used 80335K, committed 81792K, reserved 1179648K
  class space    used 8283K, committed 8896K, reserved 1048576K
}
Event: 86.672 GC heap after
{Heap after GC invocations=303 (full 8):
 PSYoungGen      total 4608K, used 576K [0x00000000eab00000, 0x00000000eb100000, 0x0000000100000000)
  eden space 3584K, 0% used [0x00000000eab00000,0x00000000eab00000,0x00000000eae80000)
  from space 1024K, 56% used [0x00000000eb000000,0x00000000eb090000,0x00000000eb100000)
  to   space 1024K, 0% used [0x00000000eaf00000,0x00000000eaf00000,0x00000000eb000000)
 ParOldGen       total 152064K, used 139420K [0x00000000c0000000, 0x00000000c9480000, 0x00000000eab00000)
  object space 152064K, 91% used [0x00000000c0000000,0x00000000c88273d8,0x00000000c9480000)
 Metaspace       used 80335K, committed 81792K, reserved 1179648K
  class space    used 8283K, committed 8896K, reserved 1048576K
}

Dll operation events (10 events):
Event: 0.126 Loaded shared library c:\Users\Hasinjo\.vscode\extensions\redhat.java-1.26.0-win32-x64\jre\17.0.9-win32-x86_64\bin\java.dll
Event: 1.142 Loaded shared library c:\Users\Hasinjo\.vscode\extensions\redhat.java-1.26.0-win32-x64\jre\17.0.9-win32-x86_64\bin\zip.dll
Event: 1.164 Loaded shared library C:\Users\Hasinjo\.vscode\extensions\redhat.java-1.26.0-win32-x64\jre\17.0.9-win32-x86_64\bin\instrument.dll
Event: 1.342 Loaded shared library C:\Users\Hasinjo\.vscode\extensions\redhat.java-1.26.0-win32-x64\jre\17.0.9-win32-x86_64\bin\net.dll
Event: 1.375 Loaded shared library C:\Users\Hasinjo\.vscode\extensions\redhat.java-1.26.0-win32-x64\jre\17.0.9-win32-x86_64\bin\nio.dll
Event: 1.402 Loaded shared library C:\Users\Hasinjo\.vscode\extensions\redhat.java-1.26.0-win32-x64\jre\17.0.9-win32-x86_64\bin\zip.dll
Event: 1.536 Loaded shared library C:\Users\Hasinjo\.vscode\extensions\redhat.java-1.26.0-win32-x64\jre\17.0.9-win32-x86_64\bin\jimage.dll
Event: 1.910 Loaded shared library c:\Users\Hasinjo\.vscode\extensions\redhat.java-1.26.0-win32-x64\jre\17.0.9-win32-x86_64\bin\verify.dll
Event: 6.551 Loaded shared library C:\Users\Hasinjo\AppData\Roaming\Code\User\globalStorage\redhat.java\1.26.0\config_win\org.eclipse.equinox.launcher\org.eclipse.equinox.launcher.win32.win32.x86_64_1.2.800.v20231003-1442\eclipse_11802.dll
Event: 21.456 Loaded shared library C:\Users\Hasinjo\AppData\Local\Temp\jna--1932741980\jna1470316664097808970.dll

Deoptimization events (20 events):
Event: 85.692 Thread 0x0000013b7e752530 DEOPT PACKING pc=0x0000013b081c6548 sp=0x000000389d1fe2f0
Event: 85.692 Thread 0x0000013b7e752530 DEOPT UNPACKING pc=0x0000013b075866a3 sp=0x000000389d1fe298 mode 2
Event: 85.692 Thread 0x0000013b7e752530 Uncommon trap: trap_request=0xffffffd6 fr.pc=0x0000013b081c6548 relative=0x00000000000085e8
Event: 85.692 Thread 0x0000013b7e752530 Uncommon trap: reason=array_check action=maybe_recompile pc=0x0000013b081c6548 method=org.eclipse.jdt.internal.compiler.classfmt.ModuleInfo.readModuleAttribute(I)V @ 1029 c2
Event: 85.692 Thread 0x0000013b7e752530 DEOPT PACKING pc=0x0000013b081c6548 sp=0x000000389d1fe270
Event: 85.692 Thread 0x0000013b7e752530 DEOPT UNPACKING pc=0x0000013b075866a3 sp=0x000000389d1fe218 mode 2
Event: 85.692 Thread 0x0000013b7e752530 Uncommon trap: trap_request=0xffffffd6 fr.pc=0x0000013b081c6548 relative=0x00000000000085e8
Event: 85.692 Thread 0x0000013b7e752530 Uncommon trap: reason=array_check action=maybe_recompile pc=0x0000013b081c6548 method=org.eclipse.jdt.internal.compiler.classfmt.ModuleInfo.readModuleAttribute(I)V @ 1029 c2
Event: 85.692 Thread 0x0000013b7e752530 DEOPT PACKING pc=0x0000013b081c6548 sp=0x000000389d1fe270
Event: 85.692 Thread 0x0000013b7e752530 DEOPT UNPACKING pc=0x0000013b075866a3 sp=0x000000389d1fe218 mode 2
Event: 85.693 Thread 0x0000013b7e752530 Uncommon trap: trap_request=0xffffffd6 fr.pc=0x0000013b081c6548 relative=0x00000000000085e8
Event: 85.693 Thread 0x0000013b7e752530 Uncommon trap: reason=array_check action=maybe_recompile pc=0x0000013b081c6548 method=org.eclipse.jdt.internal.compiler.classfmt.ModuleInfo.readModuleAttribute(I)V @ 1029 c2
Event: 85.693 Thread 0x0000013b7e752530 DEOPT PACKING pc=0x0000013b081c6548 sp=0x000000389d1fe2f0
Event: 85.693 Thread 0x0000013b7e752530 DEOPT UNPACKING pc=0x0000013b075866a3 sp=0x000000389d1fe298 mode 2
Event: 86.112 Thread 0x0000013b7e752530 DEOPT PACKING pc=0x0000013b0006a9c5 sp=0x000000389d1fd9b0
Event: 86.113 Thread 0x0000013b7e752530 DEOPT UNPACKING pc=0x0000013b07586e43 sp=0x000000389d1fcdd8 mode 0
Event: 86.140 Thread 0x0000013b7e752530 Uncommon trap: trap_request=0xffffff76 fr.pc=0x0000013b08131dfc relative=0x000000000000017c
Event: 86.140 Thread 0x0000013b7e752530 Uncommon trap: reason=predicate action=maybe_recompile pc=0x0000013b08131dfc method=java.util.Arrays.fill([Ljava/lang/Object;Ljava/lang/Object;)V @ 7 c2
Event: 86.140 Thread 0x0000013b7e752530 DEOPT PACKING pc=0x0000013b08131dfc sp=0x000000389d1feee0
Event: 86.140 Thread 0x0000013b7e752530 DEOPT UNPACKING pc=0x0000013b075866a3 sp=0x000000389d1fee68 mode 2

Classes unloaded (8 events):
Event: 16.945 Thread 0x0000013b73d85290 Unloading class 0x0000000100252400 'java/lang/invoke/LambdaForm$MH+0x0000000100252400'
Event: 16.945 Thread 0x0000013b73d85290 Unloading class 0x0000000100252000 'java/lang/invoke/LambdaForm$MH+0x0000000100252000'
Event: 16.945 Thread 0x0000013b73d85290 Unloading class 0x0000000100251c00 'java/lang/invoke/LambdaForm$MH+0x0000000100251c00'
Event: 16.945 Thread 0x0000013b73d85290 Unloading class 0x0000000100251800 'java/lang/invoke/LambdaForm$MH+0x0000000100251800'
Event: 16.945 Thread 0x0000013b73d85290 Unloading class 0x0000000100251400 'java/lang/invoke/LambdaForm$BMH+0x0000000100251400'
Event: 16.945 Thread 0x0000013b73d85290 Unloading class 0x0000000100251000 'java/lang/invoke/LambdaForm$DMH+0x0000000100251000'
Event: 16.945 Thread 0x0000013b73d85290 Unloading class 0x000000010024c400 'java/lang/invoke/LambdaForm$DMH+0x000000010024c400'
Event: 37.066 Thread 0x0000013b73d85290 Unloading class 0x0000000100758400 'java/lang/invoke/LambdaForm$DMH+0x0000000100758400'

Classes redefined (0 events):
No events

Internal exceptions (20 events):
Event: 75.172 Thread 0x0000013b7e7501c0 Exception <a 'sun/nio/fs/WindowsException'{0x00000000eab68f18}> (0x00000000eab68f18) 
thrown [s\src\hotspot\share\prims\jni.cpp, line 516]
Event: 75.252 Thread 0x0000013b7e74f7a0 Implicit null exception at 0x0000013b08034871 to 0x0000013b0803548c
Event: 75.253 Thread 0x0000013b7e74f7a0 Implicit null exception at 0x0000013b080889f5 to 0x0000013b080895fc
Event: 75.711 Thread 0x0000013b7e7501c0 Exception <a 'sun/nio/fs/WindowsException'{0x00000000eab7e590}> (0x00000000eab7e590) 
thrown [s\src\hotspot\share\prims\jni.cpp, line 516]
Event: 76.240 Thread 0x0000013b7e7501c0 Exception <a 'sun/nio/fs/WindowsException'{0x00000000eacc1548}> (0x00000000eacc1548) 
thrown [s\src\hotspot\share\prims\jni.cpp, line 516]
Event: 77.204 Thread 0x0000013b7e7501c0 Exception <a 'sun/nio/fs/WindowsException'{0x00000000ead42818}> (0x00000000ead42818) 
thrown [s\src\hotspot\share\prims\jni.cpp, line 516]
Event: 77.963 Thread 0x0000013b7e7501c0 Exception <a 'sun/nio/fs/WindowsException'{0x00000000ead14e68}> (0x00000000ead14e68) 
thrown [s\src\hotspot\share\prims\jni.cpp, line 516]
Event: 78.064 Thread 0x0000013b7e7501c0 Exception <a 'sun/nio/fs/WindowsException'{0x00000000eac99bc8}> (0x00000000eac99bc8) 
thrown [s\src\hotspot\share\prims\jni.cpp, line 516]
Event: 82.079 Thread 0x0000013b7e7501c0 Exception <a 'sun/nio/fs/WindowsException'{0x00000000eab7d650}> (0x00000000eab7d650) 
thrown [s\src\hotspot\share\prims\jni.cpp, line 516]
Event: 82.293 Thread 0x0000013b7e7501c0 Exception <a 'sun/nio/fs/WindowsException'{0x00000000eab14908}> (0x00000000eab14908) 
thrown [s\src\hotspot\share\prims\jni.cpp, line 516]
Event: 82.882 Thread 0x0000013b7e7501c0 Exception <a 'sun/nio/fs/WindowsException'{0x00000000eabf8cb8}> (0x00000000eabf8cb8) 
thrown [s\src\hotspot\share\prims\jni.cpp, line 516]
Event: 84.289 Thread 0x0000013b7e7501c0 Exception <a 'sun/nio/fs/WindowsException'{0x00000000eab28b30}> (0x00000000eab28b30) 
thrown [s\src\hotspot\share\prims\jni.cpp, line 516]
Event: 85.855 Thread 0x0000013b7e7501c0 Exception <a 'sun/nio/fs/WindowsException'{0x00000000eab013c0}> (0x00000000eab013c0) 
thrown [s\src\hotspot\share\prims\jni.cpp, line 516]
Event: 86.003 Thread 0x0000013b7e74f7a0 Exception <a 'sun/nio/fs/WindowsException'{0x00000000eac99ad8}> (0x00000000eac99ad8) 
thrown [s\src\hotspot\share\prims\jni.cpp, line 516]
Event: 86.193 Thread 0x0000013b7e74f7a0 Exception <a 'sun/nio/fs/WindowsException'{0x00000000eab675a8}> (0x00000000eab675a8) 
thrown [s\src\hotspot\share\prims\jni.cpp, line 516]
Event: 86.626 Thread 0x0000013b7e74f7a0 Exception <a 'sun/nio/fs/WindowsException'{0x00000000eae48ac8}> (0x00000000eae48ac8) 
thrown [s\src\hotspot\share\prims\jni.cpp, line 516]
Event: 86.805 Thread 0x0000013b7e74f7a0 Exception <a 'sun/nio/fs/WindowsException'{0x00000000eac06330}> (0x00000000eac06330) 
thrown [s\src\hotspot\share\prims\jni.cpp, line 516]
Event: 86.806 Thread 0x0000013b7e74f7a0 Exception <a 'sun/nio/fs/WindowsException'{0x00000000eac070c0}> (0x00000000eac070c0) 
thrown [s\src\hotspot\share\prims\jni.cpp, line 516]
Event: 86.809 Thread 0x0000013b7e74f7a0 Exception <a 'sun/nio/fs/WindowsException'{0x00000000eac085e0}> (0x00000000eac085e0) 
thrown [s\src\hotspot\share\prims\jni.cpp, line 516]
Event: 86.813 Thread 0x0000013b7e74f7a0 Exception <a 'sun/nio/fs/WindowsException'{0x00000000eac09ae8}> (0x00000000eac09ae8) 
thrown [s\src\hotspot\share\prims\jni.cpp, line 516]

VM Operations (20 events):
Event: 85.846 Executing VM operation: ParallelGCFailedAllocation
Event: 85.853 Executing VM operation: ParallelGCFailedAllocation done
Event: 86.100 Executing VM operation: ParallelGCFailedAllocation
Event: 86.105 Executing VM operation: ParallelGCFailedAllocation done
Event: 86.114 Executing VM operation: ParallelGCFailedAllocation
Event: 86.118 Executing VM operation: ParallelGCFailedAllocation done
Event: 86.130 Executing VM operation: ParallelGCFailedAllocation
Event: 86.134 Executing VM operation: ParallelGCFailedAllocation done
Event: 86.145 Executing VM operation: ParallelGCFailedAllocation
Event: 86.147 Executing VM operation: ParallelGCFailedAllocation done
Event: 86.299 Executing VM operation: ParallelGCFailedAllocation
Event: 86.303 Executing VM operation: ParallelGCFailedAllocation done
Event: 86.326 Executing VM operation: ParallelGCFailedAllocation
Event: 86.329 Executing VM operation: ParallelGCFailedAllocation done
Event: 86.498 Executing VM operation: ParallelGCFailedAllocation
Event: 86.499 Executing VM operation: ParallelGCFailedAllocation done
Event: 86.636 Executing VM operation: ParallelGCFailedAllocation
Event: 86.637 Executing VM operation: ParallelGCFailedAllocation done
Event: 86.670 Executing VM operation: ParallelGCFailedAllocation
Event: 86.672 Executing VM operation: ParallelGCFailedAllocation done

Events (20 events):
Event: 76.880 Thread 0x0000013b7dd5ac90 flushing nmethod 0x0000013b01578210
Event: 76.880 Thread 0x0000013b7dd5ac90 flushing nmethod 0x0000013b01595010
Event: 76.880 Thread 0x0000013b7dd5ac90 flushing nmethod 0x0000013b015cce90
Event: 76.881 Thread 0x0000013b7dd5ac90 flushing nmethod 0x0000013b01619510
Event: 76.881 Thread 0x0000013b7dd5ac90 flushing nmethod 0x0000013b01653690
Event: 76.881 Thread 0x0000013b7dd5ac90 flushing nmethod 0x0000013b0165e910
Event: 76.881 Thread 0x0000013b7dd5ac90 flushing nmethod 0x0000013b016a4690
Event: 76.881 Thread 0x0000013b7dd5ac90 flushing nmethod 0x0000013b016bc510
Event: 76.881 Thread 0x0000013b7dd5ac90 flushing nmethod 0x0000013b016ca790
Event: 76.882 Thread 0x0000013b7dd5ac90 flushing nmethod 0x0000013b016ce590
Event: 76.882 Thread 0x0000013b7dd5ac90 flushing nmethod 0x0000013b016d3990
Event: 76.882 Thread 0x0000013b7dd5ac90 flushing nmethod 0x0000013b0170fb90
Event: 76.883 Thread 0x0000013b7dd5ac90 flushing nmethod 0x0000013b017adf10
Event: 76.883 Thread 0x0000013b7dd5ac90 flushing nmethod 0x0000013b017c5210
Event: 76.883 Thread 0x0000013b7dd5ac90 flushing nmethod 0x0000013b0185c090
Event: 76.883 Thread 0x0000013b7dd5ac90 flushing nmethod 0x0000013b01869090
Event: 76.884 Thread 0x0000013b7dd5ac90 flushing nmethod 0x0000013b018a6790
Event: 76.884 Thread 0x0000013b7dd5ac90 flushing nmethod 0x0000013b01940190
Event: 85.827 Thread 0x0000013b7dd5ac90 flushing nmethod 0x0000013b07d55290
Event: 85.867 Thread 0x0000013b7dd5ac90 flushing nmethod 0x0000013b01844490


Dynamic libraries:
0x00007ff768d60000 - 0x00007ff768d6e000 	c:\Users\Hasinjo\.vscode\extensions\redhat.java-1.26.0-win32-x64\jre\17.0.9-win32-x86_64\bin\java.exe
0x00007ffaa1f40000 - 0x00007ffaa2149000 	C:\Windows\SYSTEM32\ntdll.dll
0x00007ffaa07a0000 - 0x00007ffaa085d000 	C:\Windows\System32\KERNEL32.DLL
0x00007ffa9f470000 - 0x00007ffa9f7f4000 	C:\Windows\System32\KERNELBASE.dll
0x00007ffa9fa90000 - 0x00007ffa9fba1000 	C:\Windows\System32\ucrtbase.dll
0x00007ffa8f920000 - 0x00007ffa8f937000 	c:\Users\Hasinjo\.vscode\extensions\redhat.java-1.26.0-win32-x64\jre\17.0.9-win32-x86_64\bin\jli.dll
0x00007ffaa1be0000 - 0x00007ffaa1d8d000 	C:\Windows\System32\USER32.dll
0x00007ffa9f800000 - 0x00007ffa9f826000 	C:\Windows\System32\win32u.dll
0x00007ffaa1ec0000 - 0x00007ffaa1eea000 	C:\Windows\System32\GDI32.dll
0x00007ffa9f830000 - 0x00007ffa9f94e000 	C:\Windows\System32\gdi32full.dll
0x00007ffa9f3d0000 - 0x00007ffa9f46d000 	C:\Windows\System32\msvcp_win.dll
0x00007ffa8f8e0000 - 0x00007ffa8f8fb000 	c:\Users\Hasinjo\.vscode\extensions\redhat.java-1.26.0-win32-x64\jre\17.0.9-win32-x86_64\bin\VCRUNTIME140.dll
0x00007ffa9e530000 - 0x00007ffa9e7d5000 	C:\Windows\WinSxS\amd64_microsoft.windows.common-controls_6595b64144ccf1df_6.0.22000.120_none_9d947278b86cc467\COMCTL32.dll
0x00007ffaa03f0000 - 0x00007ffaa0493000 	C:\Windows\System32\msvcrt.dll
0x00007ffaa1a90000 - 0x00007ffaa1ac1000 	C:\Windows\System32\IMM32.DLL
0x0000000066c60000 - 0x0000000066c6c000 	C:\Program Files (x86)\360\Total Security\safemon\SafeWrapper.dll
0x00007ffaa1e10000 - 0x00007ffaa1ebe000 	C:\Windows\System32\ADVAPI32.dll
0x00007ffaa1ad0000 - 0x00007ffaa1b6e000 	C:\Windows\System32\sechost.dll
0x00007ffaa1960000 - 0x00007ffaa1a81000 	C:\Windows\System32\RPCRT4.dll
0x00007ffa4bd10000 - 0x00007ffa4bda2000 	C:\Program Files (x86)\360\Total Security\safemon\libzdtp64.dll
0x00007ffaa0e50000 - 0x00007ffaa1615000 	C:\Windows\System32\SHELL32.dll
0x00007ffaa1720000 - 0x00007ffaa177d000 	C:\Windows\System32\SHLWAPI.dll
0x00007ffa9ef40000 - 0x00007ffa9ef4a000 	C:\Windows\SYSTEM32\VERSION.dll
0x00007ffa9da50000 - 0x00007ffa9da5c000 	c:\Users\Hasinjo\.vscode\extensions\redhat.java-1.26.0-win32-x64\jre\17.0.9-win32-x86_64\bin\vcruntime140_1.dll
0x00007ffa6b810000 - 0x00007ffa6b89d000 	c:\Users\Hasinjo\.vscode\extensions\redhat.java-1.26.0-win32-x64\jre\17.0.9-win32-x86_64\bin\msvcp140.dll
0x00007ffa2f520000 - 0x00007ffa30181000 	c:\Users\Hasinjo\.vscode\extensions\redhat.java-1.26.0-win32-x64\jre\17.0.9-win32-x86_64\bin\server\jvm.dll
0x00007ffa9f2a0000 - 0x00007ffa9f2ed000 	C:\Windows\SYSTEM32\POWRPROF.dll
0x00007ffa884b0000 - 0x00007ffa884b9000 	C:\Windows\SYSTEM32\WSOCK32.dll
0x00007ffaa0dc0000 - 0x00007ffaa0e2f000 	C:\Windows\System32\WS2_32.dll
0x00007ffa8e5f0000 - 0x00007ffa8e623000 	C:\Windows\SYSTEM32\WINMM.dll
0x00007ffa9f280000 - 0x00007ffa9f293000 	C:\Windows\SYSTEM32\UMPDC.dll
0x00007ffa9d510000 - 0x00007ffa9d528000 	C:\Windows\SYSTEM32\kernel.appcore.dll
0x00007ffa8fbe0000 - 0x00007ffa8fbea000 	c:\Users\Hasinjo\.vscode\extensions\redhat.java-1.26.0-win32-x64\jre\17.0.9-win32-x86_64\bin\jimage.dll
0x00007ffa9ec00000 - 0x00007ffa9ee21000 	C:\Windows\SYSTEM32\DBGHELP.DLL
0x00007ffa9e900000 - 0x00007ffa9e931000 	C:\Windows\SYSTEM32\dbgcore.DLL
0x00007ffa9fa10000 - 0x00007ffa9fa8f000 	C:\Windows\System32\bcryptPrimitives.dll
0x00007ffa8dcb0000 - 0x00007ffa8dcbe000 	c:\Users\Hasinjo\.vscode\extensions\redhat.java-1.26.0-win32-x64\jre\17.0.9-win32-x86_64\bin\instrument.dll
0x00007ffa8dc70000 - 0x00007ffa8dc95000 	c:\Users\Hasinjo\.vscode\extensions\redhat.java-1.26.0-win32-x64\jre\17.0.9-win32-x86_64\bin\java.dll
0x00007ffa8dc50000 - 0x00007ffa8dc68000 	c:\Users\Hasinjo\.vscode\extensions\redhat.java-1.26.0-win32-x64\jre\17.0.9-win32-x86_64\bin\zip.dll
0x00007ffa9c570000 - 0x00007ffa9cdd2000 	C:\Windows\SYSTEM32\windows.storage.dll
0x00007ffaa08a0000 - 0x00007ffaa0c16000 	C:\Windows\System32\combase.dll
0x00007ffa9c400000 - 0x00007ffa9c567000 	C:\Windows\SYSTEM32\wintypes.dll
0x00007ffaa0210000 - 0x00007ffaa02fa000 	C:\Windows\System32\SHCORE.dll
0x00007ffa9f300000 - 0x00007ffa9f325000 	C:\Windows\SYSTEM32\profapi.dll
0x00007ffa8dc30000 - 0x00007ffa8dc49000 	C:\Users\Hasinjo\.vscode\extensions\redhat.java-1.26.0-win32-x64\jre\17.0.9-win32-x86_64\bin\net.dll
0x00007ffa97900000 - 0x00007ffa97a14000 	C:\Windows\SYSTEM32\WINHTTP.dll
0x00007ffa9e170000 - 0x00007ffa9e1d7000 	C:\Windows\system32\mswsock.dll
0x00007ffa8aaf0000 - 0x00007ffa8ab06000 	C:\Users\Hasinjo\.vscode\extensions\redhat.java-1.26.0-win32-x64\jre\17.0.9-win32-x86_64\bin\nio.dll
0x00007ffa8dc20000 - 0x00007ffa8dc30000 	c:\Users\Hasinjo\.vscode\extensions\redhat.java-1.26.0-win32-x64\jre\17.0.9-win32-x86_64\bin\verify.dll
0x00007ffa8d060000 - 0x00007ffa8d09e000 	C:\Users\Hasinjo\AppData\Roaming\Code\User\globalStorage\redhat.java\1.26.0\config_win\org.eclipse.equinox.launcher\org.eclipse.equinox.launcher.win32.win32.x86_64_1.2.800.v20231003-1442\eclipse_11802.dll
0x00007ffaa0c20000 - 0x00007ffaa0dba000 	C:\Windows\System32\ole32.dll
0x00007ffa9ef10000 - 0x00007ffa9ef28000 	C:\Windows\SYSTEM32\CRYPTSP.dll
0x00007ffa9d470000 - 0x00007ffa9d4a5000 	C:\Windows\system32\rsaenh.dll
0x00007ffa9e440000 - 0x00007ffa9e46c000 	C:\Windows\SYSTEM32\USERENV.dll
0x00007ffa9ea00000 - 0x00007ffa9ea27000 	C:\Windows\SYSTEM32\bcrypt.dll
0x00007ffa9e470000 - 0x00007ffa9e47c000 	C:\Windows\SYSTEM32\CRYPTBASE.dll
0x00007ffa9d030000 - 0x00007ffa9d05d000 	C:\Windows\SYSTEM32\IPHLPAPI.DLL
0x00007ffaa0e30000 - 0x00007ffaa0e39000 	C:\Windows\System32\NSI.dll
0x00007ffa98250000 - 0x00007ffa98269000 	C:\Windows\SYSTEM32\dhcpcsvc6.DLL
0x00007ffa98630000 - 0x00007ffa9864e000 	C:\Windows\SYSTEM32\dhcpcsvc.DLL
0x00007ffa9d060000 - 0x00007ffa9d147000 	C:\Windows\SYSTEM32\DNSAPI.dll
0x00007ffa60660000 - 0x00007ffa606a5000 	C:\Users\Hasinjo\AppData\Local\Temp\jna--1932741980\jna1470316664097808970.dll
0x00007ffaa1950000 - 0x00007ffaa1958000 	C:\Windows\System32\PSAPI.DLL
0x00007ffa9ebc0000 - 0x00007ffa9ebf4000 	C:\Windows\SYSTEM32\ntmarta.dll

dbghelp: loaded successfully - version: 4.0.5 - missing functions: none
symbol engine: initialized successfully - sym options: 0x614 - pdb path: .;c:\Users\Hasinjo\.vscode\extensions\redhat.java-1.26.0-win32-x64\jre\17.0.9-win32-x86_64\bin;C:\Windows\SYSTEM32;C:\Windows\WinSxS\amd64_microsoft.windows.common-controls_6595b64144ccf1df_6.0.22000.120_none_9d947278b86cc467;C:\Program Files (x86)\360\Total Security\safemon;c:\Users\Hasinjo\.vscode\extensions\redhat.java-1.26.0-win32-x64\jre\17.0.9-win32-x86_64\bin\server;C:\Users\Hasinjo\AppData\Roaming\Code\User\globalStorage\redhat.java\1.26.0\config_win\org.eclipse.equinox.launcher\org.eclipse.equinox.launcher.win32.win32.x86_64_1.2.800.v20231003-1442;C:\Users\Hasinjo\AppData\Local\Temp\jna--1932741980

VM Arguments:
jvm_args: --add-modules=ALL-SYSTEM --add-opens=java.base/java.util=ALL-UNNAMED --add-opens=java.base/java.lang=ALL-UNNAMED --add-opens=java.base/sun.nio.fs=ALL-UNNAMED -Declipse.application=org.eclipse.jdt.ls.core.id1 -Dosgi.bundles.defaultStartLevel=4 -Declipse.product=org.eclipse.jdt.ls.core.product -Djava.import.generatesMetadataFilesAtProjectRoot=false -DDetectVMInstallationsJob.disabled=true -Dfile.encoding=utf8 -XX:+UseParallelGC -XX:GCTimeRatio=4 -XX:AdaptiveSizePolicyWeight=90 -Dsun.zip.disableMemoryMapping=true -Xmx1G -Xms100m -Xlog:disable -javaagent:c:\Users\Hasinjo\.vscode\extensions\redhat.java-1.26.0-win32-x64\lombok\lombok-1.18.31-3454.jar -XX:+HeapDumpOnOutOfMemoryError -XX:HeapDumpPath=c:\Users\Hasinjo\AppData\Roaming\Code\User\workspaceStorage\47e84844d8669df998fe121360fdeccc\redhat.java -Daether.dependencyCollector.impl=bf 
java_command: c:\Users\Hasinjo\.vscode\extensions\redhat.java-1.26.0-win32-x64\server\plugins\org.eclipse.equinox.launcher_1.6.700.v20231214-2017.jar -configuration c:\Users\Hasinjo\AppData\Roaming\Code\User\globalStorage\redhat.java\1.26.0\config_win -data c:\Users\Hasinjo\AppData\Roaming\Code\User\workspaceStorage\47e84844d8669df998fe121360fdeccc\redhat.java\jdt_ws --stdio
java_class_path (initial): c:\Users\Hasinjo\.vscode\extensions\redhat.java-1.26.0-win32-x64\server\plugins\org.eclipse.equinox.launcher_1.6.700.v20231214-2017.jar
Launcher Type: SUN_STANDARD

[Global flags]
    uintx AdaptiveSizePolicyWeight                 = 90                                        {product} {command line}
     intx CICompilerCount                          = 3                                         {product} {ergonomic}
    uintx GCTimeRatio                              = 4                                         {product} {command line}
     bool HeapDumpOnOutOfMemoryError               = true                                   {manageable} {command line}
    ccstr HeapDumpPath                             = c:\Users\Hasinjo\AppData\Roaming\Code\User\workspaceStorage\47e84844d8669df998fe121360fdeccc\redhat.java         {manageable} {command line}
   size_t InitialHeapSize                          = 104857600                                 {product} {command line}
   size_t MaxHeapSize                              = 1073741824                                {product} {command line}
   size_t MaxNewSize                               = 357564416                                 {product} {ergonomic}
   size_t MinHeapDeltaBytes                        = 524288                                    {product} {ergonomic}
   size_t MinHeapSize                              = 104857600                                 {product} {command line}
   size_t NewSize                                  = 34603008                                  {product} {ergonomic}
    uintx NonNMethodCodeHeapSize                   = 5832780                                {pd product} {ergonomic}
    uintx NonProfiledCodeHeapSize                  = 122912730                              {pd product} {ergonomic}
   size_t OldSize                                  = 70254592                                  {product} {ergonomic}
    uintx ProfiledCodeHeapSize                     = 122912730                              {pd product} {ergonomic}
    uintx ReservedCodeCacheSize                    = 251658240                              {pd product} {ergonomic}
     bool SegmentedCodeCache                       = true                                      {product} {ergonomic}
   size_t SoftMaxHeapSize                          = 1073741824                             {manageable} {ergonomic}
     bool UseCompressedClassPointers               = true                           {product lp64_product} {ergonomic}
     bool UseCompressedOops                        = true                           {product lp64_product} {ergonomic}
     bool UseLargePagesIndividualAllocation        = false                                  {pd product} {ergonomic}
     bool UseParallelGC                            = true                                      {product} {command line}

Logging:
Log output configuration:
 #0: stdout all=off uptime,level,tags
 #1: stderr all=off uptime,level,tags

Environment Variables:
JAVA_HOME=%C:\Program Files\Java\jdk1.8.0_91\bin
PATH=C:\Program Files\Common Files\Oracle\Java\javapath;C:\Windows\system32;C:\Windows;C:\Windows\System32\Wbem;C:\Windows\System32\WindowsPowerShell\v1.0\;C:\Windows\System32\OpenSSH\;C:\Program Files\Java\jdk1.8.0_91\bin;C:\Users\Hasinjo\Desktop\Projet_servlet\TestFramework\WEB-INF\lib\Framework.jar;D:\server\xamp\php;C:\ProgramData\ComposerSetup\bin;C:\Program Files\nodejs\;C:\Program Files\dotnet\;C:\Users\Hasinjo\Desktop\apache-maven-3.8.8\bin;D:\S5\Naina\Test\dist\Test.jar;C:\Program Files\PostgreSQL\15\bin;D:\t\Programs\opencv\build\java\opencv-3416.jar;C:\Users\Hasinjo\AppData\Local\Microsoft\WindowsApps;C:\Users\Hasinjo\AppData\Local\Programs\Microsoft VS Code\bin;C:\Users\Hasinjo\AppData\Local\GitHubDesktop\bin;C:\Users\Hasinjo\AppData\Roaming\Composer\vendor\bin;C:\Users\Hasinjo\AppData\Roaming\npm;C:\Users\Hasinjo\.dotnet\tools;C:\Users\Hasinjo\Desktop\apache-maven-3.8.8\bin;D:\S5\Naina\Test\dist\Test.jar;C:\Program Files\JetBrains\IntelliJ IDEA 2022.2\bin;;C:\Program Files\PostgreSQL\15\bin;D:\t\Programs\opencv\build\java\opencv-3416.jar;C:\Users\Hasinjo\AppData\Local\Programs\mongosh\;C:\Users\Hasinjo\Downloads\mongodb-atlas-cli_1.14.0_windows_x86_64\bin\;C:\ProgramData\Hasinjo\GitHubDesktop\bin
USERNAME=Hasinjo
OS=Windows_NT
PROCESSOR_IDENTIFIER=Intel64 Family 6 Model 78 Stepping 3, GenuineIntel
TMP=C:\Users\Hasinjo\AppData\Local\Temp
TEMP=C:\Users\Hasinjo\AppData\Local\Temp



Periodic native trim disabled


---------------  S Y S T E M  ---------------

OS:
 Windows 11 , 64 bit Build 22000 (10.0.22000.2538)
OS uptime: 0 days 4:31 hours
Hyper-V role detected

CPU: total 4 (initial active 4) (2 cores per cpu, 2 threads per core) family 6 model 78 stepping 3 microcode 0xd6, cx8, cmov, fxsr, ht, mmx, 3dnowpref, sse, sse2, sse3, ssse3, sse4.1, sse4.2, popcnt, lzcnt, tsc, tscinvbit, avx, avx2, aes, erms, clmul, bmi1, bmi2, adx, fma, vzeroupper, clflush, clflushopt, hv
Processor Information for all 4 processors :
  Max Mhz: 2000, Current Mhz: 2000, Mhz Limit: 2000

Memory: 4k page, system-wide physical 4017M (52M free)
TotalPageFile size 13500M (AvailPageFile size 5M)
current process WorkingSet (physical memory assigned to process): 356M, peak: 362M
current process commit charge ("private bytes"): 400M, peak: 410M

vm_info: OpenJDK 64-Bit Server VM (17.0.9+9) for windows-amd64 JRE (17.0.9+9), built on Oct 26 2023 14:01:42 by "admin" with MS VC++ 16.10 / 16.11 (VS2019)

END.
