#
# There is insufficient memory for the Java Runtime Environment to continue.
# Native memory allocation (malloc) failed to allocate 1645136 bytes for Chunk::new
# Possible reasons:
#   The system is out of physical RAM or swap space
#   The process is running with CompressedOops enabled, and the Java Heap may be blocking the growth of the native heap
# Possible solutions:
#   Reduce memory load on the system
#   Increase physical memory or swap space
#   Check if swap backing store is full
#   Decrease Java heap size (-Xmx/-Xms)
#   Decrease number of Java threads
#   Decrease Java thread stack sizes (-Xss)
#   Set larger code cache with -XX:ReservedCodeCacheSize=
#   JVM is running with Unscaled Compressed Oops mode in which the Java heap is
#     placed in the first 4GB address space. The Java Heap base address is the
#     maximum limit for the native heap growth. Please use -XX:HeapBaseMinAddress
#     to set the Java Heap base and to place the Java Heap above 4GB virtual address.
# This output file may be truncated or incomplete.
#
#  Out of Memory Error (arena.cpp:189), pid=5924, tid=29092
#
# JRE version: Java(TM) SE Runtime Environment (17.0.9+11) (build 17.0.9+11-LTS-201)
# Java VM: Java HotSpot(TM) 64-Bit Server VM (17.0.9+11-LTS-201, mixed mode, sharing, tiered, compressed oops, compressed class ptrs, g1 gc, windows-amd64)
# No core dump will be written. Minidumps are not enabled by default on client versions of Windows
#

---------------  S U M M A R Y ------------

Command Line: -XX:+ShowCodeDetailsInExceptionMessages -Dspring.jmx.enabled=true -Dmanagement.endpoints.jmx.exposure.include=* -Dspring.application.admin.enabled=true -Dspring.boot.project.name=demo -Djava.rmi.server.hostname=localhost com.spring.DemoApplication

Host: Intel(R) Core(TM) i3-6006U CPU @ 2.00GHz, 4 cores, 3G,  Windows 11 , 64 bit Build 22000 (10.0.22000.2538)
Time: Mon Jan 29 18:08:30 2024 Pacifique elapsed time: 30.649450 seconds (0d 0h 0m 30s)

---------------  T H R E A D  ---------------

Current thread (0x000001bce31249e0):  JavaThread "C2 CompilerThread0" daemon [_thread_in_native, id=29092, stack(0x0000005d33b00000,0x0000005d33c00000)]


Current CompileTask:
C2:  30649 6436   !   4       jdk.internal.loader.BuiltinClassLoader::loadClassOrNull (143 bytes)

Stack: [0x0000005d33b00000,0x0000005d33c00000]
Native frames: (J=compiled Java code, j=interpreted, Vv=VM code, C=native code)
V  [jvm.dll+0x678a4a]
V  [jvm.dll+0x7d9cfd]
V  [jvm.dll+0x7db60e]
V  [jvm.dll+0x7dbc73]
V  [jvm.dll+0x245e1f]
V  [jvm.dll+0xaaafb]
V  [jvm.dll+0xab09c]
V  [jvm.dll+0x36232f]
V  [jvm.dll+0x32ca01]
V  [jvm.dll+0x32be9a]
V  [jvm.dll+0x21812f]
V  [jvm.dll+0x217561]
V  [jvm.dll+0x1a3bc0]
V  [jvm.dll+0x2272de]
V  [jvm.dll+0x22548b]
V  [jvm.dll+0x78f58c]
V  [jvm.dll+0x78998a]
V  [jvm.dll+0x677875]
C  [ucrtbase.dll+0x26c0c]
C  [KERNEL32.DLL+0x153e0]
C  [ntdll.dll+0x485b]


---------------  P R O C E S S  ---------------

Threads class SMR info:
_java_thread_list=0x000001bce37b7d80, length=39, elements={
0x000001bce310a700, 0x000001bce310d590, 0x000001bce311fef0, 0x000001bce31208b0,
0x000001bce3123280, 0x000001bce3123c40, 0x000001bce31249e0, 0x000001bce31349b0,
0x000001bce31373c0, 0x000001bce34cd2c0, 0x000001bce34d4f70, 0x000001bce882d690,
0x000001bce8915900, 0x000001bce8808c60, 0x000001bce8809140, 0x000001bce8906980,
0x000001bce8906e90, 0x000001bce8909200, 0x000001bce8905a50, 0x000001bce94e7a60,
0x000001bce94eb210, 0x000001bce94ea2e0, 0x000001bce94e8990, 0x000001bce94e3da0,
0x000001bce94e6620, 0x000001bce94ea7f0, 0x000001bce94eb720, 0x000001bce94ead00,
0x000001bce94e42b0, 0x000001bce94e56f0, 0x000001bce94e47c0, 0x000001bce94e7f70,
0x000001bce94e6b30, 0x000001bce94e8480, 0x000001bce94e8ea0, 0x000001bce94e93b0,
0x000001bce94e9dd0, 0x000001bce94e51e0, 0x000001bce8907dc0
}

Java Threads: ( => current thread )
  0x000001bce310a700 JavaThread "Reference Handler" daemon [_thread_blocked, id=25144, stack(0x0000005d33500000,0x0000005d33600000)]
  0x000001bce310d590 JavaThread "Finalizer" daemon [_thread_blocked, id=23600, stack(0x0000005d33600000,0x0000005d33700000)]
  0x000001bce311fef0 JavaThread "Signal Dispatcher" daemon [_thread_blocked, id=28980, stack(0x0000005d33700000,0x0000005d33800000)]
  0x000001bce31208b0 JavaThread "Attach Listener" daemon [_thread_blocked, id=27340, stack(0x0000005d33800000,0x0000005d33900000)]
  0x000001bce3123280 JavaThread "Service Thread" daemon [_thread_blocked, id=28112, stack(0x0000005d33900000,0x0000005d33a00000)]
  0x000001bce3123c40 JavaThread "Monitor Deflation Thread" daemon [_thread_blocked, id=12116, stack(0x0000005d33a00000,0x0000005d33b00000)]
=>0x000001bce31249e0 JavaThread "C2 CompilerThread0" daemon [_thread_in_native, id=29092, stack(0x0000005d33b00000,0x0000005d33c00000)]
  0x000001bce31349b0 JavaThread "C1 CompilerThread0" daemon [_thread_blocked, id=30392, stack(0x0000005d33c00000,0x0000005d33d00000)]
  0x000001bce31373c0 JavaThread "Sweeper thread" daemon [_thread_blocked, id=13184, stack(0x0000005d33d00000,0x0000005d33e00000)]
  0x000001bce34cd2c0 JavaThread "Notification Thread" daemon [_thread_blocked, id=28180, stack(0x0000005d33e00000,0x0000005d33f00000)]
  0x000001bce34d4f70 JavaThread "Common-Cleaner" daemon [_thread_blocked, id=24652, stack(0x0000005d34000000,0x0000005d34100000)]
  0x000001bce882d690 JavaThread "RMI TCP Accept-0" daemon [_thread_in_native, id=28332, stack(0x0000005d34500000,0x0000005d34600000)]
  0x000001bce8915900 JavaThread "RMI TCP Connection(1)-127.0.0.1" daemon [_thread_in_native, id=5968, stack(0x0000005d34600000,0x0000005d34700000)]
  0x000001bce8808c60 JavaThread "RMI Scheduler(0)" daemon [_thread_blocked, id=2204, stack(0x0000005d34700000,0x0000005d34800000)]
  0x000001bce8809140 JavaThread "JMX server connection timeout 18" daemon [_thread_blocked, id=30324, stack(0x0000005d34800000,0x0000005d34900000)]
  0x000001bce8906980 JavaThread "Catalina-utility-1" [_thread_blocked, id=30800, stack(0x0000005d34b00000,0x0000005d34c00000)]
  0x000001bce8906e90 JavaThread "Catalina-utility-2" [_thread_in_vm, id=30804, stack(0x0000005d34c00000,0x0000005d34d00000)] _threads_hazard_ptr=0x000001bce37b7d80
  0x000001bce8909200 JavaThread "container-0" [_thread_blocked, id=30812, stack(0x0000005d34d00000,0x0000005d34e00000)]
  0x000001bce8905a50 JavaThread "HikariPool-1 housekeeper" daemon [_thread_blocked, id=30884, stack(0x0000005d34f00000,0x0000005d35000000)]
  0x000001bce94e7a60 JavaThread "BufferPoolPruner-1-thread-1" daemon [_thread_blocked, id=31496, stack(0x0000005d35100000,0x0000005d35200000)]
  0x000001bce94eb210 JavaThread "cluster-ClusterId{value='65b85a14a782ba7f97bf77b9', description='null'}-localhost:27017" daemon [_thread_blocked, id=31500, stack(0x0000005d35200000,0x0000005d35300000)]
  0x000001bce94ea2e0 JavaThread "cluster-rtt-ClusterId{value='65b85a14a782ba7f97bf77b9', description='null'}-localhost:27017" daemon [_thread_blocked, id=31504, stack(0x0000005d35300000,0x0000005d35400000)]
  0x000001bce94e8990 JavaThread "MaintenanceTimer-2-thread-1" daemon [_thread_blocked, id=31520, stack(0x0000005d35400000,0x0000005d35500000)]
  0x000001bce94e3da0 JavaThread "Live Reload Server" daemon [_thread_in_native, id=31536, stack(0x0000005d35600000,0x0000005d35700000)]
  0x000001bce94e6620 JavaThread "File Watcher" daemon [_thread_blocked, id=27076, stack(0x0000005d35000000,0x0000005d35100000)]
  0x000001bce94ea7f0 JavaThread "http-nio-8080-exec-1" daemon [_thread_blocked, id=27176, stack(0x0000005d35500000,0x0000005d35600000)]
  0x000001bce94eb720 JavaThread "http-nio-8080-exec-2" daemon [_thread_blocked, id=12712, stack(0x0000005d35700000,0x0000005d35800000)]
  0x000001bce94ead00 JavaThread "http-nio-8080-exec-3" daemon [_thread_blocked, id=8736, stack(0x0000005d35800000,0x0000005d35900000)]
  0x000001bce94e42b0 JavaThread "http-nio-8080-exec-4" daemon [_thread_blocked, id=28528, stack(0x0000005d35900000,0x0000005d35a00000)]
  0x000001bce94e56f0 JavaThread "http-nio-8080-exec-5" daemon [_thread_blocked, id=30780, stack(0x0000005d35a00000,0x0000005d35b00000)]
  0x000001bce94e47c0 JavaThread "http-nio-8080-exec-6" daemon [_thread_blocked, id=30784, stack(0x0000005d35b00000,0x0000005d35c00000)]
  0x000001bce94e7f70 JavaThread "http-nio-8080-exec-7" daemon [_thread_blocked, id=12916, stack(0x0000005d35c00000,0x0000005d35d00000)]
  0x000001bce94e6b30 JavaThread "http-nio-8080-exec-8" daemon [_thread_blocked, id=29548, stack(0x0000005d35d00000,0x0000005d35e00000)]
  0x000001bce94e8480 JavaThread "http-nio-8080-exec-9" daemon [_thread_blocked, id=28216, stack(0x0000005d35e00000,0x0000005d35f00000)]
  0x000001bce94e8ea0 JavaThread "http-nio-8080-exec-10" daemon [_thread_blocked, id=30660, stack(0x0000005d35f00000,0x0000005d36000000)]
  0x000001bce94e93b0 JavaThread "http-nio-8080-Poller" daemon [_thread_in_native, id=6736, stack(0x0000005d36000000,0x0000005d36100000)]
  0x000001bce94e9dd0 JavaThread "http-nio-8080-Acceptor" daemon [_thread_in_native, id=24416, stack(0x0000005d36100000,0x0000005d36200000)]
  0x000001bce94e51e0 JavaThread "DestroyJavaVM" [_thread_blocked, id=30376, stack(0x0000005d32e00000,0x0000005d32f00000)]
  0x000001bce8907dc0 JavaThread "RMI TCP Connection(2)-127.0.0.1" daemon [_thread_in_native, id=8344, stack(0x0000005d34900000,0x0000005d34a00000)]

Other Threads:
  0x000001bce3104be0 VMThread "VM Thread" [stack: 0x0000005d33400000,0x0000005d33500000] [id=27624]
  0x000001bcc7f01610 WatcherThread [stack: 0x0000005d33f00000,0x0000005d34000000] [id=30044]
  0x000001bcc7eeecb0 GCTaskThread "GC Thread#0" [stack: 0x0000005d32f00000,0x0000005d33000000] [id=10144]
  0x000001bce3d50fb0 GCTaskThread "GC Thread#1" [stack: 0x0000005d34100000,0x0000005d34200000] [id=6652]
  0x000001bce3d5d990 GCTaskThread "GC Thread#2" [stack: 0x0000005d34200000,0x0000005d34300000] [id=27792]
  0x000001bce3d5dc50 GCTaskThread "GC Thread#3" [stack: 0x0000005d34300000,0x0000005d34400000] [id=28116]
  0x000001bcc7ef85d0 ConcurrentGCThread "G1 Main Marker" [stack: 0x0000005d33000000,0x0000005d33100000] [id=28904]
  0x000001bcc7ef8fe0 ConcurrentGCThread "G1 Conc#0" [stack: 0x0000005d33100000,0x0000005d33200000] [id=12128]
  0x000001bcc7f3b660 ConcurrentGCThread "G1 Refine#0" [stack: 0x0000005d33200000,0x0000005d33300000] [id=30264]
  0x000001bce3d51270 ConcurrentGCThread "G1 Refine#1" [stack: 0x0000005d34400000,0x0000005d34500000] [id=23532]
  0x000001bcc7f3c090 ConcurrentGCThread "G1 Service" [stack: 0x0000005d33300000,0x0000005d33400000] [id=25952]

Threads with active compile tasks:
C2 CompilerThread0    30713 6436   !   4       jdk.internal.loader.BuiltinClassLoader::loadClassOrNull (143 bytes)

VM state: not at safepoint (normal execution)

VM Mutex/Monitor currently owned by a thread: None

Heap address: 0x00000000c1200000, size: 1006 MB, Compressed Oops mode: 32-bit

CDS archive(s) mapped at: [0x000001bc80000000-0x000001bc80bd0000-0x000001bc80bd0000), size 12386304, SharedBaseAddress: 0x000001bc80000000, ArchiveRelocationMode: 1.
Compressed class space mapped at: 0x000001bc81000000-0x000001bcc1000000, reserved size: 1073741824
Narrow klass base: 0x000001bc80000000, Narrow klass shift: 0, Narrow klass range: 0x100000000

GC Precious Log:
 CPUs: 4 total, 4 available
 Memory: 4017M
 Large Page Support: Disabled
 NUMA Support: Disabled
 Compressed Oops: Enabled (32-bit)
 Heap Region Size: 1M
 Heap Min Capacity: 8M
 Heap Initial Capacity: 64M
 Heap Max Capacity: 1006M
 Pre-touch: Disabled
 Parallel Workers: 4
 Concurrent Workers: 1
 Concurrent Refinement Workers: 4
 Periodic GC: Disabled

Heap:
 garbage-first heap   total 86016K, used 56727K [0x00000000c1200000, 0x0000000100000000)
  region size 1024K, 21 young (21504K), 5 survivors (5120K)
 Metaspace       used 72763K, committed 73408K, reserved 1114112K
  class space    used 9982K, committed 10304K, reserved 1048576K

Heap Regions: E=young(eden), S=young(survivor), O=old, HS=humongous(starts), HC=humongous(continues), CS=collection set, F=free, OA=open archive, CA=closed archive, TAMS=top-at-mark-start (previous, next)
|   0|0x00000000c1200000, 0x00000000c1300000, 0x00000000c1300000|100%|HS|  |TAMS 0x00000000c1300000, 0x00000000c1200000| Complete 
|   1|0x00000000c1300000, 0x00000000c1400000, 0x00000000c1400000|100%| O|  |TAMS 0x00000000c1400000, 0x00000000c1300000| Untracked 
|   2|0x00000000c1400000, 0x00000000c1500000, 0x00000000c1500000|100%| O|  |TAMS 0x00000000c1500000, 0x00000000c1400000| Untracked 
|   3|0x00000000c1500000, 0x00000000c1600000, 0x00000000c1600000|100%| O|  |TAMS 0x00000000c1600000, 0x00000000c1500000| Untracked 
|   4|0x00000000c1600000, 0x00000000c1700000, 0x00000000c1700000|100%| O|  |TAMS 0x00000000c1700000, 0x00000000c1600000| Untracked 
|   5|0x00000000c1700000, 0x00000000c1800000, 0x00000000c1800000|100%| O|  |TAMS 0x00000000c1800000, 0x00000000c1700000| Untracked 
|   6|0x00000000c1800000, 0x00000000c1900000, 0x00000000c1900000|100%| O|  |TAMS 0x00000000c1900000, 0x00000000c1800000| Untracked 
|   7|0x00000000c1900000, 0x00000000c1a00000, 0x00000000c1a00000|100%| O|  |TAMS 0x00000000c1a00000, 0x00000000c1900000| Untracked 
|   8|0x00000000c1a00000, 0x00000000c1b00000, 0x00000000c1b00000|100%| O|  |TAMS 0x00000000c1b00000, 0x00000000c1a00000| Untracked 
|   9|0x00000000c1b00000, 0x00000000c1c00000, 0x00000000c1c00000|100%| O|  |TAMS 0x00000000c1c00000, 0x00000000c1b00000| Untracked 
|  10|0x00000000c1c00000, 0x00000000c1d00000, 0x00000000c1d00000|100%| O|  |TAMS 0x00000000c1d00000, 0x00000000c1c00000| Untracked 
|  11|0x00000000c1d00000, 0x00000000c1e00000, 0x00000000c1e00000|100%| O|  |TAMS 0x00000000c1e00000, 0x00000000c1d00000| Untracked 
|  12|0x00000000c1e00000, 0x00000000c1f00000, 0x00000000c1f00000|100%| O|  |TAMS 0x00000000c1f00000, 0x00000000c1e00000| Untracked 
|  13|0x00000000c1f00000, 0x00000000c2000000, 0x00000000c2000000|100%| O|  |TAMS 0x00000000c2000000, 0x00000000c1f00000| Untracked 
|  14|0x00000000c2000000, 0x00000000c20f7400, 0x00000000c2100000| 96%| O|  |TAMS 0x00000000c20f7400, 0x00000000c2000000| Untracked 
|  15|0x00000000c2100000, 0x00000000c2200000, 0x00000000c2200000|100%| O|  |TAMS 0x00000000c2200000, 0x00000000c2100000| Untracked 
|  16|0x00000000c2200000, 0x00000000c2300000, 0x00000000c2300000|100%| O|  |TAMS 0x00000000c2300000, 0x00000000c2200000| Untracked 
|  17|0x00000000c2300000, 0x00000000c2400000, 0x00000000c2400000|100%| O|  |TAMS 0x00000000c2400000, 0x00000000c2300000| Untracked 
|  18|0x00000000c2400000, 0x00000000c2500000, 0x00000000c2500000|100%| O|  |TAMS 0x00000000c2500000, 0x00000000c2400000| Untracked 
|  19|0x00000000c2500000, 0x00000000c2600000, 0x00000000c2600000|100%| O|  |TAMS 0x00000000c2600000, 0x00000000c2500000| Untracked 
|  20|0x00000000c2600000, 0x00000000c2700000, 0x00000000c2700000|100%| O|  |TAMS 0x00000000c2700000, 0x00000000c2600000| Untracked 
|  21|0x00000000c2700000, 0x00000000c2800000, 0x00000000c2800000|100%| O|  |TAMS 0x00000000c2800000, 0x00000000c2700000| Untracked 
|  22|0x00000000c2800000, 0x00000000c2900000, 0x00000000c2900000|100%| O|  |TAMS 0x00000000c2900000, 0x00000000c2800000| Untracked 
|  23|0x00000000c2900000, 0x00000000c2a00000, 0x00000000c2a00000|100%| O|  |TAMS 0x00000000c2a00000, 0x00000000c2900000| Untracked 
|  24|0x00000000c2a00000, 0x00000000c2b00000, 0x00000000c2b00000|100%| O|  |TAMS 0x00000000c2b00000, 0x00000000c2a00000| Untracked 
|  25|0x00000000c2b00000, 0x00000000c2c00000, 0x00000000c2c00000|100%| O|  |TAMS 0x00000000c2c00000, 0x00000000c2b00000| Untracked 
|  26|0x00000000c2c00000, 0x00000000c2d00000, 0x00000000c2d00000|100%| O|  |TAMS 0x00000000c2d00000, 0x00000000c2c00000| Untracked 
|  27|0x00000000c2d00000, 0x00000000c2e00000, 0x00000000c2e00000|100%| O|  |TAMS 0x00000000c2e00000, 0x00000000c2d00000| Untracked 
|  28|0x00000000c2e00000, 0x00000000c2f00000, 0x00000000c2f00000|100%| O|  |TAMS 0x00000000c2f00000, 0x00000000c2e00000| Untracked 
|  29|0x00000000c2f00000, 0x00000000c3000000, 0x00000000c3000000|100%| O|  |TAMS 0x00000000c3000000, 0x00000000c2f00000| Untracked 
|  30|0x00000000c3000000, 0x00000000c3100000, 0x00000000c3100000|100%| O|  |TAMS 0x00000000c3100000, 0x00000000c3000000| Untracked 
|  31|0x00000000c3100000, 0x00000000c3200000, 0x00000000c3200000|100%| O|  |TAMS 0x00000000c3200000, 0x00000000c3100000| Untracked 
|  32|0x00000000c3200000, 0x00000000c3300000, 0x00000000c3300000|100%| O|  |TAMS 0x00000000c3300000, 0x00000000c3200000| Untracked 
|  33|0x00000000c3300000, 0x00000000c3400000, 0x00000000c3400000|100%| O|  |TAMS 0x00000000c3400000, 0x00000000c3300000| Untracked 
|  34|0x00000000c3400000, 0x00000000c3500000, 0x00000000c3500000|100%| O|  |TAMS 0x00000000c3500000, 0x00000000c3400000| Untracked 
|  35|0x00000000c3500000, 0x00000000c3600000, 0x00000000c3600000|100%| O|  |TAMS 0x00000000c356b000, 0x00000000c3500000| Untracked 
|  36|0x00000000c3600000, 0x00000000c36d0c00, 0x00000000c3700000| 81%| O|  |TAMS 0x00000000c3600000, 0x00000000c3600000| Untracked 
|  37|0x00000000c3700000, 0x00000000c3700000, 0x00000000c3800000|  0%| F|  |TAMS 0x00000000c3700000, 0x00000000c3700000| Untracked 
|  38|0x00000000c3800000, 0x00000000c3800000, 0x00000000c3900000|  0%| F|  |TAMS 0x00000000c3800000, 0x00000000c3800000| Untracked 
|  39|0x00000000c3900000, 0x00000000c3900000, 0x00000000c3a00000|  0%| F|  |TAMS 0x00000000c3900000, 0x00000000c3900000| Untracked 
|  40|0x00000000c3a00000, 0x00000000c3a00000, 0x00000000c3b00000|  0%| F|  |TAMS 0x00000000c3a00000, 0x00000000c3a00000| Untracked 
|  41|0x00000000c3b00000, 0x00000000c3b00000, 0x00000000c3c00000|  0%| F|  |TAMS 0x00000000c3b00000, 0x00000000c3b00000| Untracked 
|  42|0x00000000c3c00000, 0x00000000c3c00000, 0x00000000c3d00000|  0%| F|  |TAMS 0x00000000c3c00000, 0x00000000c3c00000| Untracked 
|  43|0x00000000c3d00000, 0x00000000c3d00000, 0x00000000c3e00000|  0%| F|  |TAMS 0x00000000c3d00000, 0x00000000c3d00000| Untracked 
|  44|0x00000000c3e00000, 0x00000000c3e00000, 0x00000000c3f00000|  0%| F|  |TAMS 0x00000000c3e00000, 0x00000000c3e00000| Untracked 
|  45|0x00000000c3f00000, 0x00000000c3f00000, 0x00000000c4000000|  0%| F|  |TAMS 0x00000000c3f00000, 0x00000000c3f00000| Untracked 
|  46|0x00000000c4000000, 0x00000000c409dc40, 0x00000000c4100000| 61%| S|CS|TAMS 0x00000000c4000000, 0x00000000c4000000| Complete 
|  47|0x00000000c4100000, 0x00000000c4200000, 0x00000000c4200000|100%| S|CS|TAMS 0x00000000c4100000, 0x00000000c4100000| Complete 
|  48|0x00000000c4200000, 0x00000000c4300000, 0x00000000c4300000|100%| S|CS|TAMS 0x00000000c4200000, 0x00000000c4200000| Complete 
|  49|0x00000000c4300000, 0x00000000c4300000, 0x00000000c4400000|  0%| F|  |TAMS 0x00000000c4300000, 0x00000000c4300000| Untracked 
|  50|0x00000000c4400000, 0x00000000c4400000, 0x00000000c4500000|  0%| F|  |TAMS 0x00000000c4400000, 0x00000000c4400000| Untracked 
|  51|0x00000000c4500000, 0x00000000c4500000, 0x00000000c4600000|  0%| F|  |TAMS 0x00000000c4500000, 0x00000000c4500000| Untracked 
|  52|0x00000000c4600000, 0x00000000c4600000, 0x00000000c4700000|  0%| F|  |TAMS 0x00000000c4600000, 0x00000000c4600000| Untracked 
|  53|0x00000000c4700000, 0x00000000c4800000, 0x00000000c4800000|100%| S|CS|TAMS 0x00000000c4700000, 0x00000000c4700000| Complete 
|  54|0x00000000c4800000, 0x00000000c4900000, 0x00000000c4900000|100%| S|CS|TAMS 0x00000000c4800000, 0x00000000c4800000| Complete 
|  55|0x00000000c4900000, 0x00000000c4900000, 0x00000000c4a00000|  0%| F|  |TAMS 0x00000000c4900000, 0x00000000c4900000| Untracked 
|  56|0x00000000c4a00000, 0x00000000c4a00000, 0x00000000c4b00000|  0%| F|  |TAMS 0x00000000c4a00000, 0x00000000c4a00000| Untracked 
|  57|0x00000000c4b00000, 0x00000000c4b00000, 0x00000000c4c00000|  0%| F|  |TAMS 0x00000000c4b00000, 0x00000000c4b00000| Untracked 
|  58|0x00000000c4c00000, 0x00000000c4c00000, 0x00000000c4d00000|  0%| F|  |TAMS 0x00000000c4c00000, 0x00000000c4c00000| Untracked 
|  59|0x00000000c4d00000, 0x00000000c4d00000, 0x00000000c4e00000|  0%| F|  |TAMS 0x00000000c4d00000, 0x00000000c4d00000| Untracked 
|  60|0x00000000c4e00000, 0x00000000c4e00000, 0x00000000c4f00000|  0%| F|  |TAMS 0x00000000c4e00000, 0x00000000c4e00000| Untracked 
|  61|0x00000000c4f00000, 0x00000000c4f00000, 0x00000000c5000000|  0%| F|  |TAMS 0x00000000c4f00000, 0x00000000c4f00000| Untracked 
|  62|0x00000000c5000000, 0x00000000c5000000, 0x00000000c5100000|  0%| F|  |TAMS 0x00000000c5000000, 0x00000000c5000000| Untracked 
|  63|0x00000000c5100000, 0x00000000c5100000, 0x00000000c5200000|  0%| F|  |TAMS 0x00000000c5100000, 0x00000000c5100000| Untracked 
|  64|0x00000000c5200000, 0x00000000c5200000, 0x00000000c5300000|  0%| F|  |TAMS 0x00000000c5200000, 0x00000000c5200000| Untracked 
|  65|0x00000000c5300000, 0x00000000c5300000, 0x00000000c5400000|  0%| F|  |TAMS 0x00000000c5300000, 0x00000000c5300000| Untracked 
|  66|0x00000000c5400000, 0x00000000c5400000, 0x00000000c5500000|  0%| F|  |TAMS 0x00000000c5400000, 0x00000000c5400000| Untracked 
|  67|0x00000000c5500000, 0x00000000c5500000, 0x00000000c5600000|  0%| F|  |TAMS 0x00000000c5500000, 0x00000000c5500000| Untracked 
|  68|0x00000000c5600000, 0x00000000c56482c8, 0x00000000c5700000| 28%| E|  |TAMS 0x00000000c5600000, 0x00000000c5600000| Complete 
|  69|0x00000000c5700000, 0x00000000c5800000, 0x00000000c5800000|100%| E|CS|TAMS 0x00000000c5700000, 0x00000000c5700000| Complete 
|  70|0x00000000c5800000, 0x00000000c5900000, 0x00000000c5900000|100%| E|CS|TAMS 0x00000000c5800000, 0x00000000c5800000| Complete 
|  71|0x00000000c5900000, 0x00000000c5a00000, 0x00000000c5a00000|100%| E|CS|TAMS 0x00000000c5900000, 0x00000000c5900000| Complete 
|  72|0x00000000c5a00000, 0x00000000c5b00000, 0x00000000c5b00000|100%| E|CS|TAMS 0x00000000c5a00000, 0x00000000c5a00000| Complete 
|  73|0x00000000c5b00000, 0x00000000c5c00000, 0x00000000c5c00000|100%| E|CS|TAMS 0x00000000c5b00000, 0x00000000c5b00000| Complete 
|  74|0x00000000c5c00000, 0x00000000c5d00000, 0x00000000c5d00000|100%| E|CS|TAMS 0x00000000c5c00000, 0x00000000c5c00000| Complete 
|  75|0x00000000c5d00000, 0x00000000c5e00000, 0x00000000c5e00000|100%| E|CS|TAMS 0x00000000c5d00000, 0x00000000c5d00000| Complete 
|  76|0x00000000c5e00000, 0x00000000c5f00000, 0x00000000c5f00000|100%| E|CS|TAMS 0x00000000c5e00000, 0x00000000c5e00000| Complete 
|  77|0x00000000c5f00000, 0x00000000c6000000, 0x00000000c6000000|100%| E|CS|TAMS 0x00000000c5f00000, 0x00000000c5f00000| Complete 
|  78|0x00000000c6000000, 0x00000000c6100000, 0x00000000c6100000|100%| E|CS|TAMS 0x00000000c6000000, 0x00000000c6000000| Complete 
|  79|0x00000000c6100000, 0x00000000c6200000, 0x00000000c6200000|100%| E|CS|TAMS 0x00000000c6100000, 0x00000000c6100000| Complete 
|  80|0x00000000c6200000, 0x00000000c6300000, 0x00000000c6300000|100%| E|CS|TAMS 0x00000000c6200000, 0x00000000c6200000| Complete 
|  81|0x00000000c6300000, 0x00000000c6400000, 0x00000000c6400000|100%| E|  |TAMS 0x00000000c6300000, 0x00000000c6300000| Complete 
|  82|0x00000000c6400000, 0x00000000c6500000, 0x00000000c6500000|100%| E|CS|TAMS 0x00000000c6400000, 0x00000000c6400000| Complete 
|  83|0x00000000c6500000, 0x00000000c6600000, 0x00000000c6600000|100%| E|CS|TAMS 0x00000000c6500000, 0x00000000c6500000| Complete 

Card table byte_map: [0x000001bcde920000,0x000001bcdeb20000] _byte_map_base: 0x000001bcde317000

Marking Bits (Prev, Next): (CMBitMap*) 0x000001bcc7eef2d0, (CMBitMap*) 0x000001bcc7eef310
 Prev Bits: [0x000001bcded20000, 0x000001bcdfcd8000)
 Next Bits: [0x000001bcdfce0000, 0x000001bce0c98000)

Polling page: 0x000001bcc5de0000

Metaspace:

Usage:
  Non-class:     61.31 MB used.
      Class:      9.75 MB used.
       Both:     71.06 MB used.

Virtual space:
  Non-class space:       64.00 MB reserved,      61.62 MB ( 96%) committed,  1 nodes.
      Class space:        1.00 GB reserved,      10.06 MB ( <1%) committed,  1 nodes.
             Both:        1.06 GB reserved,      71.69 MB (  7%) committed. 

Chunk freelists:
   Non-Class:  1.59 MB
       Class:  5.79 MB
        Both:  7.38 MB

MaxMetaspaceSize: unlimited
CompressedClassSpaceSize: 1.00 GB
Initial GC threshold: 21.00 MB
Current GC threshold: 108.56 MB
CDS: on
MetaspaceReclaimPolicy: balanced
 - commit_granule_bytes: 65536.
 - commit_granule_words: 8192.
 - virtual_space_node_default_size: 8388608.
 - enlarge_chunks_in_place: 1.
 - new_chunks_are_fully_committed: 0.
 - uncommit_free_chunks: 1.
 - use_allocation_guard: 0.
 - handle_deallocations: 1.


Internal statistics:

num_allocs_failed_limit: 6.
num_arena_births: 972.
num_arena_deaths: 12.
num_vsnodes_births: 2.
num_vsnodes_deaths: 0.
num_space_committed: 1147.
num_space_uncommitted: 0.
num_chunks_returned_to_freelist: 20.
num_chunks_taken_from_freelist: 3771.
num_chunk_merges: 7.
num_chunk_splits: 2544.
num_chunks_enlarged: 1822.
num_inconsistent_stats: 0.

CodeHeap 'non-profiled nmethods': size=120000Kb used=3528Kb max_used=3528Kb free=116471Kb
 bounds [0x000001bcd71f0000, 0x000001bcd7570000, 0x000001bcde720000]
CodeHeap 'profiled nmethods': size=120000Kb used=13600Kb max_used=13600Kb free=106399Kb
 bounds [0x000001bccf720000, 0x000001bcd0470000, 0x000001bcd6c50000]
CodeHeap 'non-nmethods': size=5760Kb used=1308Kb max_used=1395Kb free=4451Kb
 bounds [0x000001bcd6c50000, 0x000001bcd6ec0000, 0x000001bcd71f0000]
 total_blobs=8479 nmethods=7843 adapters=547
 compilation: enabled
              stopped_count=0, restarted_count=0
 full_count=0

Compilation events (20 events):
Event: 30.284 Thread 0x000001bce31349b0 8698       2       java.lang.invoke.LambdaForm$MH/0x000001bc81100000::invoke (27 bytes)
Event: 30.284 Thread 0x000001bce31349b0 nmethod 8698 0x000001bcd0467590 code [0x000001bcd0467740, 0x000001bcd04678f8]
Event: 30.284 Thread 0x000001bce31349b0 8699       2       java.lang.invoke.DirectMethodHandle$Holder::invokeStatic (17 bytes)
Event: 30.284 Thread 0x000001bce31349b0 nmethod 8699 0x000001bcd0467a10 code [0x000001bcd0467bc0, 0x000001bcd0467d18]
Event: 30.284 Thread 0x000001bce31349b0 8700       2       java.lang.StringConcatHelper::mix (11 bytes)
Event: 30.285 Thread 0x000001bce31349b0 nmethod 8700 0x000001bcd0467e10 code [0x000001bcd0467fc0, 0x000001bcd0468198]
Event: 30.286 Thread 0x000001bce31249e0 nmethod 6438 0x000001bcd755de90 code [0x000001bcd755e060, 0x000001bcd755e5a8]
Event: 30.286 Thread 0x000001bce31249e0 7050       4       org.antlr.v4.runtime.atn.ATNConfig::hashCode (53 bytes)
Event: 30.289 Thread 0x000001bce31249e0 nmethod 7050 0x000001bcd755eb10 code [0x000001bcd755eca0, 0x000001bcd755eeb8]
Event: 30.289 Thread 0x000001bce31249e0 6429       4       jdk.internal.org.objectweb.asm.MethodWriter::visitInsn (115 bytes)
Event: 30.317 Thread 0x000001bce31249e0 nmethod 6429 0x000001bcd755ef90 code [0x000001bcd755f160, 0x000001bcd755fab8]
Event: 30.317 Thread 0x000001bce31249e0 6751       4       java.util.ArrayList$Itr::<init> (26 bytes)
Event: 30.320 Thread 0x000001bce31249e0 nmethod 6751 0x000001bcd755ff90 code [0x000001bcd7560100, 0x000001bcd7560298]
Event: 30.320 Thread 0x000001bce31249e0 6457       4       org.springframework.core.ResolvableType::<init> (47 bytes)
Event: 30.325 Thread 0x000001bce31249e0 nmethod 6457 0x000001bcd7560310 code [0x000001bcd7560480, 0x000001bcd7560858]
Event: 30.325 Thread 0x000001bce31249e0 6439       4       jdk.internal.org.objectweb.asm.ByteVector::putInt (74 bytes)
Event: 30.327 Thread 0x000001bce31249e0 nmethod 6439 0x000001bcd7560910 code [0x000001bcd7560a80, 0x000001bcd7560bd8]
Event: 30.327 Thread 0x000001bce31249e0 6437       4       jdk.internal.org.objectweb.asm.MethodWriter::visitLabel (328 bytes)
Event: 30.367 Thread 0x000001bce31249e0 nmethod 6437 0x000001bcd7560d10 code [0x000001bcd7560ec0, 0x000001bcd7561cf8]
Event: 30.367 Thread 0x000001bce31249e0 6436   !   4       jdk.internal.loader.BuiltinClassLoader::loadClassOrNull (143 bytes)

GC Heap History (20 events):
Event: 19.824 GC heap before
{Heap before GC invocations=22 (full 0):
 garbage-first heap   total 58368K, used 45321K [0x00000000c1200000, 0x0000000100000000)
  region size 1024K, 18 young (18432K), 3 survivors (3072K)
 Metaspace       used 58926K, committed 59520K, reserved 1114112K
  class space    used 7924K, committed 8192K, reserved 1048576K
}
Event: 19.831 GC heap after
{Heap after GC invocations=23 (full 0):
 garbage-first heap   total 58368K, used 32149K [0x00000000c1200000, 0x0000000100000000)
  region size 1024K, 2 young (2048K), 2 survivors (2048K)
 Metaspace       used 58926K, committed 59520K, reserved 1114112K
  class space    used 7924K, committed 8192K, reserved 1048576K
}
Event: 20.513 GC heap before
{Heap before GC invocations=23 (full 0):
 garbage-first heap   total 58368K, used 46485K [0x00000000c1200000, 0x0000000100000000)
  region size 1024K, 17 young (17408K), 2 survivors (2048K)
 Metaspace       used 60686K, committed 61184K, reserved 1114112K
  class space    used 8262K, committed 8512K, reserved 1048576K
}
Event: 20.520 GC heap after
{Heap after GC invocations=24 (full 0):
 garbage-first heap   total 58368K, used 33048K [0x00000000c1200000, 0x0000000100000000)
  region size 1024K, 2 young (2048K), 2 survivors (2048K)
 Metaspace       used 60686K, committed 61184K, reserved 1114112K
  class space    used 8262K, committed 8512K, reserved 1048576K
}
Event: 20.855 GC heap before
{Heap before GC invocations=25 (full 0):
 garbage-first heap   total 65536K, used 47384K [0x00000000c1200000, 0x0000000100000000)
  region size 1024K, 16 young (16384K), 2 survivors (2048K)
 Metaspace       used 60875K, committed 61312K, reserved 1114112K
  class space    used 8296K, committed 8512K, reserved 1048576K
}
Event: 20.861 GC heap after
{Heap after GC invocations=26 (full 0):
 garbage-first heap   total 65536K, used 33619K [0x00000000c1200000, 0x0000000100000000)
  region size 1024K, 2 young (2048K), 2 survivors (2048K)
 Metaspace       used 60875K, committed 61312K, reserved 1114112K
  class space    used 8296K, committed 8512K, reserved 1048576K
}
Event: 21.754 GC heap before
{Heap before GC invocations=26 (full 0):
 garbage-first heap   total 65536K, used 53075K [0x00000000c1200000, 0x0000000100000000)
  region size 1024K, 21 young (21504K), 2 survivors (2048K)
 Metaspace       used 63995K, committed 64576K, reserved 1114112K
  class space    used 8774K, committed 9088K, reserved 1048576K
}
Event: 21.760 GC heap after
{Heap after GC invocations=27 (full 0):
 garbage-first heap   total 65536K, used 34692K [0x00000000c1200000, 0x0000000100000000)
  region size 1024K, 3 young (3072K), 3 survivors (3072K)
 Metaspace       used 63995K, committed 64576K, reserved 1114112K
  class space    used 8774K, committed 9088K, reserved 1048576K
}
Event: 22.470 GC heap before
{Heap before GC invocations=28 (full 0):
 garbage-first heap   total 65536K, used 53124K [0x00000000c1200000, 0x0000000100000000)
  region size 1024K, 21 young (21504K), 3 survivors (3072K)
 Metaspace       used 65426K, committed 66048K, reserved 1114112K
  class space    used 8975K, committed 9280K, reserved 1048576K
}
Event: 22.478 GC heap after
{Heap after GC invocations=29 (full 0):
 garbage-first heap   total 65536K, used 36342K [0x00000000c1200000, 0x0000000100000000)
  region size 1024K, 3 young (3072K), 3 survivors (3072K)
 Metaspace       used 65426K, committed 66048K, reserved 1114112K
  class space    used 8975K, committed 9280K, reserved 1048576K
}
Event: 22.850 GC heap before
{Heap before GC invocations=29 (full 0):
 garbage-first heap   total 65536K, used 53750K [0x00000000c1200000, 0x0000000100000000)
  region size 1024K, 20 young (20480K), 3 survivors (3072K)
 Metaspace       used 65640K, committed 66240K, reserved 1114112K
  class space    used 8985K, committed 9280K, reserved 1048576K
}
Event: 22.857 GC heap after
{Heap after GC invocations=30 (full 0):
 garbage-first heap   total 65536K, used 36907K [0x00000000c1200000, 0x0000000100000000)
  region size 1024K, 3 young (3072K), 3 survivors (3072K)
 Metaspace       used 65640K, committed 66240K, reserved 1114112K
  class space    used 8985K, committed 9280K, reserved 1048576K
}
Event: 23.255 GC heap before
{Heap before GC invocations=31 (full 0):
 garbage-first heap   total 71680K, used 54315K [0x00000000c1200000, 0x0000000100000000)
  region size 1024K, 20 young (20480K), 3 survivors (3072K)
 Metaspace       used 65779K, committed 66368K, reserved 1114112K
  class space    used 8991K, committed 9280K, reserved 1048576K
}
Event: 23.261 GC heap after
{Heap after GC invocations=32 (full 0):
 garbage-first heap   total 71680K, used 37573K [0x00000000c1200000, 0x0000000100000000)
  region size 1024K, 2 young (2048K), 2 survivors (2048K)
 Metaspace       used 65779K, committed 66368K, reserved 1114112K
  class space    used 8991K, committed 9280K, reserved 1048576K
}
Event: 23.680 GC heap before
{Heap before GC invocations=32 (full 0):
 garbage-first heap   total 71680K, used 59077K [0x00000000c1200000, 0x0000000100000000)
  region size 1024K, 23 young (23552K), 2 survivors (2048K)
 Metaspace       used 66004K, committed 66624K, reserved 1114112K
  class space    used 9010K, committed 9344K, reserved 1048576K
}
Event: 23.688 GC heap after
{Heap after GC invocations=33 (full 0):
 garbage-first heap   total 86016K, used 38059K [0x00000000c1200000, 0x0000000100000000)
  region size 1024K, 2 young (2048K), 2 survivors (2048K)
 Metaspace       used 66004K, committed 66624K, reserved 1114112K
  class space    used 9010K, committed 9344K, reserved 1048576K
}
Event: 25.400 GC heap before
{Heap before GC invocations=34 (full 0):
 garbage-first heap   total 86016K, used 69803K [0x00000000c1200000, 0x0000000100000000)
  region size 1024K, 33 young (33792K), 2 survivors (2048K)
 Metaspace       used 68233K, committed 68800K, reserved 1114112K
  class space    used 9296K, committed 9600K, reserved 1048576K
}
Event: 25.409 GC heap after
{Heap after GC invocations=35 (full 0):
 garbage-first heap   total 86016K, used 39960K [0x00000000c1200000, 0x0000000100000000)
  region size 1024K, 4 young (4096K), 4 survivors (4096K)
 Metaspace       used 68233K, committed 68800K, reserved 1114112K
  class space    used 9296K, committed 9600K, reserved 1048576K
}
Event: 26.617 GC heap before
{Heap before GC invocations=35 (full 0):
 garbage-first heap   total 86016K, used 69656K [0x00000000c1200000, 0x0000000100000000)
  region size 1024K, 33 young (33792K), 4 survivors (4096K)
 Metaspace       used 70749K, committed 71296K, reserved 1114112K
  class space    used 9706K, committed 9984K, reserved 1048576K
}
Event: 26.630 GC heap after
{Heap after GC invocations=36 (full 0):
 garbage-first heap   total 86016K, used 42391K [0x00000000c1200000, 0x0000000100000000)
  region size 1024K, 5 young (5120K), 5 survivors (5120K)
 Metaspace       used 70749K, committed 71296K, reserved 1114112K
  class space    used 9706K, committed 9984K, reserved 1048576K
}

Deoptimization events (20 events):
Event: 25.579 Thread 0x000001bce89087e0 DEOPT PACKING pc=0x000001bcd7292f80 sp=0x0000005d34af9a00
Event: 25.579 Thread 0x000001bce89087e0 DEOPT UNPACKING pc=0x000001bcd6ca23a3 sp=0x0000005d34af9978 mode 2
Event: 25.782 Thread 0x000001bce89087e0 Uncommon trap: trap_request=0xffffffde fr.pc=0x000001bcd737d488 relative=0x0000000000000168
Event: 25.782 Thread 0x000001bce89087e0 Uncommon trap: reason=class_check action=maybe_recompile pc=0x000001bcd737d488 method=java.lang.reflect.Method.equals(Ljava/lang/Object;)Z @ 1 c2
Event: 25.783 Thread 0x000001bce89087e0 DEOPT PACKING pc=0x000001bcd737d488 sp=0x0000005d34afbd50
Event: 25.783 Thread 0x000001bce89087e0 DEOPT UNPACKING pc=0x000001bcd6ca23a3 sp=0x0000005d34afbcd8 mode 2
Event: 26.715 Thread 0x000001bce89087e0 Uncommon trap: trap_request=0xffffff45 fr.pc=0x000001bcd7422974 relative=0x0000000000001b54
Event: 26.715 Thread 0x000001bce89087e0 Uncommon trap: reason=unstable_if action=reinterpret pc=0x000001bcd7422974 method=java.lang.String.<init>([BIILjava/nio/charset/Charset;)V @ 18 c2
Event: 26.715 Thread 0x000001bce89087e0 DEOPT PACKING pc=0x000001bcd7422974 sp=0x0000005d34afd700
Event: 26.715 Thread 0x000001bce89087e0 DEOPT UNPACKING pc=0x000001bcd6ca23a3 sp=0x0000005d34afd6e0 mode 2
Event: 26.805 Thread 0x000001bce89087e0 DEOPT PACKING pc=0x000001bcd03c8fc6 sp=0x0000005d34afdf60
Event: 26.805 Thread 0x000001bce89087e0 DEOPT UNPACKING pc=0x000001bcd6ca2b43 sp=0x0000005d34afd428 mode 0
Event: 26.857 Thread 0x000001bce89087e0 Uncommon trap: trap_request=0xffffff54 fr.pc=0x000001bcd72f8224 relative=0x0000000000000364
Event: 26.857 Thread 0x000001bce89087e0 Uncommon trap: reason=speculate_null_assert action=make_not_entrant pc=0x000001bcd72f8224 method=org.springframework.util.ConcurrentReferenceHashMap$Segment.restructureIfNecessary(Z)V @ 41 c2
Event: 26.857 Thread 0x000001bce89087e0 DEOPT PACKING pc=0x000001bcd72f8224 sp=0x0000005d34afe1d0
Event: 26.857 Thread 0x000001bce89087e0 DEOPT UNPACKING pc=0x000001bcd6ca23a3 sp=0x0000005d34afe198 mode 2
Event: 27.428 Thread 0x000001bce8915900 DEOPT PACKING pc=0x000001bccfb954bc sp=0x0000005d346fd010
Event: 27.428 Thread 0x000001bce8915900 DEOPT UNPACKING pc=0x000001bcd6ca2b43 sp=0x0000005d346fc4e0 mode 3
Event: 27.980 Thread 0x000001bce8915900 DEOPT PACKING pc=0x000001bccfef2ac9 sp=0x0000005d346fd3c0
Event: 27.980 Thread 0x000001bce8915900 DEOPT UNPACKING pc=0x000001bcd6ca2b43 sp=0x0000005d346fc870 mode 0

Classes unloaded (6 events):
Event: 5.811 Thread 0x000001bce3104be0 Unloading class 0x000001bc81086400 'java/lang/invoke/LambdaForm$MH+0x000001bc81086400'
Event: 5.811 Thread 0x000001bce3104be0 Unloading class 0x000001bc81085c00 'java/lang/invoke/LambdaForm$MH+0x000001bc81085c00'
Event: 5.811 Thread 0x000001bce3104be0 Unloading class 0x000001bc81085400 'java/lang/invoke/LambdaForm$MH+0x000001bc81085400'
Event: 5.811 Thread 0x000001bce3104be0 Unloading class 0x000001bc81084c00 'java/lang/invoke/LambdaForm$MH+0x000001bc81084c00'
Event: 5.811 Thread 0x000001bce3104be0 Unloading class 0x000001bc81084800 'java/lang/invoke/LambdaForm$MH+0x000001bc81084800'
Event: 21.883 Thread 0x000001bce3104be0 Unloading class 0x000001bc817d4000 'jdk/internal/reflect/GeneratedSerializationConstructorAccessor24'

Classes redefined (0 events):
No events

Internal exceptions (20 events):
Event: 27.393 Thread 0x000001bce8915900 Exception <a 'java/lang/ClassNotFoundException'{0x00000000c5957398}: org/springframework/context/support/LiveBeansView> (0x00000000c5957398) 
thrown [s\open\src\hotspot\share\classfile\systemDictionary.cpp, line 256]
Event: 27.393 Thread 0x000001bce8915900 Exception <a 'java/lang/ClassNotFoundException'{0x00000000c5957758}: org/springframework/boot/actuate/endpoint/jmx/EndpointMBean> (0x00000000c5957758) 
thrown [s\open\src\hotspot\share\classfile\systemDictionary.cpp, line 256]
Event: 27.393 Thread 0x000001bce8915900 Exception <a 'java/lang/ClassNotFoundException'{0x00000000c5957b18}: org/springframework/boot/actuate/endpoint/jmx/DataEndpointMBean> (0x00000000c5957b18) 
thrown [s\open\src\hotspot\share\classfile\systemDictionary.cpp, line 256]
Event: 27.393 Thread 0x000001bce8915900 Exception <a 'java/lang/ClassNotFoundException'{0x00000000c5958128}: org/springframework/context/support/LiveBeansView> (0x00000000c5958128) 
thrown [s\open\src\hotspot\share\classfile\systemDictionary.cpp, line 256]
Event: 27.393 Thread 0x000001bce8915900 Exception <a 'java/lang/ClassNotFoundException'{0x00000000c59584d8}: org/springframework/boot/actuate/endpoint/jmx/EndpointMBean> (0x00000000c59584d8) 
thrown [s\open\src\hotspot\share\classfile\systemDictionary.cpp, line 256]
Event: 27.393 Thread 0x000001bce8915900 Exception <a 'java/lang/ClassNotFoundException'{0x00000000c5958888}: org/springframework/boot/actuate/endpoint/jmx/DataEndpointMBean> (0x00000000c5958888) 
thrown [s\open\src\hotspot\share\classfile\systemDictionary.cpp, line 256]
Event: 27.393 Thread 0x000001bce8915900 Exception <a 'java/lang/ClassNotFoundException'{0x00000000c5958c30}: org/springframework/context/support/LiveBeansView> (0x00000000c5958c30) 
thrown [s\open\src\hotspot\share\classfile\systemDictionary.cpp, line 256]
Event: 27.399 Thread 0x000001bce8915900 Exception <a 'java/lang/ClassNotFoundException'{0x00000000c59aae60}: org/springframework/boot/actuate/endpoint/jmx/EndpointMBean> (0x00000000c59aae60) 
thrown [s\open\src\hotspot\share\classfile\systemDictionary.cpp, line 256]
Event: 27.405 Thread 0x000001bce8915900 Exception <a 'java/lang/ClassNotFoundException'{0x00000000c59f8bf8}: org/springframework/boot/actuate/endpoint/jmx/DataEndpointMBean> (0x00000000c59f8bf8) 
thrown [s\open\src\hotspot\share\classfile\systemDictionary.cpp, line 256]
Event: 27.409 Thread 0x000001bce8915900 Exception <a 'java/lang/ClassNotFoundException'{0x00000000c5846c38}: org/springframework/context/support/LiveBeansView> (0x00000000c5846c38) 
thrown [s\open\src\hotspot\share\classfile\systemDictionary.cpp, line 256]
Event: 27.410 Thread 0x000001bce8915900 Exception <a 'java/lang/ClassNotFoundException'{0x00000000c584b458}: org/springframework/boot/actuate/endpoint/jmx/EndpointMBean> (0x00000000c584b458) 
thrown [s\open\src\hotspot\share\classfile\systemDictionary.cpp, line 256]
Event: 27.410 Thread 0x000001bce8915900 Exception <a 'java/lang/ClassNotFoundException'{0x00000000c584b828}: org/springframework/boot/actuate/endpoint/jmx/DataEndpointMBean> (0x00000000c584b828) 
thrown [s\open\src\hotspot\share\classfile\systemDictionary.cpp, line 256]
Event: 27.410 Thread 0x000001bce8915900 Exception <a 'java/lang/ClassNotFoundException'{0x00000000c584bbf0}: org/springframework/context/support/LiveBeansView> (0x00000000c584bbf0) 
thrown [s\open\src\hotspot\share\classfile\systemDictionary.cpp, line 256]
Event: 27.410 Thread 0x000001bce8915900 Exception <a 'java/lang/ClassNotFoundException'{0x00000000c584bfa8}: org/springframework/boot/actuate/endpoint/jmx/EndpointMBean> (0x00000000c584bfa8) 
thrown [s\open\src\hotspot\share\classfile\systemDictionary.cpp, line 256]
Event: 27.410 Thread 0x000001bce8915900 Exception <a 'java/lang/ClassNotFoundException'{0x00000000c584c360}: org/springframework/boot/actuate/endpoint/jmx/DataEndpointMBean> (0x00000000c584c360) 
thrown [s\open\src\hotspot\share\classfile\systemDictionary.cpp, line 256]
Event: 27.410 Thread 0x000001bce8915900 Exception <a 'java/lang/ClassNotFoundException'{0x00000000c584c978}: org/springframework/context/support/LiveBeansView> (0x00000000c584c978) 
thrown [s\open\src\hotspot\share\classfile\systemDictionary.cpp, line 256]
Event: 27.410 Thread 0x000001bce8915900 Exception <a 'java/lang/ClassNotFoundException'{0x00000000c584cd30}: org/springframework/boot/actuate/endpoint/jmx/EndpointMBean> (0x00000000c584cd30) 
thrown [s\open\src\hotspot\share\classfile\systemDictionary.cpp, line 256]
Event: 27.410 Thread 0x000001bce8915900 Exception <a 'java/lang/ClassNotFoundException'{0x00000000c584d0e8}: org/springframework/boot/actuate/endpoint/jmx/DataEndpointMBean> (0x00000000c584d0e8) 
thrown [s\open\src\hotspot\share\classfile\systemDictionary.cpp, line 256]
Event: 27.410 Thread 0x000001bce8915900 Exception <a 'java/lang/ClassNotFoundException'{0x00000000c584d498}: org/springframework/context/support/LiveBeansView> (0x00000000c584d498) 
thrown [s\open\src\hotspot\share\classfile\systemDictionary.cpp, line 256]
Event: 27.419 Thread 0x000001bce8915900 Exception <a 'java/lang/NoSuchMethodError'{0x00000000c587a020}: 'double java.lang.invoke.DirectMethodHandle$Holder.invokeInterface(java.lang.Object, java.lang.Object)'> (0x00000000c587a020) 
thrown [s\open\src\hotspot\share\interpreter\linkResolver.cpp, line 759]

VM Operations (20 events):
Event: 26.019 Executing VM operation: HandshakeAllThreads
Event: 26.019 Executing VM operation: HandshakeAllThreads done
Event: 26.083 Executing VM operation: HandshakeAllThreads
Event: 26.083 Executing VM operation: HandshakeAllThreads done
Event: 26.278 Executing VM operation: ICBufferFull
Event: 26.279 Executing VM operation: ICBufferFull done
Event: 26.566 Executing VM operation: HandshakeAllThreads
Event: 26.566 Executing VM operation: HandshakeAllThreads done
Event: 26.600 Executing VM operation: HandshakeAllThreads
Event: 26.601 Executing VM operation: HandshakeAllThreads done
Event: 26.617 Executing VM operation: G1CollectForAllocation
Event: 26.630 Executing VM operation: G1CollectForAllocation done
Event: 26.832 Executing VM operation: HandshakeAllThreads
Event: 26.832 Executing VM operation: HandshakeAllThreads done
Event: 26.840 Executing VM operation: HandshakeAllThreads
Event: 26.857 Executing VM operation: HandshakeAllThreads done
Event: 27.120 Executing VM operation: HandshakeAllThreads
Event: 27.120 Executing VM operation: HandshakeAllThreads done
Event: 28.121 Executing VM operation: Cleanup
Event: 28.121 Executing VM operation: Cleanup done

Events (20 events):
Event: 26.925 loading class com/sun/beans/util/Cache done
Event: 26.925 loading class com/sun/beans/introspect/ClassInfo$1 done
Event: 26.925 loading class com/sun/beans/util/Cache$Kind
Event: 26.926 loading class com/sun/beans/util/Cache$Kind done
Event: 26.926 loading class com/sun/beans/util/Cache$Kind$1
Event: 26.926 loading class com/sun/beans/util/Cache$Kind$1 done
Event: 26.926 loading class com/sun/beans/util/Cache$Kind$2
Event: 26.927 loading class com/sun/beans/util/Cache$Kind$2 done
Event: 26.927 loading class com/sun/beans/util/Cache$Kind$3
Event: 26.927 loading class com/sun/beans/util/Cache$Kind$3 done
Event: 26.927 loading class com/sun/beans/util/Cache$CacheEntry
Event: 26.927 loading class com/sun/beans/util/Cache$CacheEntry done
Event: 26.928 Thread 0x000001bce8907dc0 Thread exited: 0x000001bce8907dc0
Event: 26.928 Thread 0x000001bcc7eabd20 Thread exited: 0x000001bcc7eabd20
Event: 26.928 Thread 0x000001bce94e51e0 Thread added: 0x000001bce94e51e0
Event: 27.108 loading class java/util/AbstractMap$SimpleEntry
Event: 27.108 loading class java/util/AbstractMap$SimpleEntry done
Event: 27.209 loading class jdk/internal/vm/annotation/ForceInline
Event: 27.209 loading class jdk/internal/vm/annotation/ForceInline done
Event: 27.244 Thread 0x000001bce8907dc0 Thread added: 0x000001bce8907dc0


Dynamic libraries:
0x00007ff6c5890000 - 0x00007ff6c58a0000 	C:\Program Files\Java\jdk-17\bin\java.exe
0x00007ffaa1f40000 - 0x00007ffaa2149000 	C:\Windows\SYSTEM32\ntdll.dll
0x00007ffaa07a0000 - 0x00007ffaa085d000 	C:\Windows\System32\KERNEL32.DLL
0x00007ffa9f470000 - 0x00007ffa9f7f4000 	C:\Windows\System32\KERNELBASE.dll
0x00007ffa9fa90000 - 0x00007ffa9fba1000 	C:\Windows\System32\ucrtbase.dll
0x00007ffa61450000 - 0x00007ffa61469000 	C:\Program Files\Java\jdk-17\bin\jli.dll
0x00007ffaa1e10000 - 0x00007ffaa1ebe000 	C:\Windows\System32\ADVAPI32.dll
0x00007ffaa03f0000 - 0x00007ffaa0493000 	C:\Windows\System32\msvcrt.dll
0x00007ffaa1ad0000 - 0x00007ffaa1b6e000 	C:\Windows\System32\sechost.dll
0x00007ffaa1960000 - 0x00007ffaa1a81000 	C:\Windows\System32\RPCRT4.dll
0x00007ffa610d0000 - 0x00007ffa610eb000 	C:\Program Files\Java\jdk-17\bin\VCRUNTIME140.dll
0x00007ffaa1be0000 - 0x00007ffaa1d8d000 	C:\Windows\System32\USER32.dll
0x00007ffa9f800000 - 0x00007ffa9f826000 	C:\Windows\System32\win32u.dll
0x00007ffaa1ec0000 - 0x00007ffaa1eea000 	C:\Windows\System32\GDI32.dll
0x00007ffa9f830000 - 0x00007ffa9f94e000 	C:\Windows\System32\gdi32full.dll
0x00007ffa9f3d0000 - 0x00007ffa9f46d000 	C:\Windows\System32\msvcp_win.dll
0x00007ffa9e530000 - 0x00007ffa9e7d5000 	C:\Windows\WinSxS\amd64_microsoft.windows.common-controls_6595b64144ccf1df_6.0.22000.120_none_9d947278b86cc467\COMCTL32.dll
0x00007ffa9ef40000 - 0x00007ffa9ef4a000 	C:\Windows\SYSTEM32\VERSION.dll
0x00007ffaa1a90000 - 0x00007ffaa1ac1000 	C:\Windows\System32\IMM32.DLL
0x0000000066c60000 - 0x0000000066c6c000 	C:\Program Files (x86)\360\Total Security\safemon\SafeWrapper.dll
0x00007ffa4bd10000 - 0x00007ffa4bda2000 	C:\Program Files (x86)\360\Total Security\safemon\libzdtp64.dll
0x00007ffaa0e50000 - 0x00007ffaa1615000 	C:\Windows\System32\SHELL32.dll
0x00007ffaa1720000 - 0x00007ffaa177d000 	C:\Windows\System32\SHLWAPI.dll
0x00007ffa8a6c0000 - 0x00007ffa8a6cc000 	C:\Program Files\Java\jdk-17\bin\vcruntime140_1.dll
0x00007ffa4cad0000 - 0x00007ffa4cb5e000 	C:\Program Files\Java\jdk-17\bin\msvcp140.dll
0x00007ffa11b10000 - 0x00007ffa126f1000 	C:\Program Files\Java\jdk-17\bin\server\jvm.dll
0x00007ffaa1950000 - 0x00007ffaa1958000 	C:\Windows\System32\PSAPI.DLL
0x00007ffa884b0000 - 0x00007ffa884b9000 	C:\Windows\SYSTEM32\WSOCK32.dll
0x00007ffa8e5f0000 - 0x00007ffa8e623000 	C:\Windows\SYSTEM32\WINMM.dll
0x00007ffaa0dc0000 - 0x00007ffaa0e2f000 	C:\Windows\System32\WS2_32.dll
0x00007ffa9d510000 - 0x00007ffa9d528000 	C:\Windows\SYSTEM32\kernel.appcore.dll
0x00007ffa7ff20000 - 0x00007ffa7ff2a000 	C:\Program Files\Java\jdk-17\bin\jimage.dll
0x00007ffa9ec00000 - 0x00007ffa9ee21000 	C:\Windows\SYSTEM32\DBGHELP.DLL
0x00007ffa9e900000 - 0x00007ffa9e931000 	C:\Windows\SYSTEM32\dbgcore.DLL
0x00007ffa9fa10000 - 0x00007ffa9fa8f000 	C:\Windows\System32\bcryptPrimitives.dll
0x00007ffa60540000 - 0x00007ffa60565000 	C:\Program Files\Java\jdk-17\bin\java.dll
0x00007ffa4c1e0000 - 0x00007ffa4c2b7000 	C:\Program Files\Java\jdk-17\bin\jsvml.dll
0x00007ffa9c570000 - 0x00007ffa9cdd2000 	C:\Windows\SYSTEM32\windows.storage.dll
0x00007ffaa08a0000 - 0x00007ffaa0c16000 	C:\Windows\System32\combase.dll
0x00007ffa9c400000 - 0x00007ffa9c567000 	C:\Windows\SYSTEM32\wintypes.dll
0x00007ffaa0210000 - 0x00007ffaa02fa000 	C:\Windows\System32\SHCORE.dll
0x00007ffa9f300000 - 0x00007ffa9f325000 	C:\Windows\SYSTEM32\profapi.dll
0x00007ffa605f0000 - 0x00007ffa60609000 	C:\Program Files\Java\jdk-17\bin\net.dll
0x00007ffa97900000 - 0x00007ffa97a14000 	C:\Windows\SYSTEM32\WINHTTP.dll
0x00007ffa9e170000 - 0x00007ffa9e1d7000 	C:\Windows\system32\mswsock.dll
0x00007ffa5fed0000 - 0x00007ffa5fee6000 	C:\Program Files\Java\jdk-17\bin\nio.dll
0x00007ffa5eee0000 - 0x00007ffa5eef8000 	C:\Program Files\Java\jdk-17\bin\zip.dll
0x00007ffa9d060000 - 0x00007ffa9d147000 	C:\Windows\SYSTEM32\DNSAPI.dll
0x00007ffa9d030000 - 0x00007ffa9d05d000 	C:\Windows\SYSTEM32\IPHLPAPI.DLL
0x00007ffaa0e30000 - 0x00007ffaa0e39000 	C:\Windows\System32\NSI.dll
0x0000000066930000 - 0x0000000066956000 	C:\Program Files\Bonjour\mdnsNSP.dll
0x00007ffa8c430000 - 0x00007ffa8c43a000 	C:\Windows\System32\rasadhlp.dll
0x00007ffa94670000 - 0x00007ffa946f1000 	C:\Windows\System32\fwpuclnt.dll
0x00007ffa7d070000 - 0x00007ffa7d07a000 	C:\Program Files\Java\jdk-17\bin\management.dll
0x00007ffa7c160000 - 0x00007ffa7c16b000 	C:\Program Files\Java\jdk-17\bin\management_ext.dll
0x00007ffa9ef10000 - 0x00007ffa9ef28000 	C:\Windows\SYSTEM32\CRYPTSP.dll
0x00007ffa9d470000 - 0x00007ffa9d4a5000 	C:\Windows\system32\rsaenh.dll
0x00007ffa9e440000 - 0x00007ffa9e46c000 	C:\Windows\SYSTEM32\USERENV.dll
0x00007ffa9ea00000 - 0x00007ffa9ea27000 	C:\Windows\SYSTEM32\bcrypt.dll
0x00007ffa9e470000 - 0x00007ffa9e47c000 	C:\Windows\SYSTEM32\CRYPTBASE.dll
0x00007ffa98250000 - 0x00007ffa98269000 	C:\Windows\SYSTEM32\dhcpcsvc6.DLL
0x00007ffa98630000 - 0x00007ffa9864e000 	C:\Windows\SYSTEM32\dhcpcsvc.DLL
0x00007ffa9a4b0000 - 0x00007ffa9a4c0000 	C:\Program Files\Java\jdk-17\bin\verify.dll
0x00007ffa7aeb0000 - 0x00007ffa7aebe000 	C:\Program Files\Java\jdk-17\bin\sunmscapi.dll
0x00007ffa9fbb0000 - 0x00007ffa9fd12000 	C:\Windows\System32\CRYPT32.dll
0x00007ffa9e7e0000 - 0x00007ffa9e808000 	C:\Windows\SYSTEM32\ncrypt.dll
0x00007ffa9e4f0000 - 0x00007ffa9e527000 	C:\Windows\SYSTEM32\NTASN1.dll
0x00007ffa7ad60000 - 0x00007ffa7ad68000 	C:\Windows\system32\wshunix.dll

dbghelp: loaded successfully - version: 4.0.5 - missing functions: none
symbol engine: initialized successfully - sym options: 0x614 - pdb path: .;C:\Program Files\Java\jdk-17\bin;C:\Windows\SYSTEM32;C:\Windows\WinSxS\amd64_microsoft.windows.common-controls_6595b64144ccf1df_6.0.22000.120_none_9d947278b86cc467;C:\Program Files (x86)\360\Total Security\safemon;C:\Program Files\Java\jdk-17\bin\server;C:\Program Files\Bonjour

VM Arguments:
jvm_args: -XX:+ShowCodeDetailsInExceptionMessages -Dspring.jmx.enabled=true -Dmanagement.endpoints.jmx.exposure.include=* -Dspring.application.admin.enabled=true -Dspring.boot.project.name=demo -Djava.rmi.server.hostname=localhost 
java_command: com.spring.DemoApplication
java_class_path (initial): D:\S5\ROJO\WSCloudITU\target\classes;C:\Users\Hasinjo\.m2\repository\io\jsonwebtoken\jjwt-api\0.11.2\jjwt-api-0.11.2.jar;C:\Users\Hasinjo\.m2\repository\io\jsonwebtoken\jjwt-impl\0.11.2\jjwt-impl-0.11.2.jar;C:\Users\Hasinjo\.m2\repository\io\jsonwebtoken\jjwt-jackson\0.11.2\jjwt-jackson-0.11.2.jar;C:\Users\Hasinjo\.m2\repository\com\fasterxml\jackson\core\jackson-databind\2.14.2\jackson-databind-2.14.2.jar;C:\Users\Hasinjo\.m2\repository\com\fasterxml\jackson\core\jackson-annotations\2.14.2\jackson-annotations-2.14.2.jar;C:\Users\Hasinjo\.m2\repository\com\fasterxml\jackson\core\jackson-core\2.14.2\jackson-core-2.14.2.jar;C:\Users\Hasinjo\.m2\repository\org\postgresql\postgresql\42.5.4\postgresql-42.5.4.jar;C:\Users\Hasinjo\.m2\repository\org\checkerframework\checker-qual\3.5.0\checker-qual-3.5.0.jar;C:\Users\Hasinjo\.m2\repository\org\springframework\boot\spring-boot-starter-actuator\3.0.6\spring-boot-starter-actuator-3.0.6.jar;C:\Users\Hasinjo\.m2\repository\org\springframework\boot\spring-boot-starter\3.0.6\spring-boot-starter-3.0.6.jar;C:\Users\Hasinjo\.m2\repository\org\springframework\boot\spring-boot-starter-logging\3.0.6\spring-boot-starter-logging-3.0.6.jar;C:\Users\Hasinjo\.m2\repository\ch\qos\logback\logback-classic\1.4.7\logback-classic-1.4.7.jar;C:\Users\Hasinjo\.m2\repository\ch\qos\logback\logback-core\1.4.7\logback-core-1.4.7.jar;C:\Users\Hasinjo\.m2\repository\org\apache\logging\log4j\log4j-to-slf4j\2.19.0\log4j-to-slf4j-2.19.0.jar;C:\Users\Hasinjo\.m2\repository\org\apache\logging\log4j\log4j-api\2.19.0\log4j-api-2.19.0.jar;C:\Users\Hasinjo\.m2\repository\org\slf4j\jul-to-slf4j\2.0.7\jul-to-slf4j-2.0.7.jar;C:\Users\Hasinjo\.m2\repository\jakarta\annotation\jakarta.annotation-api\2.1.1\jakarta.annotation-api-2.1.1.jar;C:\Users\Hasinjo\.m2\repository\org\yaml\snakeyaml\1.33\snakeyaml-1.33.jar;C:\Users\Hasinjo\.m2\repository\org\springframework\boot\spring-boot-actuator-autoconfigure\3.0.6\spring-boot-actuator-autoconfigu
Launcher Type: SUN_STANDARD

[Global flags]
     intx CICompilerCount                          = 3                                         {product} {ergonomic}
     uint ConcGCThreads                            = 1                                         {product} {ergonomic}
     uint G1ConcRefinementThreads                  = 4                                         {product} {ergonomic}
   size_t G1HeapRegionSize                         = 1048576                                   {product} {ergonomic}
    uintx GCDrainStackTargetSize                   = 64                                        {product} {ergonomic}
   size_t InitialHeapSize                          = 67108864                                  {product} {ergonomic}
   size_t MarkStackSize                            = 4194304                                   {product} {ergonomic}
   size_t MaxHeapSize                              = 1054867456                                {product} {ergonomic}
   size_t MaxNewSize                               = 632291328                                 {product} {ergonomic}
   size_t MinHeapDeltaBytes                        = 1048576                                   {product} {ergonomic}
   size_t MinHeapSize                              = 8388608                                   {product} {ergonomic}
    uintx NonNMethodCodeHeapSize                   = 5832780                                {pd product} {ergonomic}
    uintx NonProfiledCodeHeapSize                  = 122912730                              {pd product} {ergonomic}
    uintx ProfiledCodeHeapSize                     = 122912730                              {pd product} {ergonomic}
    uintx ReservedCodeCacheSize                    = 251658240                              {pd product} {ergonomic}
     bool SegmentedCodeCache                       = true                                      {product} {ergonomic}
     bool ShowCodeDetailsInExceptionMessages       = true                                   {manageable} {command line}
   size_t SoftMaxHeapSize                          = 1054867456                             {manageable} {ergonomic}
     bool UseCompressedClassPointers               = true                           {product lp64_product} {ergonomic}
     bool UseCompressedOops                        = true                           {product lp64_product} {ergonomic}
     bool UseG1GC                                  = true                                      {product} {ergonomic}
     bool UseLargePagesIndividualAllocation        = false                                  {pd product} {ergonomic}

Logging:
Log output configuration:
 #0: stdout all=warning uptime,level,tags
 #1: stderr all=off uptime,level,tags

Environment Variables:
JAVA_HOME=%C:\Program Files\Java\jdk1.8.0_91\bin
PATH=C:\Program Files\Common Files\Oracle\Java\javapath;C:\Windows\system32;C:\Windows;C:\Windows\System32\Wbem;C:\Windows\System32\WindowsPowerShell\v1.0\;C:\Windows\System32\OpenSSH\;C:\Program Files\Java\jdk1.8.0_91\bin;C:\Users\Hasinjo\Desktop\Projet_servlet\TestFramework\WEB-INF\lib\Framework.jar;D:\server\xamp\php;C:\ProgramData\ComposerSetup\bin;C:\Program Files\nodejs\;C:\Program Files\dotnet\;C:\Users\Hasinjo\Desktop\apache-maven-3.8.8\bin;D:\S5\Naina\Test\dist\Test.jar;C:\Program Files\PostgreSQL\15\bin;D:\t\Programs\opencv\build\java\opencv-3416.jar;C:\Users\Hasinjo\AppData\Local\Microsoft\WindowsApps;C:\Users\Hasinjo\AppData\Local\Programs\Microsoft VS Code\bin;C:\Users\Hasinjo\AppData\Local\GitHubDesktop\bin;C:\Users\Hasinjo\AppData\Roaming\Composer\vendor\bin;C:\Users\Hasinjo\AppData\Roaming\npm;C:\Users\Hasinjo\.dotnet\tools;C:\Users\Hasinjo\Desktop\apache-maven-3.8.8\bin;D:\S5\Naina\Test\dist\Test.jar;C:\Program Files\JetBrains\IntelliJ IDEA 2022.2\bin;;C:\Program Files\PostgreSQL\15\bin;D:\t\Programs\opencv\build\java\opencv-3416.jar;C:\Users\Hasinjo\AppData\Local\Programs\mongosh\;C:\Users\Hasinjo\Downloads\mongodb-atlas-cli_1.14.0_windows_x86_64\bin\;C:\ProgramData\Hasinjo\GitHubDesktop\bin
USERNAME=Hasinjo
LANG=en_US.UTF-8
OS=Windows_NT
PROCESSOR_IDENTIFIER=Intel64 Family 6 Model 78 Stepping 3, GenuineIntel



---------------  S Y S T E M  ---------------

OS:
 Windows 11 , 64 bit Build 22000 (10.0.22000.2538)
OS uptime: 0 days 4:55 hours
Hyper-V role detected

CPU: total 4 (initial active 4) (2 cores per cpu, 2 threads per core) family 6 model 78 stepping 3 microcode 0xd6, cx8, cmov, fxsr, ht, mmx, 3dnowpref, sse, sse2, sse3, ssse3, sse4.1, sse4.2, popcnt, lzcnt, tsc, tscinvbit, avx, avx2, aes, erms, clmul, bmi1, bmi2, adx, fma, vzeroupper, clflush, clflushopt, hv

Memory: 4k page, system-wide physical 4017M (52M free)
TotalPageFile size 13500M (AvailPageFile size 49M)
current process WorkingSet (physical memory assigned to process): 286M, peak: 290M
current process commit charge ("private bytes"): 318M, peak: 322M

vm_info: Java HotSpot(TM) 64-Bit Server VM (17.0.9+11-LTS-201) for windows-amd64 JRE (17.0.9+11-LTS-201), built on Oct 10 2023 23:16:06 by "mach5one" with MS VC++ 17.1 (VS2022)

END.
